WK Sistemas - Demonstração                                              BALANCETE     PERÍODO DE 19/04/24 ATÉ 19/04/24   FOLHA    1
                                                                                                         Data de Emissão : 19/04/24
        NOME                                                    SALDO ANTERIOR          DÉBITOS         CRÉDITOS       SALDO ATUAL


PASSIVO                                                      

  CIRCULANTE                                                 

    FORNECEDORES                                             
      BR Peças e Serviços                                             1.995,00             0,00             0,00          1.995,00 
      Bartô Hidráulica                                                4.000,00             0,00             0,00          4.000,00 
      Casa do Ar p/ Autos                                             2.015,00             0,00             0,00          2.015,00 
      Falcon Vigilância                                                 403,92             0,00             0,00            403,92 
      L&G Contabil                                                    1.500,00             0,00             0,00          1.500,00 
      Locape                                                              0,00             0,00           240,00            240,00 
      MC Gases                                                           90,00             0,00             0,00             90,00 
      Oficina de Molas Bom Jesus                                       (199,00)            0,00             0,00           (199,00)
      Oi Fibra                                                          428,49             0,00             0,00            428,49 
      Pneubom                                                          (455,00)            0,00             0,00           (455,00)
      RCC Recicladora                                                 7.000,00             0,00             0,00          7.000,00 
      Silvia Fardamentos                                              1.000,00             0,00             0,00          1.000,00 
      Vertical Peças                                                      0,00             0,00           315,21            315,21 

    ** Total de FORNECEDORES                                         17.778,41             0,00           555,21         18.333,62 

    SERVIÇOS TERCEIRIZADOS                                   

      CAÇAMBEIROS                                            

        CAÇAMBAS DIVERSAS                                    
          CB Ailton                                                   2.400,00           434,00             0,00          1.966,00 
          CB Clodoaldo "Fofinho"                                        400,00             0,00             0,00            400,00 
          CB Lourenço                                                 1.800,00             0,00             0,00          1.800,00 

          FLORIANO                                           
            CB HVC-1036 Jean                                            157,30           434,00             0,00           (276,70)
            CB JQR-2H64 Nem                                          13.060,00           434,00             0,00         12.626,00 

          ** Total de FLORIANO                                       13.217,30           868,00             0,00         12.349,30 

        ** Total de CAÇAMBAS DIVERSAS                                17.817,30         1.302,00             0,00         16.515,30 

      ** Total de CAÇAMBEIROS                                        17.817,30         1.302,00             0,00         16.515,30 

      OUTROS SERVIÇOS                                        
        Diogo Alves                                                   1.000,00             0,00             0,00          1.000,00 
        João Aprigio                                                 12.500,00             0,00             0,00         12.500,00 
        Regi Demolição                                              (14.374,00)            0,00             0,00        (14.374,00)
        Roberto Pedreiro                                               (680,00)            0,00             0,00           (680,00)
        Samuel Mecânico                                               1.500,00             0,00             0,00          1.500,00 

      ** Total de OUTROS SERVIÇOS                                       (54,00)            0,00             0,00            (54,00)

    ** Total de SERVIÇOS TERCEIRIZADOS                               17.763,30         1.302,00             0,00         16.461,30 

    EMPRESTIMENTOS E FINANCIAMENTOS                          

      BANCOS                                                 
        Bradesco - Caçamba MGS                                          253,23             0,00             0,00            253,23 
        Bradesco - Iveco                                               (232,97)            0,00             0,00           (232,97)

      ** Total de BANCOS                                                 20,26             0,00             0,00             20,26 

      TERCEIROS                                              
        Antonio Jr                                                  122.438,14             0,00             0,00        122.438,14 

      ** Total de TERCEIROS                                         122.438,14             0,00             0,00        122.438,14 

      CARTOES DE CREDITO                                     
        Cartão Inter Jr                                                  82,00             0,00             0,00             82,00 
        Cartão Nem                                                      155,80             0,00             0,00            155,80 
        Hipercard                                                   (12.643,80)            0,00             0,00        (12.643,80)

      ** Total de CARTOES DE CREDITO                                (12.406,00)            0,00             0,00        (12.406,00)

    ** Total de EMPRESTIMENTOS E FINANCIAMENTOS                     110.052,40             0,00             0,00        110.052,40 

    ADIANT. RECEBIDOS                                        

      CLIENTES                                               
        Açomais                                                         650,00             0,00             0,00            650,00 
        BLG Negócios                                                  3.700,00             0,00             0,00          3.700,00 
        Const Santo Antonio                                         120.000,00             0,00             0,00        120.000,00 
        Diogo Sítio                                                  17.000,00             0,00             0,00         17.000,00 
        Domi Construtora                                            110.000,00             0,00             0,00        110.000,00 
        Eletron Watts                                                 8.000,00             0,00             0,00          8.000,00 
        JMA                                                           1.000,00             0,00             0,00          1.000,00 
        Max Aurora - Veiga                                           28.930,97             0,00             0,00         28.930,97 
WK Sistemas - Demonstração                                              BALANCETE     PERÍODO DE 19/04/24 ATÉ 19/04/24   FOLHA    2
                                                                                                         Data de Emissão : 19/04/24
        NOME                                                    SALDO ANTERIOR          DÉBITOS         CRÉDITOS       SALDO ATUAL

        Nova Mobi                                                     1.500,00             0,00             0,00          1.500,00 
        Padaria Rosarinho                                            14.000,00             0,00             0,00         14.000,00 
        Parvi segur. Plus Imoveis                                    38.532,88             0,00             0,00         38.532,88 
        Recibom                                                      66.666,66             0,00             0,00         66.666,66 
        Vaga Engenharia                                              15.000,00             0,00             0,00         15.000,00 

      ** Total de CLIENTES                                          424.980,51             0,00             0,00        424.980,51 

    ** Total de ADIANT. RECEBIDOS                                   424.980,51             0,00             0,00        424.980,51 

    IMPOSTOS E TRIBUTOS                                      

      MUNICIPAIS                                             
        CIM - Programação                                            13.021,83             0,00             0,00         13.021,83 
        Foro Olinda - Programação                                       367,17             0,00             0,00            367,17 
        ISS - Programação                                               973,04             0,00             0,00            973,04 

      ** Total de MUNICIPAIS                                         14.362,04             0,00             0,00         14.362,04 

      FEDERAIS                                               
        COFINS - Programação                                            604,12             0,00             0,00            604,12 
        CSLL - Programação                                            2.829,69             0,00             0,00          2.829,69 
        INSS - Programação                                           96.046,00             0,00         1.602,94         97.648,94 
        IRPJ - Programação                                              927,90             0,00             0,00            927,90 
        PIS - Programação                                               130,89             0,00             0,00            130,89 

      ** Total de FEDERAIS                                          100.538,60             0,00         1.602,94        102.141,54 

      ESTADUAIS                                              
        DETRAN - PE                                                   4.904,67             0,00             0,00          4.904,67 
        SEFAZ                                                        24.970,18             0,00             0,00         24.970,18 

      ** Total de ESTADUAIS                                          29.874,85             0,00             0,00         29.874,85 

    ** Total de IMPOSTOS E TRIBUTOS                                 144.775,49             0,00         1.602,94        146.378,43 

    SALARIOS/ PROVENTOS                                      
      Pró-labore - programação                                      (97.625,01)            0,00             0,00        (97.625,01)

    ** Total de SALARIOS/ PROVENTOS                                 (97.625,01)            0,00             0,00        (97.625,01)

  ** Total de CIRCULANTE                                            617.725,10         1.302,00         2.158,15        618.581,25 

** Total de PASSIVO                                                 617.725,10         1.302,00         2.158,15        618.581,25 
