WK Sistemas - Demonstração                                         RAZÄO N.    3              DE 19/03/24 ATÉ 19/03/24    PAG.    1
                                                                                                         Data de Emissão : 24/05/24
  DATA   HISTÓRICO                                     CONTRAPARTIDA   CHAVE            DÉBITO           CRÉDITO             SALDO


           81  1.1.01.02              BANCOS                                  
CONTA:    187  1.1.01.02.01           Banco Itau - Junior                                         
         SALDO ANTERIOR                                                                                                   4.411,93C
19/03/24 Valor  Ref.  Compra  de  carro-pipa  c/  6000 litros
         (Luis Carlos)                                          2721  115932                              200,00          4.611,93C
         Valor Ref. Mantimentos                                 1494  115941                               30,61          4.642,54C
         Valor Ref. Mantimentos                                 1494  115959                               14,00          4.656,54C
         Valor Ref. Mantimentos                                 1494  115967                               77,85          4.734,39C
         Valor Ref. Mantimentos                                 1494  115975                                7,99          4.742,38C
         Valor Ref. Mantimentos                                 1494  115983                               22,50          4.764,88C
         Valor Ref. Mantimentos                                 1494  115991                              123,24          4.888,12C
         Valor Ref. Pagto de 7 Almoços (demolição)              5552  116114                              105,00          4.993,12C
         Valor Ref. Mantimentos                                 1494  116122                               21,30          5.014,42C
         Valor Ref. Pagto do Uber (Jessica)                     1755  116190                               15,57          5.029,99C
         Valor Ref. Compra de caixas de chocolates              3257  116301                               55,00          5.084,99C
         Valor  Ref.  Pagto  do  almoço  na  obra  (Antonio e
         Floriano)                                              5919  116319                               87,00          5.171,99C
                                                                  TOTAIS =                0,00            760,06          5.171,99C
*******
       **
         **
           **
             **
               **
                 **
                   **
                     **
                       **
                         **
                           **
                             **
                               **
                                 **
                                   **
                                     **
                                       **
                                         **
                                           **
                                             **
                                               **
                                                 **
                                                   **
                                                     **
                                                       **
                                                         **
                                                           **
                                                             **
                                                               **
                                                                 **
                                                                   **
                                                                     **
                                                                       **
                                                                         **
                                                                           **
                                                                             **
                                                                               **
                                                                                 **
                                                                                   **
                                                                                     **
                                                                                       **
                                                                                         **
                                                                                           **
                                                                                             **
                                                                                               **
                                                                                                 **
                                                                                                   **
                                                                                                     **
                                                                                                       **
                                                                                                         **
                                                                                                           **
                                                                                                             **
                                                                                                               **
                                                                                                                 **
                                                                                                                   **
                                                                                                                     **
                                                                                                                       **
                                                                                                                         **
                                                                                                                           **
                                                                                                                             *******
