WK Sistemas - Demonstração                                              BALANCETE     PERÍODO DE 17/01/23 ATÉ 17/01/23   FOLHA    1
                                                                                                         Data de Emissão : 17/01/23
        NOME                                                    SALDO ANTERIOR          DÉBITOS         CRÉDITOS       SALDO ATUAL


ATIVO                                                        

  CIRCULANTE                                                 

    DISPONIVEL                                               

      CAIXA                                                  
        Caixa Elza                                                       62,50             0,00            10,00             52,50 

      ** Total de CAIXA                                                  62,50             0,00            10,00             52,50 

      BANCOS                                                 
        Banco Bradesco                                                    4,48        13.000,00        12.989,66             14,82 
        Banco Itau - Junior                                           9.800,31        10.680,00        13.970,88          6.509,43 

      ** Total de BANCOS                                              9.804,79        23.680,00        26.960,54          6.524,25 

    ** Total de DISPONIVEL                                            9.867,29        23.680,00        26.970,54          6.576,75 

  ** Total de CIRCULANTE                                              9.867,29        23.680,00        26.970,54          6.576,75 

  REALIZADO A CURTO PRAZO                                    

    DUPLICATAS A RECEBER                                     
      Breno Campos                                                        0,00         1.483,32             0,00          1.483,32 
      Eletron Watts                                                  13.000,00             0,00        13.000,00              0,00 

    ** Total de DUPLICATAS A RECEBER                                 13.000,00         1.483,32        13.000,00          1.483,32 

  ** Total de REALIZADO A CURTO PRAZO                                13.000,00         1.483,32        13.000,00          1.483,32 

  IMOBILIZADO                                                

    MOVEIS E UTENSILIOS                                      
      Ar Condicionados                                                1.000,00             0,00             0,00          1.000,00 

    ** Total de MOVEIS E UTENSILIOS                                   1.000,00             0,00             0,00          1.000,00 

  ** Total de IMOBILIZADO                                             1.000,00             0,00             0,00          1.000,00 

** Total de ATIVO                                                    23.867,29        25.163,32        39.970,54          9.060,07 
