WK Sistemas - Demonstração                                         RAZÄO N.    3              DE 01/03/24 ATÉ 05/04/24    PAG.    1
                                                                                                         Data de Emissão : 06/04/24
  DATA   HISTÓRICO                                     CONTRAPARTIDA   CHAVE            DÉBITO           CRÉDITO             SALDO


         5316  2.1.02.01.01           CAÇAMBAS DIVERSAS                       
CONTA:   1130  2.1.02.01.01.01        CB HVC-1036 Jean                                            
         SALDO ANTERIOR                                                                                                  13.923,50C
01/03/24 Valor  Ref.  Abastec. RE04, HVC1036 e JQR2H64 ma APR
         Combustiveis - 21/02/24                                      111732            900,16                           13.023,34C
         Valor Ref. 1 diária (CB Jean) - Baptista Leal (Cabo)   6021  114022                              800,00         13.823,34C
02/03/24 Valor Ref. 1 diária (CB Jean) - Baptista Leal (Cabo)   6021  114057                              800,00         14.623,34C
04/03/24 Valor Ref. Pagto produção (CB Jean)                     187  112135         11.623,50                            2.999,84C
         Valor Ref. 1 diária (CB Jean) - Baptista Leal (Cabo)   6021  115096                              800,00          3.799,84C
05/03/24 Valor Ref. 1 diária (CB Jean) - Baptista Leal (Cabo)   6021  115134                              800,00          4.599,84C
06/03/24 Valor Ref. 1 diária (CB Jean) - Baptista Leal (Cabo)   6021  115185                              800,00          5.399,84C
07/03/24 Valor  Ref.  3  V  x  R$  220  (CB Jean) - Leo Reloc
         (Master Boi)                                           6327  115223                              660,00          6.059,84C
08/03/24 Valor  Ref.  3  V  x  R$  220  (CB Jean) - Leo Reloc
         (Master Boi)                                           6327  115258                              660,00          6.719,84C
12/03/24 Valor  Ref. 1 V x R$ 200 (CB Jean) - Construtora Fox
         (Guilherme)                                            6267  115304                              200,00          6.919,84C
13/03/24 Valor  Ref.  4  V x R$ 220 (CB Jean) - Breno (Nestor
         Moreira)                                               6311  115339                              880,00          7.799,84C
14/03/24 Valor  Ref.  1  V x R$ 220 (CB Jean) - Breno (Nestor
         Moreira)                                               6311  115401                              220,00          8.019,84C
15/03/24 Valor  Ref.  4  V x R$ 220 (CB Jean) - Breno (Nestor
         Moreira)                                               6311  115436                              880,00          8.899,84C
16/03/24 Valor  Ref.  2 V x R$ 220 e 1 V x R$ 200 (CB Jean) -
         Padaria (Rosarinho)                                    6280  115495                              640,00          9.539,84C
         Valor Ref. 3 V x R$ 200 (CB Jean) - Monteplan          6126  115517                              600,00         10.139,84C
17/03/24 Valor Ref. 2 V x R$ 200 (CB Jean) - Monteplan          6126  115541                              400,00         10.539,84C
18/03/24 Valor  Ref.  3  V  X  R$  220  AGR (CB Jean) - Breno
         (Nestor)                                               6311  117692                              660,00         11.199,84C
19/03/24 Valor  Ref.  Desconto  (Jean)  Rastreamento  EMLURB.
         venc. 19/02/24                                         3241  117358            369,50                           10.830,34C
         Valor  Ref.  5  V  X  R$  220  AGR (CB Jean) - Breno
         (Nestor)                                               6311  117731                            1.100,00         11.930,34C
20/03/24 Valor  Ref.  4  V  X  R$  220  AGR (CB Jean) - Breno
         (Nestor)                                               6311  117765                              880,00         12.810,34C
21/03/24 Valor  Ref.  Abastec.  JQR2H64, HVC1036, RE03, RE01,
         RE04,  Moto  na  APR  Combust  c/  as  NFCs  123603,
         123600,   123490,   123983,206676,,123606   -  16  e
         17/03/24                                                     116581            960,00                           11.850,34C
         Valor  Ref.  3  V  X  R$  220  AGR (CB Jean) - Reloc
         (Tecla)                                                6356  117676                              660,00         12.510,34C
22/03/24 Valor  Ref.  Serviço de recapagem e conserto de pneu
         na Dafonte Pneus c/ a NFSe 121942 - 4/4                       79707            207,50                           12.302,84C
         Valor  Ref.  5  V  X  R$  220  AGR (CB Jean) - Reloc
         (Tecla)                                                6356  117650                            1.100,00         13.402,84C
23/03/24 Valor  Ref.  3  V X R$ 200 BF (CB Jean) - Contrel (7
         de setembro)                                           6333  117846                              600,00         14.002,84C
24/03/24 Valor  Ref.  5  V X R$ 200 BF (CB Jean) - Contrel (7
         de setembro)                                           6333  117862                            1.000,00         15.002,84C
25/03/24 Valor  Ref.  4  V  X  R$  220  AGR (CB Jean) - Reloc
         (Tecla)                                                6356  117897                              880,00         15.882,84C
26/03/24 Valor   Ref.  Abastec.  Nivus,  RE01,  Iveco,  RE03,
         HVC1036,  JQR2h64  e RE04 na APR Combust c/ as NFCs:
         126228,  126302,  126257,  126238, 126233 e 126240 -
         22/03/24                                                     118117            922,00                           14.960,84C
         Valor Ref. Pagto produção (CB Jean)                     187  118150         13.402,84                            1.558,00C
         Valor Ref. Prod. CB Nem 02x220 Breno Varzea            2418  120791                              440,00          1.998,00C
27/03/24 Valor Ref. Prod. CB Nem 01x220 Breno Varzea            2418  120774                              220,00          2.218,00C
30/03/24 Valor Ref. Prod. CB Nem 01x220 Contrel                 6333  120731                              220,00          2.438,00C
03/04/24 Valor Ref. Despesas c/ Uber                                  120260             40,00                            2.398,00C
                                                                  TOTAIS =           28.425,50         16.900,00          2.398,00C
WK Sistemas - Demonstração                                         RAZÄO N.    3              DE 01/03/24 ATÉ 05/04/24    PAG.    2
                                                                                                         Data de Emissão : 06/04/24
  DATA   HISTÓRICO                                     CONTRAPARTIDA   CHAVE            DÉBITO           CRÉDITO             SALDO


         5316  2.1.02.01.01           CAÇAMBAS DIVERSAS                       
CONTA:   5322  2.1.02.01.01.01        CB JQR-2H64 Nem                                             
         SALDO ANTERIOR                                                                                                   5.296,79C
01/03/24 Valor  Ref.  Abastec. RE04, HVC1036 e JQR2H64 ma APR
         Combustiveis - 21/02/24                                      111741            760,09                            4.536,70C
         Valor  Ref.  Abastec.RE01,   RE04, JQR2H64 e EH01 ma
         APR Combustiveis - 29/02/24                                  111783          1.053,32                            3.483,38C
         Valor Ref. 1 diária (CB Nem) - Baptista Leal (Cabo)    6021  114031                              800,00          4.283,38C
02/03/24 Valor Ref. 1 diária (CB Nem) - Baptista Leal (Cabo)    6021  114065                              800,00          5.083,38C
04/03/24 Valor Ref. Pagto produção (CB Nem)                      187  112143          5.296,79                              213,41D
         Valor Ref. 1 diária (CB Nem) - Baptista Leal (Cabo)    6021  115088                              800,00            586,59C
05/03/24 Valor Ref. 1 diária (CB Nem) - Baptista Leal (Cabo)    6021  115126                              800,00          1.386,59C
06/03/24 Valor Ref. 1 diária (CB Nem) - Baptista Leal (Cabo)    6021  115177                              800,00          2.186,59C
07/03/24 Valor Ref. 1 diária (CB Nem) - Baptista Leal (Cabo)    6021  115215                              800,00          2.986,59C
08/03/24 Valor  Ref.  3  V  x  R$  220  (CB  Nem) - Leo Reloc
         (Master Boi)                                           6327  115240                              660,00          3.646,59C
09/03/24 Valor  Ref.  1  V  x  R$  220  (CB  Nem) - Leo Reloc
         (Master Boi)                                           6327  115274                              220,00          3.866,59C
12/03/24 Valor  Ref.  1 V x R$ 200 (CB Nem) - Construtora Fox
         (Guilherme)                                            6267  115291                              200,00          4.066,59C
13/03/24 Valor  Ref.  3  V  x R$ 220 (CB Nem) - Breno (Nestor
         Moreira)                                               6311  115321                              660,00          4.726,59C
14/03/24 Valor  Ref. 1 V x R$ 200 (CB Nem) - Dalla Nora (Flor
         de Santana)                                             320  115355                              200,00          4.926,59C
         Valor  Ref.  1  V  x R$ 220 (CB Nem) - Breno (Nestor
         Moreira)                                               6311  115398                              220,00          5.146,59C
15/03/24 Valor  Ref.  4  V  x R$ 220 (CB Nem) - Breno (Nestor
         Moreira)                                               6311  115428                              880,00          6.026,59C
16/03/24 Valor  Ref.  2  V x R$ 220 e 1 V x R$ 200 (CB Nem) -
         Padaria (Rosarinho)                                    6280  115479                              640,00          6.666,59C
         Valor Ref. 1 V x R$ 200 (CB Nem) - Monteplan           6126  115509                              200,00          6.866,59C
17/03/24 Valor Ref. 1 V x R$ 200 (CB Nem) - Monteplan           6126  115533                              200,00          7.066,59C
18/03/24 Valor  Ref.  3  V  X  R$  220  AGR  (CB Nem) - Breno
         (Nestor)                                               6311  117684                              660,00          7.726,59C
19/03/24 Valor   Ref.  Desconto  (Nem)  Rastreamento  EMLURB.
         venc. 19/02/24                                         3241  107921            369,50                            7.357,09C
         Valor  Ref.  5  V  X  R$  220  AGR  (CB Nem) - Breno
         (Nestor)                                               6311  117722                            1.100,00          8.457,09C
20/03/24 Valor  Ref.  5  V  X  R$  220  AGR  (CB Nem) - Breno
         (Nestor)                                               6311  117773                            1.100,00          9.557,09C
21/03/24 Valor  Ref.  Abastec.  JQR2H64, HVC1036, RE03, RE01,
         RE04,  Moto  na  APR  Combust  c/  as  NFCs  123603,
         123600,   123490,   123983,206676,,123606   -  16  e
         17/03/24                                                     116572          1.020,00                            8.537,09C
         Valor Ref. 5 V X R$ 220 AGR (CB Nem) - Reloc (Tecla)   6356  117668                            1.100,00          9.637,09C
22/03/24 Valor Ref. 4 V X R$ 220 AGR (CB Nem) - Reloc (Tecla)   6356  117641                              880,00         10.517,09C
23/03/24 Valor  Ref. 2 V X R$ 200 BF (CB Nem) - Contrel (7 de
         setembro)                                              6333  117838                              400,00         10.917,09C
24/03/24 Valor  Ref. 5 V X R$ 200 BF (CB Nem) - Contrel (7 de
         setembro)                                              6333  117854                            1.000,00         11.917,09C
25/03/24 Valor Ref. 4 V X R$ 220 AGR (CB Nem) - Reloc (Tecla)   6356  117889                              880,00         12.797,09C
26/03/24 Valor   Ref.  Abastec.  Nivus,  RE01,  Iveco,  RE03,
         HVC1036,  JQR2h64  e RE04 na APR Combust c/ as NFCs:
         126228,  126302,  126257,  126238, 126233 e 126240 -
         22/03/24                                                     118125            994,19                           11.802,90C
         Valor Ref. Prod. CB Nem 03x220 Breno Varzea            2418  120812                              660,00         12.462,90C
27/03/24 Valor Ref. Prod. CB Nem 03x220 Breno Varzea            2418  120782                              660,00         13.122,90C
28/03/24 Valor Ref. Pagto produção (CB Nem)                      187  118702         10.517,09                            2.605,81C
         Valor Ref. Prod. CB Nem 05x220 Leo Tecla               6356  120758                            1.100,00          3.705,81C
30/03/24 Valor Ref. Prod. CB Nem 02x220 Contrel                 6333  120723                              440,00          4.145,81C
31/03/24 Valor Ref. Prod. CB Nem. 05x220 Contrel                6333  120707                            1.100,00          5.245,81C
                                                                  TOTAIS =           20.010,98         19.960,00          5.245,81C
********************************************
                                            **
                                              **
                                                **
                                                  **
                                                    **
                                                      **
                                                        **
                                                          **
                                                            **
                                                              **
                                                                **
                                                                  **
                                                                    **
                                                                      **
                                                                        **
                                                                          **
                                                                            **
                                                                              **
                                                                                **
                                                                                  **
                                                                                    **
                                                                                      **
                                                                                        ********************************************
