WK Sistemas - Demonstração                                         RAZÄO N.    3              DE 01/01/24 ATÉ 19/08/24    PAG.    1
                                                                                                         Data de Emissão : 20/08/24
  DATA   HISTÓRICO                                     CONTRAPARTIDA   CHAVE            DÉBITO           CRÉDITO             SALDO


         2803  2.1.05.03              ESTADUAIS                               
CONTA:    796  2.1.05.03.01           DETRAN - PE                                                 
         SALDO ANTERIOR                                                                                                   1.654,85D
04/01/24 Valor Ref. Tx. Licenc.2021 a 2022 - NXW5914            3228    7137                              227,53          1.427,32D
07/02/24 Valor Ref. Tx. Bombeiros e Licenc. 2024 - PET5522      3205   95818                              270,85          1.156,47D
         Valor Ref. Tx. IPVA 2024 (PET5522) - 1/10              3205   95826                              160,78            995,69D
         Valor  Ref.  Tx.  Bombeiros e Licenc. 2024 - KGY8621
         (Vectra)                                               2721   96211                              192,35            803,34D
         Valor Ref. Tx. IPVA 2024 - KGY8621 (Vectra)            2721   96229                              120,60            682,74D
         Valor Ref. Pagto Tx. IPVA 2024 (PET5522) - 1/10         187  105082            160,78                              843,52D
         Valor  Ref.  Pagto  Tx.  Bombeiros  e Licenc. 2024 -
         PET5522                                                 187  105091            270,85                            1.114,37D
         Valor  Ref.  Pagto  Tx.  Bombeiros  e Licenc. 2024 -
         KGY8621 (Vectra)                                        187  105104            192,35                            1.306,72D
         Valor Ref. Pagto Tx. IPVA 2024 - KGY8621 (Vectra)       187  105112            120,60                            1.427,32D
15/02/24 Valor Ref. Tx. Licenc.2024 - NXW5914                   3228   95940                              132,53          1.294,79D
         Valor Ref. Tx. Licenc. 2024 - PFA1096                  3211   96091                              132,53          1.162,26D
         Valor Ref. Tx. Bombeiros 2024 - PFA1096                3211   96105                              138,32          1.023,94D
         Valor Ref. Tx. IPVA 2024 (PFA1096) - 1/10              3211   96113                              170,14            853,80D
         Valor  Ref.  Tx.  Bombeiros e Licenc. 2024 - SNS6B74
         (Nivus)                                                5747   96237                              192,35            661,45D
         Valor Ref. Tx. IPVA 2024 (SNS6B74) - 1/10              5747   96245                              298,51            362,94D
         Valor   Ref.   Taxas  de  Licenc  e  Bombeiros  2024
         (Classic)                                              2721  103179                              192,35            170,59D
         Valor Ref. Taxa IPVA 2024 (Classic) - Parc Unica       2721  103187                              431,82            261,23C
         Valor  Ref.  Pagto  Taxa  IPVA 2024 (Classic) - Parc
         Unica                                                   187  106488            431,82                              170,59D
         Valor Ref. Pagto Tx. IPVA 2024 (SNS6B74) - 1/10         187  106496            298,51                              469,10D
         Valor  Ref.  Pagto  Tx.  Bombeiros  e Licenc. 2024 -
         SNS6B74 (Nivus)                                         187  106500            192,35                              661,45D
         Valor  Ref.  Pagto  Taxas de Licenc e Bombeiros 2024
         (Classic)                                               187  106518            192,35                              853,80D
         Valor Ref. Pagto Tx. Bombeiros 2024 - PFA1096           187  106526            138,32                              992,12D
         Valor Ref. Pagto Tx. IPVA 2024 (PFA1096) - 1/10         187  106534            170,14                            1.162,26D
         Valor Ref. Pagto Tx. Licenc.2024 - NXW5914              187  106542            132,53                            1.294,79D
         Valor Ref. Pagto Tx. Licenc. 2024 - PFA1096             187  106551            132,53                            1.427,32D
21/02/24 Valor Ref. Tx. Bombeiros e Licenc. 2024 - NXU6768      3197   95958                              192,35          1.234,97D
         Valor Ref. Tx. IPVA 2024 (NXU6768) - 1/10              3197   95966                               66,24          1.168,73D
         Valor Ref. Pagto Tx. IPVA 2024 (NXU6768) - 1/10         187  108537             66,24                            1.234,97D
         Valor  Ref.  Pagto  Tx.  Bombeiros  e Licenc. 2024 -
         NXU6768                                                 187  108545            192,35                            1.427,32D
05/03/24 Valor Ref. Tx. IPVA 2024 (PET5522) - 2/10              3205   95834                              159,99          1.267,33D
         Valor Ref. Pagto Tx. IPVA 2024 (PET5522) - 2/10         187  112399            159,99                            1.427,32D
11/03/24 Valor Ref. Tx. IPVA 2024 (SNS6B74) - 2/10              5747   96253                              298,51          1.128,81D
14/03/24 Valor Ref. Pagto Tx. IPVA 2024 (SNS6B74) - 2/10              114618            298,51                            1.427,32D
15/03/24 Valor Ref. Tx. IPVA 2024 (PFA1096) - 2/10              3211   96121                              170,14          1.257,18D
         Valor Ref. Pagto Tx. IPVA 2024 (PFA1096) - 2/10         187  114812            170,14                            1.427,32D
20/03/24 Valor Ref. Tx. IPVA 2024 (NXU6768) - 2/10              3197   95974                               66,08          1.361,24D
         Valor Ref. Pagto Tx. IPVA 2024 (NXU6768) - 2/10         187  116386             66,08                            1.427,32D
05/04/24 Valor Ref. Tx. IPVA 2024 (PET5522) - 3/10              3205   95842                              159,99          1.267,33D
         Valor  Ref. Compra de pino haste giro na MJ Peças c/
         a NF 1039                                               187  120863            159,99                            1.427,32D
10/04/24 Valor Ref. Tx. IPVA 2024 (SNS6B74) - 3/10              5747   96261                              298,51          1.128,81D
         Valor Ref. Pagto Tx. IPVA 2024 (SNS6B74) - 3/10         187  122670            298,51                            1.427,32D
15/04/24 Valor Ref. Tx. IPVA 2024 (PFA1096) - 3/10              3211   96130                              170,14          1.257,18D
         Valor Ref. Pagto Tx. IPVA 2024 (PFA1096) - 3/10         187  124192            170,14                            1.427,32D
22/04/24 Valor Ref. Tx. IPVA 2024 (NXU6768) - 3/10              3197   95982                               66,08          1.361,24D
         Valor Ref. Pagto Tx. IPVA 2024 (NXU6768) - 3/10         187  126454             66,08                            1.427,32D
06/05/24 Valor Ref. Tx. IPVA 2024 (PET5522) - 4/10              3205   95851                              159,99          1.267,33D
         Valor Ref. Pagto Tx. IPVA 2024 (PET5522) - 4/10         171  130150            159,99                            1.427,32D
10/05/24 Valor Ref. Tx. IPVA 2024 (SNS6B74) - 4/10              5747   96270                              298,51          1.128,81D
         Valor Ref. Pagto Tx. IPVA 2024 (SNS6B74) - 4/10         187  131148            298,51                            1.427,32D
15/05/24 Valor Ref. Tx. IPVA 2024 (PFA1096) - 4/10              3211   96148                              170,14          1.257,18D
         Valor Ref. Pagto Tx. IPVA 2024 (PFA1096) - 4/10         187  132608            170,14                            1.427,32D
20/05/24 Valor Ref. Tx. IPVA 2024 (NXU6768) - 4/10              3197   95991                               66,08          1.361,24D
21/05/24 Valor Ref. Pagto Tx. IPVA 2024 (NXU6768) - 4/10         187  133884             66,08                            1.427,32D
31/05/24 Valor Ref. Tx. IPVA 2024 (NXU6768) - 5/10              3197   96008                               66,08          1.361,24D
         Valor Ref. Tx. IPVA 2024 (NXU6768) - 6/10              3197   96016                               66,08          1.295,16D
         Valor Ref. Tx. IPVA 2024 (NXU6768) - 7/10              3197   96024                               66,08          1.229,08D
         Valor Ref. Tx. IPVA 2024 (NXU6768) - 8/10              3197   96032                               66,08          1.163,00D
         Valor Ref. Tx. IPVA 2024 (NXU6768) - 9/10              3197   96041                               66,08          1.096,92D
         Valor Ref. Tx. IPVA 2024 (NXU6768) - 10/10             3197   96059                               66,08          1.030,84D
         Valor Ref. Pagto Tx. IPVA 2024 (NXU6768) - 5/10         187  138231             66,08                            1.096,92D
         Valor Ref. Pagto Tx. IPVA 2024 (NXU6768) - 6/10         187  138240             66,08                            1.163,00D
         Valor Ref. Pagto Tx. IPVA 2024 (NXU6768) - 7/10         187  138258             66,08                            1.229,08D
         Valor Ref. Pagto Tx. IPVA 2024 (NXU6768) - 8/10         187  138266             66,08                            1.295,16D
         Valor Ref. Pagto Tx. IPVA 2024 (NXU6768) - 9/10         187  138274             66,08                            1.361,24D
WK Sistemas - Demonstração                                         RAZÄO N.    3              DE 01/01/24 ATÉ 19/08/24    PAG.    2
                                                                                                         Data de Emissão : 20/08/24
  DATA   HISTÓRICO                                     CONTRAPARTIDA   CHAVE            DÉBITO           CRÉDITO             SALDO

         2803  2.1.05.03              ESTADUAIS                               
CONTA:    796  2.1.05.03.01           DETRAN - PE                                                  - continuação
31/05/24 Valor Ref. Pagto Tx. IPVA 2024 (NXU6768) - 10/10        187  138282             66,08                            1.427,32D
05/06/24 Valor Ref. Tx. IPVA 2024 (PET5522) - 5/10              3205   95869                              159,99          1.267,33D
         Valor Ref. Pagto Tx. IPVA 2024 (PET5522) - 5/10         187  139149            159,99                            1.427,32D
10/06/24 Valor Ref. Tx. IPVA 2024 (SNS6B74) - 5/10              5747   96288                              298,51          1.128,81D
         Valor Ref. Pagto Tx. IPVA 2024 (SNS6B74) - 5/10         187  140384            298,51                            1.427,32D
17/06/24 Valor Ref. Tx. IPVA 2024 (PFA1096) - 5/10              3211   96156                              170,14          1.257,18D
         Valor Ref. Pagto Tx. IPVA 2024 (PFA1096) - 5/10         187  143111            170,14                            1.427,32D
05/07/24 Valor Ref. Tx. IPVA 2024 (PET5522) - 6/10              3205   95877                              159,99          1.267,33D
         Valor Ref. Pagto Tx. IPVA 2024 (PET5522) - 6/10         187  147940            159,99                            1.427,32D
10/07/24 Valor Ref. Tx. IPVA 2024 (SNS6B74) - 6/10              5747   96296                              298,51          1.128,81D
         Valor Ref. Pagto Tx. IPVA 2024 (SNS6B74) - 6/10         187  149462            298,51                            1.427,32D
15/07/24 Valor Ref. Tx. IPVA 2024 (PFA1096) - 6/10              3211   96164                              170,14          1.257,18D
         Valor Ref. Pagto Tx. IPVA 2024 (PFA1096) - 6/10         187  150738            170,14                            1.427,32D
05/08/24 Valor Ref. Tx. IPVA 2024 (PET5522) - 7/10              3205   95885                              159,99          1.267,33D
         Valor Ref. Pagto Tx. IPVA 2024 (PET5522) - 7/10         187  155896            159,99                            1.427,32D
12/08/24 Valor Ref. Tx. IPVA 2024 (SNS6B74) - 7/10              5747   96300                              298,51          1.128,81D
         Valor Ref. Pagto Tx. IPVA 2024 (SNS6B74) - 7/10         187  158071            298,51                            1.427,32D
                                                                  TOTAIS =            6.888,14          7.115,67          1.427,32D
********
        **
          **
            **
              **
                **
                  **
                    **
                      **
                        **
                          **
                            **
                              **
                                **
                                  **
                                    **
                                      **
                                        **
                                          **
                                            **
                                              **
                                                **
                                                  **
                                                    **
                                                      **
                                                        **
                                                          **
                                                            **
                                                              **
                                                                **
                                                                  **
                                                                    **
                                                                      **
                                                                        **
                                                                          **
                                                                            **
                                                                              **
                                                                                **
                                                                                  **
                                                                                    **
                                                                                      **
                                                                                        **
                                                                                          **
                                                                                            **
                                                                                              **
                                                                                                **
                                                                                                  **
                                                                                                    **
                                                                                                      **
                                                                                                        **
                                                                                                          **
                                                                                                            **
                                                                                                              **
                                                                                                                **
                                                                                                                  **
                                                                                                                    **
                                                                                                                      **
                                                                                                                        **
                                                                                                                          **
                                                                                                                            ********
