WK Sistemas - Demonstração                                              BALANCETE     PERÍODO DE 28/09/24 ATÉ 30/09/24   FOLHA    1
                                                                                                         Data de Emissão : 30/09/24
        NOME                                                    SALDO ANTERIOR          DÉBITOS         CRÉDITOS       SALDO ATUAL


PASSIVO                                                      

  CIRCULANTE                                                 

    FORNECEDORES                                             
      AGR Ambiental                                                  51.416,34             0,00             0,00         51.416,34 
      AJ Manutenção/ Adriano Sotreq                                   3.375,00             0,00             0,00          3.375,00 
      APR Combustiveis                                               15.185,70             0,00             0,00         15.185,70 
      Armazém Laje Central                                              896,28             0,00             0,00            896,28 
      BR Peças e Serviços                                             1.995,00             0,00             0,00          1.995,00 
      Bartô Hidráulica                                                4.000,00             0,00             0,00          4.000,00 
      Casa do Ar p/ Autos                                             2.015,00             0,00             0,00          2.015,00 
      Dafonte Pneus                                                       0,00             0,00           200,00            200,00 
      Falcon Vigilância                                                 403,92             0,00             0,00            403,92 
      Gráfica Valdemir                                                  500,00             0,00             0,00            500,00 
      Karla Regina ADV                                                    0,00             0,00           240,00            240,00 
      M&J Peças                                                       1.920,00             0,00         1.025,00          2.945,00 
      MC Gases                                                          930,00             0,00             0,00            930,00 
      Normaq JCB                                                          0,00             0,00         3.010,35          3.010,35 
      Oficina Estrela Diesel                                            645,00             0,00             0,00            645,00 
      Oficina de Molas Bom Jesus                                        506,64             0,00             0,00            506,64 
      Oi Fibra                                                           99,76             0,00             0,00             99,76 
      Pneubom                                                           415,00             0,00             0,00            415,00 
      RCC Recicladora                                                15.105,58             0,00             0,00         15.105,58 
      Rediesel                                                            0,00             0,00           183,00            183,00 
      Uninassau                                                           0,00             0,00           149,90            149,90 
      Vertical Peças                                                      0,00             0,00           221,20            221,20 

    ** Total de FORNECEDORES                                         99.409,22             0,00         5.029,45        104.438,67 

    SERVIÇOS TERCEIRIZADOS                                   

      CAÇAMBEIROS                                            

        CAÇAMBAS DIVERSAS                                    
          CB Ailton                                                  15.960,00             0,00             0,00         15.960,00 
          CB Giliard                                                  1.400,00             0,00             0,00          1.400,00 
          CB Gordo                                                    1.600,00             0,00             0,00          1.600,00 
          CB Lourenço                                                 2.490,00             0,00             0,00          2.490,00 

          FLORIANO                                           
            CB HVC-1036 Nem bco                                       7.272,32           183,00             0,00          7.089,32 
            CB JQR-2H64 Nem azul                                     18.631,84             0,00             0,00         18.631,84 

          ** Total de FLORIANO                                       25.904,16           183,00             0,00         25.721,16 

          CB Santos & Lins                                   
            CB Santos Lins JJZ-2H88                                  22.830,00             0,00             0,00         22.830,00 

          ** Total de CB Santos & Lins                               22.830,00             0,00             0,00         22.830,00 

        ** Total de CAÇAMBAS DIVERSAS                                70.184,16           183,00             0,00         70.001,16 

      ** Total de CAÇAMBEIROS                                        70.184,16           183,00             0,00         70.001,16 

      OUTROS SERVIÇOS                                        
        Julione                                                       3.000,00             0,00             0,00          3.000,00 

      ** Total de OUTROS SERVIÇOS                                     3.000,00             0,00             0,00          3.000,00 

    ** Total de SERVIÇOS TERCEIRIZADOS                               73.184,16           183,00             0,00         73.001,16 

    EMPRESTIMENTOS E FINANCIAMENTOS                          

      BANCOS                                                 
        Banco DLL                                                    10.417,09             0,00             0,00         10.417,09 
        Bradesco - Iveco                                               (282,13)            0,00             0,00           (282,13)
        Itaú                                                              0,00             0,00         1.039,49          1.039,49 

      ** Total de BANCOS                                             10.134,96             0,00         1.039,49         11.174,45 

      TERCEIROS                                              
        Antonio Jr                                                  202.637,19             0,00             0,00        202.637,19 
        WR Construções                                               20.000,00             0,00             0,00         20.000,00 

      ** Total de TERCEIROS                                         222.637,19             0,00             0,00        222.637,19 

      CARTOES DE CREDITO                                     
WK Sistemas - Demonstração                                              BALANCETE     PERÍODO DE 28/09/24 ATÉ 30/09/24   FOLHA    2
                                                                                                         Data de Emissão : 30/09/24
        NOME                                                    SALDO ANTERIOR          DÉBITOS         CRÉDITOS       SALDO ATUAL

        Cartão Nem                                                      514,68             0,00             0,00            514,68 
        Hipercard                                                     1.147,53             0,00             0,00          1.147,53 

      ** Total de CARTOES DE CREDITO                                  1.662,21             0,00             0,00          1.662,21 

    ** Total de EMPRESTIMENTOS E FINANCIAMENTOS                     234.434,36             0,00         1.039,49        235.473,85 

    ADIANT. RECEBIDOS                                        

      CLIENTES                                               
        Açomais                                                         650,00             0,00             0,00            650,00 
        BLG Negócios                                                  3.700,00             0,00             0,00          3.700,00 
        CJ Engenharia                                                18.000,00             0,00             0,00         18.000,00 
        Const Santo Antonio                                         120.000,00             0,00             0,00        120.000,00 
        Diogo Sítio                                                  17.000,00             0,00             0,00         17.000,00 
        Domi Construtora                                            110.000,00             0,00             0,00        110.000,00 
        Eletron Watts                                                 8.000,00             0,00             0,00          8.000,00 
        JMA                                                           1.000,00             0,00             0,00          1.000,00 
        Max Aurora - Veiga                                           28.930,97             0,00             0,00         28.930,97 
        Nova Mobi                                                     1.500,00             0,00             0,00          1.500,00 
        Padaria Rosarinho                                            28.000,00             0,00             0,00         28.000,00 
        Parvi segur. Plus Imoveis                                   128.442,42             0,00             0,00        128.442,42 
        Recibom                                                      66.666,66             0,00             0,00         66.666,66 
        Supermix                                                     70.420,36             0,00             0,00         70.420,36 
        São Mateus  - passivo                                        27.628,65             0,00             0,00         27.628,65 
        Vaga Engenharia                                              15.000,00             0,00             0,00         15.000,00 

      ** Total de CLIENTES                                          644.939,06             0,00             0,00        644.939,06 

    ** Total de ADIANT. RECEBIDOS                                   644.939,06             0,00             0,00        644.939,06 

    IMPOSTOS E TRIBUTOS                                      

      MUNICIPAIS                                             
        CIM - Programação                                               323,32             0,00             0,00            323,32 
        Foro Olinda - Programação                                       367,17             0,00             0,00            367,17 
        ISS - Programação                                               973,04             0,00             0,00            973,04 

      ** Total de MUNICIPAIS                                          1.663,53             0,00             0,00          1.663,53 

      FEDERAIS                                               
        INSS - Programação                                           96.046,00             0,00             0,00         96.046,00 
        PGFN - SISPAR                                                     0,00             0,00           130,78            130,78 

      ** Total de FEDERAIS                                           96.046,00             0,00           130,78         96.176,78 

      ESTADUAIS                                              
        Bombeiros                                                         0,00             0,00           124,35            124,35 
        SEFAZ                                                        24.970,18             0,00             0,00         24.970,18 

      ** Total de ESTADUAIS                                          24.970,18             0,00           124,35         25.094,53 

    ** Total de IMPOSTOS E TRIBUTOS                                 122.679,71             0,00           255,13        122.934,84 

    SALARIOS/ PROVENTOS                                      
      Acordo Trabalhista                                                  0,00             0,00           800,00            800,00 
      Pró-labore - programação                                     (157.244,47)            0,00             0,00       (157.244,47)

    ** Total de SALARIOS/ PROVENTOS                                (157.244,47)            0,00           800,00       (156.444,47)

  ** Total de CIRCULANTE                                          1.017.402,04           183,00         7.124,07      1.024.343,11 

** Total de PASSIVO                                               1.017.402,04           183,00         7.124,07      1.024.343,11 
