WK Sistemas - Demonstração                                              BALANCETE     PERÍODO DE 08/04/23 ATÉ 08/04/23   FOLHA    1
                                                                                                         Data de Emissão : 08/04/23
        NOME                                                    SALDO ANTERIOR          DÉBITOS         CRÉDITOS       SALDO ATUAL


ATIVO                                                        

  CIRCULANTE                                                 

    DISPONIVEL                                               

      CAIXA                                                  
        Caixa Elza                                                       65,91             0,00             0,00             65,91 
        Caixa Junior                                                 (1.314,45)            0,00             0,00         (1.314,45)

      ** Total de CAIXA                                              (1.248,54)            0,00             0,00         (1.248,54)

      BANCOS                                                 
        Banco Bradesco                                                  292,11             0,00             0,00            292,11 
        Banco Inter - Junior                                          1.300,00             0,00             0,00          1.300,00 
        Banco Inter - Transportes                                     4.242,37             0,00             0,00          4.242,37 
        Banco Itau - Junior                                          22.748,65             0,00             0,00         22.748,65 

      ** Total de BANCOS                                             28.583,13             0,00             0,00         28.583,13 

    ** Total de DISPONIVEL                                           27.334,59             0,00             0,00         27.334,59 

  ** Total de CIRCULANTE                                             27.334,59             0,00             0,00         27.334,59 

  REALIZADO A CURTO PRAZO                                    

    DUPLICATAS A RECEBER                                     
      AGR Ambiental                                                     (35,24)            0,00             0,00            (35,24)
      Breno Campos                                                    2.002,50             0,00             0,00          2.002,50 
      Dr. Boia - CTI                                                  4.300,00             0,00             0,00          4.300,00 
      Eletron Watts                                                  18.930,00             0,00             0,00         18.930,00 
      Giliard - CB                                                    2.950,00             0,00             0,00          2.950,00 
      Lira Junior                                                     1.000,00             0,00             0,00          1.000,00 
      Regi Campo                                                      1.300,00             0,00             0,00          1.300,00 
      Rodrigo Campos                                                  2.000,00             0,00             0,00          2.000,00 

    ** Total de DUPLICATAS A RECEBER                                 32.447,26             0,00             0,00         32.447,26 

  ** Total de REALIZADO A CURTO PRAZO                                32.447,26             0,00             0,00         32.447,26 

  IMOBILIZADO                                                

    MOVEIS E UTENSILIOS                                      
      Ar Condicionados                                                1.200,00             0,00             0,00          1.200,00 

    ** Total de MOVEIS E UTENSILIOS                                   1.200,00             0,00             0,00          1.200,00 

  ** Total de IMOBILIZADO                                             1.200,00             0,00             0,00          1.200,00 

** Total de ATIVO                                                    60.981,85             0,00             0,00         60.981,85 
