WK Sistemas - Demonstração                                         RAZÄO N.    3              DE 10/04/24 ATÉ 10/04/24    PAG.    1
                                                                                                         Data de Emissão : 10/04/24
  DATA   HISTÓRICO                                     CONTRAPARTIDA   CHAVE            DÉBITO           CRÉDITO             SALDO


         2648  2.1.03.03              CARTOES DE CREDITO                      
CONTA:   2677  2.1.03.03.01           Cartão Inter - Transp                                       
         SALDO ANTERIOR                                                                                                   1.645,21C
10/04/24 Valor  Ref.  Despesas  sócios  (Top Internacional) -
         7/10                                                   2507   69183                               25,28          1.670,49C
         Valor  Ref.  Despesas sócios (Atacado dos Presentes)
         - 4/4                                                  2507   95192                               33,74          1.704,23C
         Valor Ref. Despesas sócios (Netflix)                   2507  112631                               39,90          1.744,13C
         Valor Ref. Despesas sócios (Dislivros) - 3/3           2507  112763                               63,33          1.807,46C
         Valor Ref. Despesas sócios (Cenatauro) - 3/3           2507  112798                               81,19          1.888,65C
         Valor Ref. Despesas sócios (IB Fardamentos) - 3/3      2507  112828                               63,66          1.952,31C
                                                                  TOTAIS =                0,00            307,10          1.952,31C

**
**
**
**
  **
    **
      **
        **
          **
            **
              **
                **
                  **
                    **
                      **
                        **
                          **
                            **
                              **
                                **
                                  **
                                    **
                                      **
                                        **
                                          **
                                            **
                                              **
                                                **
                                                  **
                                                    **
                                                      **
                                                        **
                                                          **
                                                            **
                                                              **
                                                                **
                                                                  **
                                                                    **
                                                                      **
                                                                        **
                                                                          **
                                                                            **
                                                                              **
                                                                                **
                                                                                  **
                                                                                    **
                                                                                      **
                                                                                        **
                                                                                          **
                                                                                            **
                                                                                              **
                                                                                                **
                                                                                                  **
                                                                                                    **
                                                                                                      **
                                                                                                        **
                                                                                                          **
                                                                                                            **
                                                                                                              **
                                                                                                                **
                                                                                                                  **
                                                                                                                    **
                                                                                                                      **
                                                                                                                        **
                                                                                                                          **
                                                                                                                            **
                                                                                                                              **
                                                                                                                                **
                                                                                                                                  **
                                                                                                                                    **
                                                                                                                                      **
                                                                                                                                        **
                                                                                                                                          
