WK Sistemas - Demonstração                                         RAZÄO N.    3              DE 02/03/24 ATÉ 04/03/24    PAG.    1
                                                                                                         Data de Emissão : 03/05/24
  DATA   HISTÓRICO                                     CONTRAPARTIDA   CHAVE            DÉBITO           CRÉDITO             SALDO


           81  1.1.01.02              BANCOS                                  
CONTA:    187  1.1.01.02.01           Banco Itau - Junior                                         
         SALDO ANTERIOR                                                                                                   8.354,78C
02/03/24 Valor Ref. Mantimentos                                 1494  111830                              182,17          8.536,95C
         Valor Ref. Mantimentos                                 1494  111848                               11,00          8.547,95C
         Valor Ref. Pagto do serviço de elétrica (Euclides)     1695  111881                              700,00          9.247,95C
         Valor Ref. Pagto dos almoços (demolição manual)        6280  111899                              180,00          9.427,95C
         Valor  Ref.  Compra de madeirit resinado no Mercadão
         da Madeira                                             6280  111911                              630,00         10.057,95C
         Valor Ref. CPagto do serviço de corte de árvores       3241  111961                            1.000,00         11.057,95C
         Valor Ref. Devolução de aporte financeiro              1287  111970                            2.000,00         13.057,95C
         Valor  Ref.  Almoço  de Wanderson e Diogo...e compra
         de plug p tomada                                       6280  112062                               58,50         13.116,45C
03/03/24 Valor Ref. Pagto dos almoços (demolição manual)        6280  111902                              160,00         13.276,45C
         Valor Ref. Recebimento Caixa                            129  111953                            2.000,00         15.276,45C
04/03/24 Valor Ref. Refeições - Café da manhã                   1494  111856                               50,85         15.327,30C
         Valor Ref. Pagto de 5 Almoços (demolição)              5552  111872                               75,00         15.402,30C
         Valor Ref. Pagto Fatura do Cartão Luiza Cred           2654  112038                              519,72         15.922,02C
         Valor Ref. Pagto Fatura do Cartão Midway               2654  112046                              962,68         16.884,70C
         Valor Ref. Pagto Fatura do Cartão Hipercard            2654  112054                            5.124,89         22.009,59C
         Valor Ref. Compra de 4 garrafões (água mineral)        1347  112071                               20,00         22.029,59C
         Valor  Ref.  Conserto  do pneu na Borracharia Nª Sra
         da Conceição (RE04)                                    4861  112089                              150,00         22.179,59C
         Valor Ref. Pagto produção (CB Ailton)                   974  112097                            4.980,50         27.160,09C
         Valor Ref. Pagto produção (CB Badu)                     981  112101                            3.161,00         30.321,09C
         Valor Ref. Pagto produção (CB Lourenço)                1117  112119                            5.000,00         35.321,09C
         Valor Ref. Pagto produção (CB Jean)                    1130  112135                           11.623,50         46.944,59C
         Valor Ref. Pagto produção (CB Nem)                     5322  112143                            5.296,79         52.241,38C
         Valor  Ref.  Pagto  Compra  de câmara de ar/freio na
         Kropneus c/ a NF 200694                                3725  112321                              520,00         52.761,38C
         Valor  Ref.  Pagto  Compra  de  óleo  hexx  e  graxa
         rolamento na Vertical c/ NF 47936 - 4/4                2737  112330                              216,32         52.977,70C
         Valor  Ref.  Pagto  Aluguel  de 2 martelos demolidor
         30kg c/a Fatura 153050                                  827  112348                            1.800,00         54.777,70C
         Valor Ref. Pagto Fatura da TIM - Comp. 01/2024          939  112356                              319,53         55.097,23C
         Valor Ref. Pagto INSS - Comp. 01/2024                        112372                            9.075,13         64.172,36C
         Valor Ref. Retirada Pró-labore                         3174  113000                            1.500,00         65.672,36C
         Valor Ref. trasnf. para itau em 04/03/24               4535  113026         50.000,00                           15.672,36C
         Valor Ref. Refeições                                   1494  113603                               43,55         15.715,91C
                                                                  TOTAIS =           50.000,00         57.361,13         15.715,91C
**********************
                      **
                        **
                          **
                            **
                              **
                                **
                                  **
                                    **
                                      **
                                        **
                                          **
                                            **
                                              **
                                                **
                                                  **
                                                    **
                                                      **
                                                        **
                                                          **
                                                            **
                                                              **
                                                                **
                                                                  **
                                                                    **
                                                                      **
                                                                        **
                                                                          **
                                                                            **
                                                                              **
                                                                                **
                                                                                  **
                                                                                    **
                                                                                      **
                                                                                        **
                                                                                          **
                                                                                            **
                                                                                              **
                                                                                                **
                                                                                                  **
                                                                                                    **
                                                                                                      **
                                                                                                        **
                                                                                                          **
                                                                                                            **
                                                                                                              **********************
