WK Sistemas - Demonstração                                              BALANCETE     PERÍODO DE 02/01/23 ATÉ 31/03/23   FOLHA    1
                                                                                                         Data de Emissão : 25/04/23
        NOME                                                    SALDO ANTERIOR          DÉBITOS         CRÉDITOS       SALDO ATUAL


RECEITAS                                                     

  RECEITAS DE MAQUINAS/VEICULOS                              

    RE CAT - 01                                              
      RE Cat - 01                                                         0,00             0,00        20.402,50        (20.402,50)

    ** Total de RE CAT - 01                                               0,00             0,00        20.402,50        (20.402,50)

    RE CAT - 07                                              
      RE Cat - 07                                                         0,00             0,00        67.662,95        (67.662,95)

    ** Total de RE CAT - 07                                               0,00             0,00        67.662,95        (67.662,95)

    EH CAT - 01                                              
      EH Cat - 01                                                         0,00             0,00        71.500,00        (71.500,00)

    ** Total de EH CAT - 01                                               0,00             0,00        71.500,00        (71.500,00)

    CB IVECO                                                 
      CB Iveco                                                            0,00             0,00        37.430,00        (37.430,00)

    ** Total de CB IVECO                                                  0,00             0,00        37.430,00        (37.430,00)

  ** Total de RECEITAS DE MAQUINAS/VEICULOS                               0,00             0,00       196.995,45       (196.995,45)

  RECEITAS DIVERSAS                                          
    Receitas Caçambas Terceiros                                           0,00             0,00        81.388,96        (81.388,96)
    Receitas Diversas                                                     0,00        10.217,43       183.137,77       (172.920,34)
    Receitas Maquinas Terceiros                                           0,00            90,25        74.075,52        (73.985,27)

  ** Total de RECEITAS DIVERSAS                                           0,00        10.307,68       338.602,25       (328.294,57)

** Total de RECEITAS                                                      0,00        10.307,68       535.597,70       (525.290,02)
