WK Sistemas - Demonstração                                         RAZÄO N.    3              DE 16/03/24 ATÉ 18/03/24    PAG.    1
                                                                                                         Data de Emissão : 17/05/24
  DATA   HISTÓRICO                                     CONTRAPARTIDA   CHAVE            DÉBITO           CRÉDITO             SALDO


           81  1.1.01.02              BANCOS                                  
CONTA:    187  1.1.01.02.01           Banco Itau - Junior                                         
         SALDO ANTERIOR                                                                                                   7.616,64C
16/03/24 Valor Ref. Compra de 3 garrafões (água mineral)        1347  114944                               15,00          7.631,64C
         Valor  Ref.  Pagto das diárias do vigia (Diogénes) -
         25/02 ate 15/03/24                                     5552  114979                            1.680,00          9.311,64C
         Valor   Ref.   Pagto   das   diárias   do  motorista
         (Alexsandro)                                           5552  114987                            1.000,00         10.311,64C
         Valor Ref. Pagto do lava-jato (Bruno Julião)           5731  114995                               30,00         10.341,64C
         Valor  Ref.  Receb.  Parcial  da  Locação  da  Retro
         (Elvis)                                                6304  115002            500,00                            9.841,64C
18/03/24 Valor Ref. Pagto de 8 Almoços (demolição)              5552  115550                              120,00          9.961,64C
         Valor Ref. Mantimentos (pães)                          1494  115819                                6,00          9.967,64C
         Valor  Ref.  Pagto  Aluguel  de 3 martelos demolidor
         (Contrato 066855) c/a Fatura 153425                     827  115835                            1.840,00         11.807,64C
         Valor  Ref.  Pagto  Compra  de 2 pneus na Drive Auto
         c/a NF 63839 - 3/4                                      767  115843                              221,50         12.029,14C
         Valor Ref. Pagto Parcelamento SEFAZ - 5/12             4558  115851                              721,25         12.750,39C
         Valor  Ref.  Pagto Compra de óleo deiton e GT max na
         Vertical c/ a NF 50613 - 1/3                           2737  115860                              287,79         13.038,18C
         Valor  Ref.  Pagto Compra de sensor  pressão, filtro
         seprador  e  filtro lubrificante na MJ Peças c/ a NF
         974 - 1/2                                               840  115878                              675,00         13.713,18C
         Valor  Ref.  Pagto  Compra de 6 ponteiros SDS Max p/
         Obra: Visconde de Jequitinhonha c/ NF 3367              827  115886                              360,00         14.073,18C
         Valor Ref. Pagto Cartão de Nem                         4794  115894                            5.191,47         19.264,65C
         Valor Ref. Pagto da multa da obra: Conlusa             3241  115908                            5.563,16         24.827,81C
         Valor  Ref.  Abastec.  RE04,  RE01, EH01 e Estque na
         APR  Combust  c/  as  NFcs 122563, 121156 e 122087 -
         14/03/24                                                     116009                            2.550,09         27.377,90C
         Valor   Ref.  Abastec.  RE04,  RE03,  Nivus,  ADM  e
         Montana  na  APR  Combust c/ as NFcs 123262, 123088,
         123276, 123096 e 206334 - 15/03/24                           116050                            1.634,03         29.011,93C
         Valor Ref. Transf. entre contas p o caixa              4535  116947         24.600,00                            4.411,93C
                                                                  TOTAIS =           25.100,00         21.895,29          4.411,93C
*****************
                 **
                   **
                     **
                       **
                         **
                           **
                             **
                               **
                                 **
                                   **
                                     **
                                       **
                                         **
                                           **
                                             **
                                               **
                                                 **
                                                   **
                                                     **
                                                       **
                                                         **
                                                           **
                                                             **
                                                               **
                                                                 **
                                                                   **
                                                                     **
                                                                       **
                                                                         **
                                                                           **
                                                                             **
                                                                               **
                                                                                 **
                                                                                   **
                                                                                     **
                                                                                       **
                                                                                         **
                                                                                           **
                                                                                             **
                                                                                               **
                                                                                                 **
                                                                                                   **
                                                                                                     **
                                                                                                       **
                                                                                                         **
                                                                                                           **
                                                                                                             **
                                                                                                               **
                                                                                                                 **
                                                                                                                   *****************
