WK Sistemas - Demonstração                                              BALANCETE     PERÍODO DE 04/05/24 ATÉ 06/05/24   FOLHA    1
                                                                                                         Data de Emissão : 06/05/24
        NOME                                                    SALDO ANTERIOR          DÉBITOS         CRÉDITOS       SALDO ATUAL


PASSIVO                                                      

  CIRCULANTE                                                 

    FORNECEDORES                                             
      AGR Ambiental                                                   2.414,42             0,00             0,00          2.414,42 
      BR Peças e Serviços                                             1.995,00             0,00             0,00          1.995,00 
      Bartô Hidráulica                                                4.000,00             0,00             0,00          4.000,00 
      Casa do Ar p/ Autos                                             2.015,00             0,00             0,00          2.015,00 
      Drive Auto                                                          0,00             0,00           441,57            441,57 
      Falcon Vigilância                                                 403,92             0,00           201,96            605,88 
      JBM Auto Car                                                      725,00             0,00             0,00            725,00 
      Kropneus                                                            0,00             0,00         1.915,00          1.915,00 
      L&G Contabil                                                    1.500,00             0,00             0,00          1.500,00 
      Locape                                                            104,00             0,00             0,00            104,00 
      M&J Peças                                                       2.105,00             0,00           330,00          2.435,00 
      MC Gases                                                          220,00             0,00             0,00            220,00 
      Normaq JCB                                                          0,00             0,00           100,00            100,00 
      Oficina de Molas Bom Jesus                                      1.606,00             0,00             0,00          1.606,00 
      Oi Fibra                                                          399,22             0,00             0,00            399,22 
      Pneubom                                                           130,00             0,00             0,00            130,00 
      RCC Recicladora                                                 7.000,00             0,00             0,00          7.000,00 
      Rediesel                                                          153,00             0,00           158,66            311,66 
      Silvia Fardamentos                                              1.000,00             0,00             0,00          1.000,00 
      Vertical Peças                                                    (20,00)            0,00           305,23            285,23 

    ** Total de FORNECEDORES                                         25.750,56             0,00         3.452,42         29.202,98 

    SERVIÇOS TERCEIRIZADOS                                   

      CAÇAMBEIROS                                            

        CAÇAMBAS DIVERSAS                                    
          CB Ailton                                                  11.810,00             0,00           600,00         12.410,00 
          CB Giliard                                                  2.000,00             0,00             0,00          2.000,00 
          CB Lourenço                                                 2.800,00             0,00             0,00          2.800,00 

          FLORIANO                                           
            CB HVC-1036 Jean                                         10.016,00           158,66             0,00          9.857,34 
            CB JQR-2H64 Nem                                          11.389,00             0,00             0,00         11.389,00 

          ** Total de FLORIANO                                       21.405,00           158,66             0,00         21.246,34 

        ** Total de CAÇAMBAS DIVERSAS                                38.015,00           158,66           600,00         38.456,34 

      ** Total de CAÇAMBEIROS                                        38.015,00           158,66           600,00         38.456,34 

      OUTROS SERVIÇOS                                        
        Diogo Alves                                                   1.000,00             0,00             0,00          1.000,00 
        João Aprigio                                                 12.500,00             0,00             0,00         12.500,00 
        Regi Demolição                                              (14.374,00)            0,00             0,00        (14.374,00)
        Roberto Pedreiro                                               (680,00)            0,00             0,00           (680,00)
        Samuel Mecânico                                               1.500,00             0,00             0,00          1.500,00 

      ** Total de OUTROS SERVIÇOS                                       (54,00)            0,00             0,00            (54,00)

    ** Total de SERVIÇOS TERCEIRIZADOS                               37.961,00           158,66           600,00         38.402,34 

    EMPRESTIMENTOS E FINANCIAMENTOS                          

      BANCOS                                                 
        Bradesco - Capital de Giro                                      170,34             0,00             0,00            170,34 
        Bradesco - Caçamba MGS                                          253,23             0,00             0,00            253,23 
        Bradesco - EH 01                                              1.611,29             0,00             0,00          1.611,29 
        Bradesco - Iveco                                              1.159,65             0,00             0,00          1.159,65 

      ** Total de BANCOS                                              3.194,51             0,00             0,00          3.194,51 

      TERCEIROS                                              
        Antonio Jr                                                  120.438,14             0,00             0,00        120.438,14 

      ** Total de TERCEIROS                                         120.438,14             0,00             0,00        120.438,14 

      CARTOES DE CREDITO                                     
        Cartão Inter Jr                                                  82,00             0,00             0,00             82,00 
        Cartão Magalu                                                (1.114,58)            0,00             0,00         (1.114,58)
        Cartão Nem                                                      155,80             0,00             0,00            155,80 
        Hipercard                                                   (12.643,80)            0,00           615,06        (12.028,74)

      ** Total de CARTOES DE CREDITO                                (13.520,58)            0,00           615,06        (12.905,52)

    ** Total de EMPRESTIMENTOS E FINANCIAMENTOS                     110.112,07             0,00           615,06        110.727,13 

    ADIANT. RECEBIDOS                                        
WK Sistemas - Demonstração                                              BALANCETE     PERÍODO DE 04/05/24 ATÉ 06/05/24   FOLHA    2
                                                                                                         Data de Emissão : 06/05/24
        NOME                                                    SALDO ANTERIOR          DÉBITOS         CRÉDITOS       SALDO ATUAL


      CLIENTES                                               
        Açomais                                                         650,00             0,00             0,00            650,00 
        BLG Negócios                                                  3.700,00             0,00             0,00          3.700,00 
        CJ Engenharia                                                18.000,00             0,00             0,00         18.000,00 
        Const Santo Antonio                                         120.000,00             0,00             0,00        120.000,00 
        Diogo Sítio                                                  17.000,00             0,00             0,00         17.000,00 
        Domi Construtora                                            110.000,00             0,00             0,00        110.000,00 
        Eletron Watts                                                 8.000,00             0,00             0,00          8.000,00 
        JMA                                                           1.000,00             0,00             0,00          1.000,00 
        Max Aurora - Veiga                                           28.930,97             0,00             0,00         28.930,97 
        Nova Mobi                                                     1.500,00             0,00             0,00          1.500,00 
        Padaria Rosarinho                                            14.000,00             0,00             0,00         14.000,00 
        Parvi segur. Plus Imoveis                                    38.532,88             0,00             0,00         38.532,88 
        Recibom                                                      66.666,66             0,00             0,00         66.666,66 
        Vaga Engenharia                                              15.000,00             0,00             0,00         15.000,00 

      ** Total de CLIENTES                                          442.980,51             0,00             0,00        442.980,51 

    ** Total de ADIANT. RECEBIDOS                                   442.980,51             0,00             0,00        442.980,51 

    IMPOSTOS E TRIBUTOS                                      

      MUNICIPAIS                                             
        CIM - Programação                                            13.021,83             0,00             0,00         13.021,83 
        Foro Olinda - Programação                                       367,17             0,00             0,00            367,17 
        ISS - Programação                                               973,04             0,00             0,00            973,04 

      ** Total de MUNICIPAIS                                         14.362,04             0,00             0,00         14.362,04 

      FEDERAIS                                               
        CSLL - Programação                                            6.947,63             0,00             0,00          6.947,63 
        INSS - Programação                                           96.046,00             0,00             0,00         96.046,00 
        IRPJ - Programação                                            1.327,90             0,00             0,00          1.327,90 

      ** Total de FEDERAIS                                          104.321,53             0,00             0,00        104.321,53 

      ESTADUAIS                                              
        DETRAN - PE                                                   4.904,67             0,00           159,99          5.064,66 
        SEFAZ                                                        24.970,18             0,00             0,00         24.970,18 

      ** Total de ESTADUAIS                                          29.874,85             0,00           159,99         30.034,84 

    ** Total de IMPOSTOS E TRIBUTOS                                 148.558,42             0,00           159,99        148.718,41 

    SALARIOS/ PROVENTOS                                      
      Pró-labore - programação                                     (110.553,94)           83,33             0,00       (110.637,27)

    ** Total de SALARIOS/ PROVENTOS                                (110.553,94)           83,33             0,00       (110.637,27)

  ** Total de CIRCULANTE                                            654.808,62           241,99         4.827,47        659.394,10 

** Total de PASSIVO                                                 654.808,62           241,99         4.827,47        659.394,10 
