WK Sistemas - Demonstração                                              BALANCETE     PERÍODO DE 16/05/24 ATÉ 16/05/24   FOLHA    1
                                                                                                         Data de Emissão : 16/05/24
        NOME                                                    SALDO ANTERIOR          DÉBITOS         CRÉDITOS       SALDO ATUAL


PASSIVO                                                      

  CIRCULANTE                                                 

    FORNECEDORES                                             
      AGR Ambiental                                                   2.414,42             0,00             0,00          2.414,42 
      BR Peças e Serviços                                             1.995,00             0,00             0,00          1.995,00 
      Bartô Hidráulica                                                4.000,00             0,00             0,00          4.000,00 
      Casa do Ar p/ Autos                                             2.015,00             0,00             0,00          2.015,00 
      Drive Auto                                                          0,00             0,00           269,00            269,00 
      Falcon Vigilância                                                 403,92             0,00             0,00            403,92 
      JBM Auto Car                                                      725,00             0,00             0,00            725,00 
      Locape                                                            965,00             0,00             0,00            965,00 
      M&J Peças                                                       1.471,00             0,00           345,00          1.816,00 
      MC Gases                                                          220,00             0,00             0,00            220,00 
      Oficina de Molas Bom Jesus                                      1.606,00             0,00             0,00          1.606,00 
      Oi Fibra                                                          399,22             0,00             0,00            399,22 
      Pneubom                                                           130,00             0,00             0,00            130,00 
      RCC Recicladora                                                 7.000,00             0,00             0,00          7.000,00 
      Silvia Fardamentos                                              1.000,00             0,00             0,00          1.000,00 
      Vertical Peças                                                    (20,00)            0,00             0,00            (20,00)

    ** Total de FORNECEDORES                                         24.324,56             0,00           614,00         24.938,56 

    SERVIÇOS TERCEIRIZADOS                                   

      CAÇAMBEIROS                                            

        CAÇAMBAS DIVERSAS                                    
          CB Ailton                                                   5.990,00             0,00             0,00          5.990,00 
          CB Lourenço                                                 5.250,00             0,00             0,00          5.250,00 

          FLORIANO                                           
            CB HVC-1036 Jean                                         10.511,34             0,00             0,00         10.511,34 
            CB JQR-2H64 Nem                                           9.842,00             0,00             0,00          9.842,00 

          ** Total de FLORIANO                                       20.353,34             0,00             0,00         20.353,34 

        ** Total de CAÇAMBAS DIVERSAS                                31.593,34             0,00             0,00         31.593,34 

      ** Total de CAÇAMBEIROS                                        31.593,34             0,00             0,00         31.593,34 

      OUTROS SERVIÇOS                                        
        Diogo Alves                                                   1.000,00             0,00             0,00          1.000,00 
        João Aprigio                                                 12.500,00             0,00             0,00         12.500,00 
        Regi Demolição                                              (14.374,00)            0,00             0,00        (14.374,00)
        Roberto Pedreiro                                               (680,00)            0,00             0,00           (680,00)
        Samuel Mecânico                                               1.500,00             0,00             0,00          1.500,00 

      ** Total de OUTROS SERVIÇOS                                       (54,00)            0,00             0,00            (54,00)

    ** Total de SERVIÇOS TERCEIRIZADOS                               31.539,34             0,00             0,00         31.539,34 

    EMPRESTIMENTOS E FINANCIAMENTOS                          

      BANCOS                                                 
        Bradesco - Capital de Giro                                      170,34             0,00             0,00            170,34 
        Bradesco - Caçamba MGS                                          253,23             0,00             0,00            253,23 
        Bradesco - EH 01                                              1.611,29             0,00             0,00          1.611,29 
        Bradesco - Iveco                                              1.159,65             0,00             0,00          1.159,65 

      ** Total de BANCOS                                              3.194,51             0,00             0,00          3.194,51 

      TERCEIROS                                              
        Antonio Jr                                                  120.438,14             0,00             0,00        120.438,14 

      ** Total de TERCEIROS                                         120.438,14             0,00             0,00        120.438,14 

      CARTOES DE CREDITO                                     
        Cartão Inter Jr                                                  82,00             0,00             0,00             82,00 
        Cartão Magalu                                                (1.114,58)            0,00             0,00         (1.114,58)
        Cartão Nem                                                    2.236,39             0,00             0,00          2.236,39 
        Hipercard                                                   (15.186,56)            0,00             0,00        (15.186,56)

      ** Total de CARTOES DE CREDITO                                (13.982,75)            0,00             0,00        (13.982,75)

    ** Total de EMPRESTIMENTOS E FINANCIAMENTOS                     109.649,90             0,00             0,00        109.649,90 

    ADIANT. RECEBIDOS                                        

      CLIENTES                                               
        Açomais                                                         650,00             0,00             0,00            650,00 
        BLG Negócios                                                  3.700,00             0,00             0,00          3.700,00 
        CJ Engenharia                                                18.000,00             0,00             0,00         18.000,00 
WK Sistemas - Demonstração                                              BALANCETE     PERÍODO DE 16/05/24 ATÉ 16/05/24   FOLHA    2
                                                                                                         Data de Emissão : 16/05/24
        NOME                                                    SALDO ANTERIOR          DÉBITOS         CRÉDITOS       SALDO ATUAL

        Const Santo Antonio                                         120.000,00             0,00             0,00        120.000,00 
        Diogo Sítio                                                  17.000,00             0,00             0,00         17.000,00 
        Domi Construtora                                            110.000,00             0,00             0,00        110.000,00 
        Eletron Watts                                                 8.000,00             0,00             0,00          8.000,00 
        JMA                                                           1.000,00             0,00             0,00          1.000,00 
        Max Aurora - Veiga                                           28.930,97             0,00             0,00         28.930,97 
        Nova Mobi                                                     1.500,00             0,00             0,00          1.500,00 
        Padaria Rosarinho                                            28.000,00             0,00             0,00         28.000,00 
        Parvi segur. Plus Imoveis                                    38.532,88             0,00             0,00         38.532,88 
        Recibom                                                      66.666,66             0,00             0,00         66.666,66 
        Vaga Engenharia                                              15.000,00             0,00             0,00         15.000,00 

      ** Total de CLIENTES                                          456.980,51             0,00             0,00        456.980,51 

    ** Total de ADIANT. RECEBIDOS                                   456.980,51             0,00             0,00        456.980,51 

    IMPOSTOS E TRIBUTOS                                      

      MUNICIPAIS                                             
        CIM - Programação                                            13.021,83             0,00             0,00         13.021,83 
        Foro Olinda - Programação                                       367,17             0,00             0,00            367,17 
        ISS - Programação                                               973,04             0,00             0,00            973,04 

      ** Total de MUNICIPAIS                                         14.362,04             0,00             0,00         14.362,04 

      FEDERAIS                                               
        CSLL - Programação                                            6.947,63             0,00             0,00          6.947,63 
        INSS - Programação                                           96.046,00             0,00             0,00         96.046,00 
        IRPJ - Programação                                            1.327,90             0,00             0,00          1.327,90 

      ** Total de FEDERAIS                                          104.321,53             0,00             0,00        104.321,53 

      ESTADUAIS                                              
        DETRAN - PE                                                   5.074,81             0,00             0,00          5.074,81 
        SEFAZ                                                        24.970,18             0,00             0,00         24.970,18 

      ** Total de ESTADUAIS                                          30.044,99             0,00             0,00         30.044,99 

      MULTAS                                                 
        Multa por Atraso                                                  0,00             0,00           727,52            727,52 

      ** Total de MULTAS                                                  0,00             0,00           727,52            727,52 

    ** Total de IMPOSTOS E TRIBUTOS                                 148.728,56             0,00           727,52        149.456,08 

    SALARIOS/ PROVENTOS                                      
      Pró-labore - programação                                     (113.077,27)            0,00             0,00       (113.077,27)

    ** Total de SALARIOS/ PROVENTOS                                (113.077,27)            0,00             0,00       (113.077,27)

  ** Total de CIRCULANTE                                            658.145,60             0,00         1.341,52        659.487,12 

** Total de PASSIVO                                                 658.145,60             0,00         1.341,52        659.487,12 
