WK Sistemas - Demonstração                                         RAZÄO N.    3              DE 09/03/24 ATÉ 11/03/24    PAG.    1
                                                                                                         Data de Emissão : 16/05/24
  DATA   HISTÓRICO                                     CONTRAPARTIDA   CHAVE            DÉBITO           CRÉDITO             SALDO


           81  1.1.01.02              BANCOS                                  
CONTA:    187  1.1.01.02.01           Banco Itau - Junior                                         
         SALDO ANTERIOR                                                                                                   2.195,90C
09/03/24 Valor Ref. Pagto da mão de obra (Diogo)                5919  113697                              800,00          2.995,90C
         Valor  Ref.  Pagto de 4 Almoços (demolição manual) -
         R$ 20 cada                                             6280  113760                               80,00          3.075,90C
         Valor  Ref.  Pagto  do  serviço de lava-jato (Const.
         Santo Antonio)                                         5552  113832                              350,00          3.425,90C
         Valor Ref. Adiant. Serv. Prestados (Francisco)         2111  113859                              200,00          3.625,90C
         Valor Ref. Mantimentos                                 1494  113875                              118,38          3.744,28C
         Valor Ref. Pagto do Estacionamento (Nivus)             5731  113921                                7,00          3.751,28C
         Valor   Ref.   Pagto   da  diária  (semana  completa
         motorista  -  R$  1.200, R$ 200 p/ Jose Wellington e
         Eduardo Willams e R$ 100 p Eduardo Xavier)             6280  113930                            1.700,00          5.451,28C
10/03/24 Valor Ref. Refeições                                   1494  113841                               44,08          5.495,36C
         Valor Ref. Empréstimo (Maynard)                        3777  118311         20.000,00                           14.504,64D
11/03/24 Valor Ref. Mantimentos                                 1494  113867                               29,85         14.474,79D
         Valor Ref. Mantimentos                                 1494  113883                               57,90         14.416,89D
         Valor Ref. Ração animal                                1494  113891                               12,00         14.404,89D
         Valor Ref. óleo e arroz                                1494  113905                               44,73         14.360,16D
         Valor Ref. Despesas sócios (Maria dos Anjos)           3174  114090                               13,00         14.347,16D
         Valor Ref. Despesas sócios (Rebeka Ferreira)           3174  114103                               50,00         14.297,16D
         Valor Ref. Despesas sócios (Casa Costa Comércio)       3174  114111                               36,70         14.260,46D
         Valor Ref. Pagto de 8 Almoços (demolição)              5552  114120                              120,00         14.140,46D
         Valor Ref. Pagto GRRF (Aristide)                       6296  114162                            9.621,63          4.518,83D
         Valor  Ref.  Pagto Locação de martelo demolidor 10kg
         (Contrato 067624-01) c/ a Fatura 153376                 827  114171                              520,00          3.998,83D
         Valor  Ref.  Pagto Locação de martelo demolidor 10kg
         (Contrato 067176-01) c/ a Fatura 153362                 827  114189                              520,00          3.478,83D
         Valor  Ref.  Pagto  do  Uber  (Wenderson)  - Curado/
         Garagem (Francisco)                                    2081  114227                               44,91          3.433,92D
         Valor Ref. Pagto Honorários (Sotreq) - Parc 8/10       4529  114286                              500,00          2.933,92D
         Valor Ref. Pagto Acordo Marcosa - Parc 10/11           4104  114316                            2.000,00            933,92D
         Valor  Ref.  Receb BM 046/24 - Breno Campos (Palácio
         Boa Vista)                                              276  115070            270,00                            1.203,92D
         Valor Ref. Receb. diária retro (Salvio)                2536  115801          1.300,00                            2.503,92D
         Valor Ref. Transf. entre contas                        4535  122955         11.000,00                           13.503,92D
         Valor Ref. Transf. entre contas                        4535  122963          2.000,00                           15.503,92D
         Valor Ref. Transf. entre contas                        4535  122971          9.000,00                           24.503,92D
         Valor Ref. Pagto Assessoria Contábil - março/24        4788  131431                            1.500,00         23.003,92D
                                                                  TOTAIS =           43.570,00         18.370,18         23.003,92D
***********************
                       **
                         **
                           **
                             **
                               **
                                 **
                                   **
                                     **
                                       **
                                         **
                                           **
                                             **
                                               **
                                                 **
                                                   **
                                                     **
                                                       **
                                                         **
                                                           **
                                                             **
                                                               **
                                                                 **
                                                                   **
                                                                     **
                                                                       **
                                                                         **
                                                                           **
                                                                             **
                                                                               **
                                                                                 **
                                                                                   **
                                                                                     **
                                                                                       **
                                                                                         **
                                                                                           **
                                                                                             **
                                                                                               **
                                                                                                 **
                                                                                                   **
                                                                                                     **
                                                                                                       **
                                                                                                         **
                                                                                                           **
                                                                                                             ***********************
