WK Sistemas - Demonstração                                              BALANCETE     PERÍODO DE 01/01/97 ATÉ 31/12/97   FOLHA    1
                                                                                                         Data de Emissão : -1/01/-5
        NOME                                                    SALDO ANTERIOR          DÉBITOS         CRÉDITOS       SALDO ATUAL

1      A T I V O                                                    366.659,19     3.807.996,93     1.229.828,93      2.944.827,19 
1.1      ATIVO CIRCULANTE                                           366.659,19     3.807.996,93     1.229.828,93      2.944.827,19 
1.1.01      DISPONIVEL                                              294.201,00     3.311.335,78     1.152.391,51      2.453.145,27 
1.1.01.01      CAIXA                                                  8.947,00     1.294.193,65       130.498,74      1.172.641,91 
1.1.01.01.01      Caixa                                               3.450,00     1.230.737,43       130.498,74      1.103.688,69 
1.1.01.01.02      Numerários em transito                              5.497,00        63.456,22             0,00         68.953,22 
1.1.01.02      BANCOS CONTA MOVIMENTO                               285.254,00     2.017.142,13     1.021.892,77      1.280.503,36 
1.1.01.02.01      Banco Auroso S/A                                  282.000,00       523.495,45       582.764,86        222.730,59 
1.1.01.02.02      Banco Prateado S/A                                  3.254,00     1.493.646,68       439.127,91      1.057.772,77 
1.1.02      CRÉDITOS OPERACIONAIS                                    50.285,02       324.538,10        73.987,42        300.835,70 
1.1.02.01      DUPLICATAS A RECEBER - CLIENTES                       50.285,02       324.538,10        73.987,42        300.835,70 
1.1.02.01.01      Atlas Beneficiamento Ltda                             649,00        65.133,82        54.482,82         11.300,00 
1.1.02.01.01      Cacofap S/A                                         6.039,88             0,00             0,00          6.039,88 
1.1.02.01.01      Casa da Banana Ltda                                   953,26        76.688,54         2.685,00         74.956,80 
1.1.02.01.01      Corretora de Seguros Inseguros Ltda                 3.254,00             0,00             0,00          3.254,00 
1.1.02.01.01      Fábrica de Sebo Sabão Ltda                          1.874,50        24.726,70             0,00         26.601,20 
1.1.02.01.01      Geronimo Investimentos S/C Ltda                     9.574,00        23.947,71             0,00         33.521,71 
1.1.02.01.01      Hércules Contabilidade Ltda                         6.546,00             0,00             0,00          6.546,00 
1.1.02.01.01      Instaladora Elétrica Raios S/A                      1.590,00        42.225,86        15.580,22         28.235,64 
1.1.02.01.01      JB Tango & Cia Ltda                                15.349,00        21.427,98             0,00         36.776,98 
1.1.02.01.01      Latoaria Enlata Lata Ltda                           1.239,38         7.498,00         1.239,38          7.498,00 
1.1.02.01.01      Sistemaco Sistemas S/C Ltda                         3.216,00        62.889,49             0,00         66.105,49 
1.1.03      OUTROS CREDITOS                                               0,00             0,00         3.450,00         (3.450,00)
1.1.03.07      CRÉDITOS DE FUNCIONÁRIOS                                   0,00             0,00         3.450,00         (3.450,00)
1.1.03.07.01      Antecipações de Salários e Ordenados                    0,00             0,00         3.450,00         (3.450,00)
1.1.05      ESTOQUES                                                 21.035,17       172.123,05             0,00        193.158,22 
1.1.05.02      ESTOQUES                                              21.035,17       172.123,05             0,00        193.158,22 
1.1.05.02.01      Matéria Prima                                         892,54             0,00             0,00            892,54 
1.1.05.02.03      Material de Embalagem                               3.254,32             0,00             0,00          3.254,32 
1.1.05.02.04      Mercadorias para Revenda                           12.649,59       172.123,05             0,00        184.772,64 
1.1.05.02.05      Produtos Acabados                                     659,26             0,00             0,00            659,26 
1.1.05.02.08      Adiantamento a Fornecedores                         3.579,46             0,00             0,00          3.579,46 
1.1.06      DESPESAS DE EXERCICIOS SEGUINTES PAGAS A                  1.138,00             0,00             0,00          1.138,00 
1.1.06.03      Assinaturas e Anuidades a Apropriar                    1.138,00             0,00             0,00          1.138,00 
