WK Sistemas - Demonstração                                              BALANCETE     PERÍODO DE 24/03/23 ATÉ 24/03/23   FOLHA    1
                                                                                                         Data de Emissão : 23/03/23
        NOME                                                    SALDO ANTERIOR          DÉBITOS         CRÉDITOS       SALDO ATUAL


PASSIVO                                                      

  CIRCULANTE                                                 

    FORNECEDORES                                             
      AGR Ambiental                                                     575,64             0,00             0,00            575,64 
      BR Peças e Serviços                                             1.995,00             0,00             0,00          1.995,00 
      Falcon Vigilância                                                 201,96             0,00             0,00            201,96 
      M&J Peças                                                           0,00             0,00         1.115,00          1.115,00 
      MC Gases                                                          130,00             0,00             0,00            130,00 
      Mercado Eletronico                                                350,00             0,00             0,00            350,00 
      Rastreamento EMLURB                                             3.472,00             0,00             0,00          3.472,00 

    ** Total de FORNECEDORES                                          6.724,60             0,00         1.115,00          7.839,60 

    SERVIÇOS TERCEIRIZADOS                                   

      CAÇAMBEIROS                                            
        CB Ailton                                                       366,00             0,00             0,00            366,00 
        CB Lourenço                                                     600,00             0,00             0,00            600,00 
        CB Nem                                                          (14,00)            0,00             0,00            (14,00)

      ** Total de CAÇAMBEIROS                                           952,00             0,00             0,00            952,00 

      OUTROS SERVIÇOS                                        
        Jeremias Soldador                                            (1.862,40)            0,00             0,00         (1.862,40)
        Pedro Arvore                                                  6.000,00             0,00             0,00          6.000,00 
        Samuel Mecânico                                              (3.000,00)            0,00             0,00         (3.000,00)

      ** Total de OUTROS SERVIÇOS                                     1.137,60             0,00             0,00          1.137,60 

    ** Total de SERVIÇOS TERCEIRIZADOS                                2.089,60             0,00             0,00          2.089,60 

    EMPRESTIMENTOS E FINANCIAMENTOS                          

      TERCEIROS                                              
        Antonio Jr                                                   25.600,00             0,00             0,00         25.600,00 
        WR Construções                                                3.198,00             0,00             0,00          3.198,00 

      ** Total de TERCEIROS                                          28.798,00             0,00             0,00         28.798,00 

      CARTOES DE CREDITO                                     
        Hipercard                                                       226,35             0,00             0,00            226,35 

      ** Total de CARTOES DE CREDITO                                    226,35             0,00             0,00            226,35 

    ** Total de EMPRESTIMENTOS E FINANCIAMENTOS                      29.024,35             0,00             0,00         29.024,35 

    IMPOSTOS E TRIBUTOS                                      

      MUNICIPAIS                                             
        CIM - Programação                                            14.018,59             0,00           234,75         14.253,34 
        Foro Olinda - Programação                                       121,30             0,00             0,00            121,30 
        IPTU - Programação                                              786,36             0,00             0,00            786,36 

      ** Total de MUNICIPAIS                                         14.926,25             0,00           234,75         15.161,00 

      FEDERAIS                                               
        COFINS - Programação                                              0,00             0,00         1.941,97          1.941,97 
        INSS - Programação                                           78.500,83             0,00             0,00         78.500,83 
        PIS - Programação                                                 0,00             0,00           420,75            420,75 

      ** Total de FEDERAIS                                           78.500,83             0,00         2.362,72         80.863,55 

      ESTADUAIS                                              
        Bombeiros                                                       932,52             0,00             0,00            932,52 
        DETRAN - PE                                                   5.367,39             0,00             0,00          5.367,39 
        SEFAZ                                                        24.970,18             0,00             0,00         24.970,18 

      ** Total de ESTADUAIS                                          31.270,09             0,00             0,00         31.270,09 

    ** Total de IMPOSTOS E TRIBUTOS                                 124.697,17             0,00         2.597,47        127.294,64 

    SALARIOS/ PROVENTOS                                      
      Pró-labore - programação                                       (1.300,00)            0,00             0,00         (1.300,00)

    ** Total de SALARIOS/ PROVENTOS                                  (1.300,00)            0,00             0,00         (1.300,00)

  ** Total de CIRCULANTE                                            161.235,72             0,00         3.712,47        164.948,19 

** Total de PASSIVO                                                 161.235,72             0,00         3.712,47        164.948,19 
