WK Sistemas - Demonstração                                         RAZÄO N.    3              DE 01/09/24 ATÉ 09/09/24    PAG.    1
                                                                                                         Data de Emissão : 09/09/24
  DATA   HISTÓRICO                                     CONTRAPARTIDA   CHAVE            DÉBITO           CRÉDITO             SALDO


          709  2.1.01                 FORNECEDORES                            
CONTA:    827  2.1.01.01              Locape                                                      
09/09/24 Valor   Ref.   Locação  de  martelo  demolidor  10kg
         (Contrato 069038) c/ a Fatura 158259                   6340  161373                              520,00            520,00C
         Valor  Ref.  Locação  de  martelo  demolidor  10kg e
         martelo  demolidor  de  16kg  (Contrato 068938) c/ a
         Fatura 158258                                          6340  161381                              566,00          1.086,00C
                                                                  TOTAIS =                0,00          1.086,00          1.086,00C

**
**
 **
   **
     **
       **
         **
           **
             **
               **
                 **
                   **
                     **
                       **
                         **
                           **
                             **
                               **
                                 **
                                   **
                                     **
                                       **
                                         **
                                           **
                                             **
                                               **
                                                 **
                                                   **
                                                     **
                                                       **
                                                         **
                                                           **
                                                             **
                                                               **
                                                                 **
                                                                   **
                                                                     **
                                                                       **
                                                                         **
                                                                           **
                                                                             **
                                                                               **
                                                                                 **
                                                                                   **
                                                                                     **
                                                                                       **
                                                                                         **
                                                                                           **
                                                                                             **
                                                                                               **
                                                                                                 **
                                                                                                   **
                                                                                                     **
                                                                                                       **
                                                                                                         **
                                                                                                           **
                                                                                                             **
                                                                                                               **
                                                                                                                 **
                                                                                                                   **
                                                                                                                     **
                                                                                                                       **
                                                                                                                         **
                                                                                                                           **
                                                                                                                             **
                                                                                                                               **
                                                                                                                                 **
                                                                                                                                   **
                                                                                                                                     **
                                                                                                                                       
