WK Sistemas - Demonstração                                         RAZÄO N.    3              DE 01/03/23 ATÉ 03/04/23    PAG.    1
                                                                                                         Data de Emissão : 03/04/23
  DATA   HISTÓRICO                                     CONTRAPARTIDA   CHAVE            DÉBITO           CRÉDITO             SALDO


         3151  2.1.02.01              CAÇAMBEIROS                             
CONTA:   1130  2.1.02.01.01           CB Nem                                                      
         SALDO ANTERIOR                                                                                                   4.996,00C
01/03/23 Valor Ref. 1 V Ciclo (Nem) - Breno (Seringueiras)      2329   17205                              220,00          5.216,00C
02/03/23 Valor Ref. 5 V AGR (Nem) - LM Saraiva (Sá Pereira)     3665   17761                            1.150,00          6.366,00C
03/03/23 Valor  Ref.  Pagto  produção  (Nem)  -  Flor de Sant
         (390), Mognos(200) Lira (3410)                          187   18007          3.566,00                            2.800,00C
06/03/23 Valor Ref. 4 V (Nem) - Edielson (Obra: Rui Barbosa)    3642   18147                              800,00          3.600,00C
09/03/23 Valor  Ref.  2  V  areia + 2 V BF (Nem) - Breno (Pça
         dos Mognos) - 09/03/23                                 2341   19089                              800,00          4.400,00C
10/03/23 Valor  Ref.  Pagto  da  produção  (Nem)  -  27/02  a
         03/03/23                                                187   19674          2.800,00                            1.600,00C
         Valor Ref. Ptod. Nem 4 V. BF IASD Brasilia Teimosa     3636   19691                            1.120,00          2.720,00C
14/03/23 Valor  Ref.  1  V  BF  +  1  V  Ciclo  (Nem) - Breno
         (Seringueiras)                                         2329   20532                              420,00          3.140,00C
15/03/23 Valor Ref. Pagto Produção (Nem) - 06/03 a 10/03/23      187   20494          2.720,00                              420,00C
19/03/23 Valor  Ref.  Desconto Nem Rastreamento EMLURB. venc.
         19/03/23                                               3241   21113            434,00                               14,00D
21/03/23 Valor  Ref.  1  V  areia  X  R$ 200 (Nem) - Universo
         (Fragoso)                                              3808   22284                              200,00            186,00C
23/03/23 Valor  Ref.  5  V  areia  X  R$ 200 (Nem) - Universo
         (Fragoso)                                              3808   22306                            1.000,00          1.186,00C
27/03/23 Valor Ref. 1 V BF (Nem) - BCEI (Paulo Setubal)         3761   22985                              280,00          1.466,00C
         Valor Ref. 1 V BF (Nem) - Universo (Santo Amaro)       3814   22993                              200,00          1.666,00C
29/03/23 Valor Ref. 4 V x R$ 280 (Nem) - BCEI (Paulo Setubal)   3761   23744                            1.120,00          2.786,00C
31/03/23 Valor Ref. 1 V BF (Nem) - Elisio (Flor de Santana)     3547   24015                              200,00          2.986,00C
                                                                  TOTAIS =            9.520,00          7.510,00          2.986,00C
*********
         **
           **
             **
               **
                 **
                   **
                     **
                       **
                         **
                           **
                             **
                               **
                                 **
                                   **
                                     **
                                       **
                                         **
                                           **
                                             **
                                               **
                                                 **
                                                   **
                                                     **
                                                       **
                                                         **
                                                           **
                                                             **
                                                               **
                                                                 **
                                                                   **
                                                                     **
                                                                       **
                                                                         **
                                                                           **
                                                                             **
                                                                               **
                                                                                 **
                                                                                   **
                                                                                     **
                                                                                       **
                                                                                         **
                                                                                           **
                                                                                             **
                                                                                               **
                                                                                                 **
                                                                                                   **
                                                                                                     **
                                                                                                       **
                                                                                                         **
                                                                                                           **
                                                                                                             **
                                                                                                               **
                                                                                                                 **
                                                                                                                   **
                                                                                                                     **
                                                                                                                       **
                                                                                                                         **
                                                                                                                           *********
