WK Sistemas - Demonstração                                         RAZÄO N.    3              DE 10/04/23 ATÉ 31/12/23    PAG.    1
                                                                                                         Data de Emissão : 27/05/23
  DATA   HISTÓRICO                                     CONTRAPARTIDA   CHAVE            DÉBITO           CRÉDITO             SALDO


          709  2.1.01                 FORNECEDORES                            
CONTA:   2737  2.1.01.01              Vertical Peças                                              
         SALDO ANTERIOR                                                                                                     315,01C
10/04/23 Valor  Ref.  Pagto  Compra  de  oleo - EH01, RE 01 e
         RE-07 - NF 20657 - Parc 01/03                           187   25186            315,01                                0,00 
11/04/23 Valor  Ref.  Compra de peças (Iveco) - NF 19845 Parc
         02/05                                                  2105   17159                              300,00            300,00C
         Valor  Ref. Pagto Compra de peças (Iveco) - NF 19845
         Parc 02/05                                              187   25551            300,00                                0,00 
13/04/23 Valor  Ref.  Compra  de cubo roda Uno/Punto/Siena c/
         NF 23253 à vista                                       2051   25917                              193,00            193,00C
         Valor    Ref.    Pagto    Compra    de   cubo   roda
         Uno/Punto/Siena c/ NF 23253 à vista                     187   25925            193,00                                0,00 
20/04/23 Valor  Ref. Compra de oleo - RE 06 e EH01 (NF 18661)
         - parc 4/4                                                    13285                              401,25            401,25C
         Valor  Ref.  Compra  de oleo (RE 01) - NF 23872 Parc
         Unica                                                  1590   27219                              320,00            721,25C
         Valor  Ref.  Pagto Compra de oleo (RE 01) - NF 23872
         Parc Unica                                              187   27227            320,00                              401,25C
         Valor  Ref.  Pagto Compra de oleo - RE 06 e EH01 (NF
         18661) - parc 4/4                                       187   27383            401,25                                0,00 
21/04/23 Valor  Ref.  Compra  de oleo (EH01, RE 01 e RE-07) -
         NF 20657 - Parc 02/03                                         19356                              315,01            315,01C
         Valor  Ref. Compra de óleo c/ NF 21692 (RE06) - Parc
         01/02                                                  1689   22420                              325,01            640,02C
22/04/23 Valor  Ref. Compra de graxa c/ NF 23980 (RE01, RE06,
         RE07 e EH01)                                                  27243                              194,90            834,92C
         Valor  Ref. Pagto Compra de graxa c/ NF 23980 (RE01,
         RE06, RE07 e EH01)                                      187   27294            194,90                              640,02C
24/04/23 Valor  Ref.  Pagto  Compra  de  oleo  (EH01, RE 01 e
         RE-07) - NF 20657 - Parc 02/03                          187   27651            315,01                              325,01C
         Valor  Ref.  Pagto Compra de óleo c/ NF 21692 (RE06)
         - Parc 01/02                                            187   27669            325,01                                0,00 
25/04/23 Valor  Ref.  Compra de peças (Iveco) - NF 19845 Parc
         03/05                                                  2105   17167                              300,00            300,00C
         Valor  Ref. Pagto Compra de peças (Iveco) - NF 19845
         Parc 03/05                                              187   28053            300,00                                0,00 
26/04/23 Valor  Ref.  Compra  de oleo - RE01, RE06 e RE07 (NF
         22106) - parc 1/2                                             23892                              315,01            315,01C
27/04/23 Valor  Ref. Pagto Compra de oleo - RE01, RE06 e RE07
         (NF 22106) - parc 1/2                                         28100            315,01                                0,00 
                                                                  TOTAIS =            2.979,19          2.664,18              0,00 
05/05/23 Valor  Ref.  Compra  de oleo - EH01, RE 01 e RE-07 -
         NF 20657 - Parc 03/03                                         19399                              315,01            315,01C
         Valor  Ref. Compra de óleo c/ NF 21692 (RE07) - Parc
         02/02                                                  1778   22438                              315,01            630,02C
         Valor  Ref.  Pagto Compra de óleo c/ NF 21692 (RE07)
         - Parc 02/02                                            187   29530            315,01                              315,01C
         Valor  Ref.  Pagto  Compra  de  oleo - EH01, RE 01 e
         RE-07 - NF 20657 - Parc 03/03                           187   29548            315,01                                0,00 
09/05/23 Valor  Ref.  Compra de peças (Iveco) - NF 19845 Parc
         04/05                                                  2105   17175                              300,00            300,00C
         Valor  Ref. Pagto Compra de peças (Iveco) - NF 19845
         Parc 04/05                                              187   30392            300,00                                0,00 
10/05/23 Valor  Ref.  Compra  de oleo - RE01, RE06 e RE07 (NF
         22106) - parc 2/2                                             23931                              315,01            315,01C
         Valor  Ref. Pagto Compra de oleo - RE01, RE06 e RE07
         (NF 22106) - parc 2/2                                   187   30520            315,01                                0,00 
16/05/23 Valor  Ref. Compra de oleo (RE 01) - NF 23636 - Parc
         1/2                                                           26743                              325,01            325,01C
         Valor  Ref.  Pagto Compra de oleo (RE 01) - NF 23636
         - Parc 1/2                                              187   32191            325,01                                0,00 
23/05/23 Valor  Ref.  Compra de peças (Iveco) - NF 19845 Parc
         05/05                                                  2105   17183                              300,00            300,00C
         Valor  Ref. Pagto Compra de peças (Iveco) - NF 19845
         Parc 05/05                                              187   33502            300,00                                0,00 
30/05/23 Valor  Ref. Compra de oleo (RE 07) - NF 23636 - Parc
         2/2                                                           26760                              315,01            315,01C
         Valor Ref. Compra de óleo c/ NF 24564 - Parc 1/2       1778   28746                              325,01            640,02C
                                                                  TOTAIS =            1.870,04          2.510,06            640,02C
05/06/23 Valor  Ref.  Compra  de  óleo  Deiton c/ NF 25009 - 
         Parc 1/2                                                      30139                              319,00            959,02C
09/06/23 Valor  Ref.  Compra  de  graxa  - RE01, RE06, RE07 e
         EH01 - NF 25449                                               31046                              194,90          1.153,92C
13/06/23 Valor Ref. Compra de óleo c/ NF 24564 - Parc 2/2              28754                              315,01          1.468,93C
         Valor  Ref. Compra de bico injetor (Montan) NF 25755
         Parc 01/02                                             2051   32212                              298,00          1.766,93C
19/06/23 Valor  Ref.  Compra  de  óleo  Deiton c/ NF 25009 - 
         Parc 2/2                                                      30163                              309,00          2.075,93C
21/06/23 Valor  Ref. Compra de óleo c/ NF 26505 da Vertical -
         1/3                                                    1590   33774                              300,18          2.376,11C
27/06/23 Valor  Ref. Compra de bico injetor (Montan) NF 25755
         Parc 02/02                                             2051   32221                              288,00          2.664,11C
                                                                  TOTAIS =                0,00          2.024,09          2.664,11C
05/07/23 Valor  Ref. Compra de óleo c/ NF 26505 da Vertical -
         2/3                                                    1778   33782                              300,18          2.964,29C
WK Sistemas - Demonstração                                         RAZÄO N.    3              DE 10/04/23 ATÉ 31/12/23    PAG.    2
                                                                                                         Data de Emissão : 27/05/23
  DATA   HISTÓRICO                                     CONTRAPARTIDA   CHAVE            DÉBITO           CRÉDITO             SALDO

          709  2.1.01                 FORNECEDORES                            
CONTA:   2737  2.1.01.01              Vertical Peças                                               - continuação
19/07/23 Valor  Ref. Compra de óleo c/ NF 26505 da Vertical -
         3/3                                                    1778   33791                              300,18          3.264,47C
                                                                  TOTAIS =                0,00            600,36          3.264,47C

**
**
**
**
**
**
**
**
  **
    **
      **
        **
          **
            **
              **
                **
                  **
                    **
                      **
                        **
                          **
                            **
                              **
                                **
                                  **
                                    **
                                      **
                                        **
                                          **
                                            **
                                              **
                                                **
                                                  **
                                                    **
                                                      **
                                                        **
                                                          **
                                                            **
                                                              **
                                                                **
                                                                  **
                                                                    **
                                                                      **
                                                                        **
                                                                          **
                                                                            **
                                                                              **
                                                                                **
                                                                                  **
                                                                                    **
                                                                                      **
                                                                                        **
                                                                                          **
                                                                                            **
                                                                                              **
                                                                                                **
                                                                                                  **
                                                                                                    **
                                                                                                      **
                                                                                                        **
                                                                                                          **
                                                                                                            **
                                                                                                              **
                                                                                                                **
                                                                                                                  **
                                                                                                                    **
                                                                                                                      **
                                                                                                                        **
                                                                                                                          **
                                                                                                                            **
                                                                                                                              **
                                                                                                                                **
                                                                                                                                  **
                                                                                                                                    **
                                                                                                                                      **
                                                                                                                                        **
                                                                                                                                          **
                                                                                                                                            **
                                                                                                                                              **
                                                                                                                                                **
                                                                                                                                                  
