WK Sistemas - Demonstração                                         RAZÄO N.    3              DE 01/01/23 ATÉ 12/08/24    PAG.    1
                                                                                                         Data de Emissão : 14/08/24
  DATA   HISTÓRICO                                     CONTRAPARTIDA   CHAVE            DÉBITO           CRÉDITO             SALDO


         1554  3.2.01.01              RE CAT - 01                             
CONTA:   1621  3.2.01.01.01           Mão de obra - RE CAT - 01                                   
24/02/23 Valor Ref. Pagto do complem. de salário (Wellington)          16284          1.550,00                            1.550,00D
15/03/23 Valor  Ref.  Pagto  adiant.salarial  (Wellinmgton) -
         03/2023                                                 187   20460          1.400,00                            2.950,00D
29/03/23 Valor   Ref.  Pagto  do  complem.  salarial  03/2023
         (Wellington)                                                  23451          1.989,47                            4.939,47D
12/05/23 Valor  Ref.  Pagto  de  complem.  salário  - Maio/23
         (Milton)                                                187   31500            150,00                            5.089,47D
22/05/23 Valor Ref. Salário Milton (adiant, ferias)              187   42528          1.000,00                            6.089,47D
31/05/23 Valor  Ref.  Saldo  da  Folha  Salarial  -  Mai/2023
         (Milton)                                                       4448          1.150,00                            7.239,47D
14/06/23 Valor Ref. Adiant. Salario - Jun/2023 (Milton)                 3948          1.262,00                            8.501,47D
30/06/23 Valor  Ref.  Saldo  da  Folha  Salarial  -  Jun/2023
         (Milton)                                                       4499          1.150,00                            9.651,47D
28/07/23 Valor  Ref.  Saldo  da  Folha  Salarial  -  Jul/2023
         (Milton)                                                       4545          1.221,18                           10.872,65D
         Valor  Ref.  Férias  de  Milton (Período: 02.08.22 a
         01.08.23) - Aquisição: 01.08.23 a 30.08.23             3731   50661          2.555,39                           13.428,04D
30/08/23 Valor  Ref.  Saldo  da  Folha  Salarial  -  Ago/2023
         (Milton)                                                       4596          1.414,78                           14.842,82D
31/08/23 Valor Ref. IRRF - Comp. 07/2023 (Milton)               3748   58360             13,05                           14.855,87D
15/09/23 Valor Ref. Adiant. Salario - Set/2023 (Milton)                 4090          1.353,00                           16.208,87D
20/09/23 Valor Ref. IRRF - Comp. 08/2023                        3748   58378             38,08                           16.246,95D
29/09/23 Valor  Ref.  Saldo  da  Folha  Salarial  -  Set/2023
         (Milton)                                                       4642          1.353,00                           17.599,95D
11/10/23 Valor Ref. Adiant. Salario - Out/2023 (Milton)                 4146          1.353,00                           18.952,95D
27/10/23 Valor  Ref.  Saldo  da  Folha  Salarial  -  Out/2023
         (Milton)                                                       4693            883,26                           19.836,21D
14/11/23 Valor Ref. Adiant. Salario - Nov/2023 (Milton)                 4197          1.353,00                           21.189,21D
30/11/23 Valor  Ref. Saldo da Folha Salarial - Nov/2023 e 13º
         (1ª parc) - Milton                                             4740          2.578,31                           23.767,52D
15/12/23 Valor Ref. Adiant. Salario - Dez/2023 (Milton)                 4243          1.325,00                           25.092,52D
22/12/23 Valor  Ref.  Pagto  da  2ª  parcela  do  13º salário
         (Milton)                                                129   88030            883,26                           25.975,78D
29/12/23 Valor  Ref. Pagto Saldo da Folha Salarial - Dez/2023
         (Milton)                                                129    4791          1.000,00                           26.975,78D
03/01/24 Valor  Ref.  Pagto  do  saldo  do  salário  - Dez/23
         (Milton)                                                187   94170            350,00                           27.325,78D
13/01/24 Valor Ref. Pagto do adiant.salarial (Milton)            187   98469            350,00                           27.675,78D
15/01/24 Valor Ref. Adiant. Salario - Jan/2024 (Milton)                99031          1.203,00                           28.878,78D
31/01/24 Valor Ref. Adiant. salário (Milton)                     129  103586            100,00                           28.978,78D
         Valor Ref. Pagto da Folha Salarial - Jan 24 (Milton)         103616          1.395,93                           30.374,71D
15/02/24 Valor  Ref.  Pagto  do  Adiant  Salarial  -  Fev  24
         (Milton)                                                     107000          1.203,00                           31.577,71D
22/02/24 Valor Ref. Adiant. salarial (Milton)                    187  108928            100,00                           31.677,71D
29/02/24 Valor Ref. Pagto do Saldo Salarial - Fev 24 (Milton)         110922          1.668,23                           33.345,94D
15/03/24 Valor Ref. Adiant Salarial - Mar 24 (Milton)                 123544          1.203,00                           34.548,94D
23/03/24 Valor Ref. Adiant. salarial (Milton)                    187  117153            500,00                           35.048,94D
28/03/24 Valor Ref. Pagto do Saldo Salarial - Mar 24 (Milton)         119407          2.012,85                           37.061,79D
08/04/24 Valor Ref. Pagto do adiant.salarial (Milton)            187  121339            300,00                           37.361,79D
12/04/24 Valor Ref. Adiant Salarial - Abr 24 (Milton)                 123692          1.203,00                           38.564,79D
30/04/24 Valor Ref. Pagto do Saldo Salarial - Abr 24 (Milton)         128589          1.694,08                           40.258,87D
11/05/24 Valor Ref. Adiant. salarial (Milton)                    187  131571            110,00                           40.368,87D
15/05/24 Valor Ref. Adiant Salarial - Mai 24 (Milton)                 132471          1.203,00                           41.571,87D
30/05/24 Valor Ref. Pagto do Saldo Salarial - Mai 24 (Milton)         137910          1.814,70                           43.386,57D
08/06/24 Valor Ref. Adiant. de mão de obra (Milton)              187  140295             50,00                           43.436,57D
14/06/24 Valor Ref. Adiant Salarial - Jun 24 (Milton)                 142557          1.203,00                           44.639,57D
28/06/24 Valor Ref. Pagto do Saldo Salarial - Jun 24 (Milton)         145734          1.199,46                           45.839,03D
12/07/24 Valor Ref. Adiant Salarial - Jul 24 (Milton)                 150169          1.203,00                           47.042,03D
27/07/24 Valor Ref. Adiant. salarial (Milton)                    187  153524            500,00                           47.542,03D
30/07/24 Valor Ref. Pagto do Saldo Salarial - Jul 24 (Milton)         154075          1.273,82                           48.815,85D
08/08/24 Valor Ref. Adiant. de mão de obra (Milton)              187  156795            100,00                           48.915,85D
                                                                  TOTAIS =           48.915,85              0,00         48.915,85D
*****************************************************
                                                     **
                                                       **
                                                         **
                                                           **
                                                             **
                                                               **
                                                                 **
                                                                   **
                                                                     **
                                                                       **
                                                                         **
                                                                           **
                                                                             **
                                                                               *****************************************************
