WK Sistemas - Demonstração                                         RAZÄO N.    3              DE 01/01/23 ATÉ 30/01/23    PAG.    1
                                                                                                         Data de Emissão : 31/01/23
  DATA   HISTÓRICO                                     CONTRAPARTIDA   CHAVE            DÉBITO           CRÉDITO             SALDO


         3151  2.1.02.01              CAÇAMBEIROS                             
CONTA:    974  2.1.02.01.01           CB Ailton                                                   
01/01/23 Valor Ref. 4 V BF (Ailton) - Park Jardim - 17/12/22    2973    4910                              720,00            720,00C
         Valor Ref. 6 V BF (Ailton) - L. Presente - 29/12/22    2996    4928                            1.080,00          1.800,00C
         Valor Ref. 1 V BF (Ailton) - L. Presente - 30/12/22    2996    4936                              180,00          1.980,00C
02/01/23 Valor Ref. 4 V BF (Ailton) - Lojão Janga               2996    5088                              720,00          2.700,00C
06/01/23 Valor Ref. 5 V BF - Breno Palacio B Vista (Ailton)     2312    7323                              900,00          3.600,00C
10/01/23 Valor Ref. Pagto de 4 V - Park Jardim (Ailton)          187    7650            720,00                            2.880,00C
17/01/23 Valor  Ref.  Pagto 11 V (L. Presentes) e 5 V (P. Boa
         Vista)                                                  187    8761          2.880,00                                0,00 
         Valor  Ref.  4  V  Ciclo + 1 V BF (Ailton) - Rodrigo
         Campos - 17/01/23                                      3375    8851                            1.020,00          1.020,00C
19/01/23 Valor  Ref.  Desconto  BM 11 e NFSe 1111 - Rastream.
         EMLURB - Vencto 19/01/23 (Ailton)                              9997            434,00                              586,00C
20/01/23 Valor  Ref.  7 V Fornec. areia (Ailton) - JMA Const.
         - 20/01/23                                             3458    9636                            1.260,00          1.846,00C
21/01/23 Valor   Ref.   2   V  (Ailton)  -  Obra:  JMA  Const
         (Graciliano Ramos)                                     3458    9709                              360,00          2.206,00C
23/01/23 Valor  Ref.  4  V  BF  (Ailton) - Praça dos Mognos -
         23/01/23                                               2341    9938                              720,00          2.926,00C
24/01/23 Valor  Ref.  1  V  BF  (Ailton) - Praça dos Mognos -
         24/01/23                                               2341   10031                              180,00          3.106,00C
         Valor   Ref.   1  V  até  Paulista  (Ailton)  -  AGR
         (Carrilho) - 24/01/23                                  3518   10065                              260,00          3.366,00C
26/01/23 Valor  Ref.  2 V Ciclo + 1 V BF (Ailton) - Lira Jr -
         26/01/23                                               3487   10553                              600,00          3.966,00C
27/01/23 Valor  Ref. Pagto Produção (Ailton) = R.Campos + JMA
         - Rastream.                                             187   10774          2.206,00                            1.760,00C
         Valor   Ref.  1  V  BF  (Ailton)  -  Rodrigo  Campos
         (Antonio Coelho)                                       3375   11215                              210,00          1.970,00C
         Valor  Ref.  3  V  Ciclo  (Ailton)  +  1 V BF - Lira
         Junior (R. Riberião)                                   3487   11240                              810,00          2.780,00C
28/01/23 Valor Ref. 5 V BF (Nem) - Lira Jr - 28/01/23           3487   11029                              900,00          3.680,00C
                                                                  TOTAIS =            6.240,00          9.920,00          3.680,00C
****************
                **
                  **
                    **
                      **
                        **
                          **
                            **
                              **
                                **
                                  **
                                    **
                                      **
                                        **
                                          **
                                            **
                                              **
                                                **
                                                  **
                                                    **
                                                      **
                                                        **
                                                          **
                                                            **
                                                              **
                                                                **
                                                                  **
                                                                    **
                                                                      **
                                                                        **
                                                                          **
                                                                            **
                                                                              **
                                                                                **
                                                                                  **
                                                                                    **
                                                                                      **
                                                                                        **
                                                                                          **
                                                                                            **
                                                                                              **
                                                                                                **
                                                                                                  **
                                                                                                    **
                                                                                                      **
                                                                                                        **
                                                                                                          **
                                                                                                            **
                                                                                                              **
                                                                                                                **
                                                                                                                  **
                                                                                                                    ****************
