WK Sistemas - Demonstração                                         RAZÄO N.    3              DE 01/04/24 ATÉ 26/04/24    PAG.    1
                                                                                                         Data de Emissão : 26/04/24
  DATA   HISTÓRICO                                     CONTRAPARTIDA   CHAVE            DÉBITO           CRÉDITO             SALDO


         3151  2.1.02.01              CAÇAMBEIROS                             
CONTA:    974  2.1.02.01.01           CB Ailton                                                   
         SALDO ANTERIOR                                                                                                   3.520,00C
02/04/24 Valor Ref. Prod. CB Ailton 04 AGR Leo Tecla            6356  123331                              880,00          4.400,00C
03/04/24 Valor Ref. Prod. CB Ailton 02 Leo Hipodromo            6468  123285                              440,00          4.840,00C
         Valor Ref. Prod. CB Ailton 02 AGR Leo Tecla            6356  123323                              440,00          5.280,00C
04/04/24 Valor Ref. Prod. CB Ailton 01 Leo Hipodromo            6468  123277                              220,00          5.500,00C
05/04/24 Valor Ref. Prod. CB Ailton 03 LÇeo Hipodromo           6468  123269                              660,00          6.160,00C
06/04/24 Valor Ref. Prod. CB Ailton 01 BF Urbaninho             5470  123340                              200,00          6.360,00C
10/04/24 Valor Ref. Prod. CB Ailton AGR Atacarejo               6474  123480                            1.540,00          7.900,00C
11/04/24 Valor Ref. Prod. CB Ailton 03 AGR Leo Tecla            6356  123307                              660,00          8.560,00C
15/04/24 Valor Ref. Pagto produção (CB Ailton)                   187  123986          6.160,00                            2.400,00C
         Valor  Ref.  Prod.  CB  Ailton  05  BF  -  Sto  Ant.
         Jequitinhoha                                           5552  125695                            1.250,00          3.650,00C
16/04/24 Valor  Ref.  Prod.  CB  Ailton  05  BF  -  Sto  Ant.
         Jequitinhoha                                           5552  125687                            1.250,00          4.900,00C
17/04/24 Valor Ref. Prod. Ailton 5 Santo Antonio                5552  127787                            1.250,00          6.150,00C
18/04/24 Valor  Ref.  Prod.  CB  Ailton  06  BF  -  Sto  Ant.
         Jequitinhoha                                           5552  125679                            1.500,00          7.650,00C
19/04/24 Valor  Ref.  Desconto  (Ailton) Rastreamento EMLURB.
         vencto. 19/04/24                                       3241  121746            434,00                            7.216,00C
         Valor  Ref.  Prod.  CB  Ailton  06  BF  -  Sto  Ant.
         Jequitinhoha                                           5552  125661                            1.500,00          8.716,00C
22/04/24 Valor Ref. Prod. CB Ailton to Antonio - 06 Terreno     5552  126349                            1.500,00         10.216,00C
         Valor Ref. Prod. CB Ailton Monteplam - Metralha        4009  126357                              200,00         10.416,00C
         Valor Ref. Pagto produção (CB Ailton)                   187  126403          2.400,00                            8.016,00C
23/04/24 Valor Ref. Prod. cb Ailton 04 - Sto Antonio Jequi.     5552  126802                            1.000,00          9.016,00C
24/04/24 Valor Ref. Prod. CB Ailton 06 - Sto Ant. Jequi         5552  127337                              500,00          9.516,00C
25/04/24 Valor Ref. Prod. CB Ailton 06  Sto Ant. Jeq.           5552  127591                            1.500,00         11.016,00C
                                                                  TOTAIS =            8.994,00         16.490,00         11.016,00C
WK Sistemas - Demonstração                                         RAZÄO N.    3              DE 01/04/24 ATÉ 26/04/24    PAG.    2
                                                                                                         Data de Emissão : 26/04/24
  DATA   HISTÓRICO                                     CONTRAPARTIDA   CHAVE            DÉBITO           CRÉDITO             SALDO


         3151  2.1.02.01              CAÇAMBEIROS                             
CONTA:   1041  2.1.02.01.01           CB Giliard                                                  
         SALDO ANTERIOR                                                                                                   1.800,00C
05/04/24 Valor Ref. Pagto produção (CB Giliard)                  187  121126          1.800,00                                0,00 
08/04/24 Valor Ref. Prod. CB Giliard Rodrigo                    6155  123471                            2.000,00          2.000,00C
11/04/24 Valor Ref. Pagto produção (CB Giliard)                  187  122751          2.000,00                                0,00 
12/04/24 Valor Ref. Prod. CB Giliard 01 BF - Breno .Vista       2312  125784                              200,00            200,00C
18/04/24 Valor Ref. Prod. CB Giliard 04 BF - Monteplan          4009  125628                              800,00          1.000,00C
19/04/24 Valor Ref. Prod. CB Giliard 05 BF - Recibom            4989  125636                            1.000,00          2.000,00C
                                                                  TOTAIS =            3.800,00          4.000,00          2.000,00C
WK Sistemas - Demonstração                                         RAZÄO N.    3              DE 01/04/24 ATÉ 26/04/24    PAG.    3
                                                                                                         Data de Emissão : 26/04/24
  DATA   HISTÓRICO                                     CONTRAPARTIDA   CHAVE            DÉBITO           CRÉDITO             SALDO


         3151  2.1.02.01              CAÇAMBEIROS                             
CONTA:   1117  2.1.02.01.01           CB Lourenço                                                 
         SALDO ANTERIOR                                                                                                   7.600,00C
03/04/24 Valor  Ref.  Prod.  CB  Lourenço  02  x 200,00 Breno
         Madalenba                                              2306  120685                              400,00          8.000,00C
05/04/24 Valor Ref. Pagto produção (CB Lourenço)                 187  121142          6.600,00                            1.400,00C
06/04/24 Valor Ref. Prod. CB Lourenço 01 BF Urbaninho           5470  123358                              200,00          1.600,00C
         Valor Ref. Prod. CB Lourenço 01 BF Breno B.Riio        2387  123439                              200,00          1.800,00C
16/04/24 Valor Ref. Prod. CB Lourenço 06 BF - Recibom           4989  125652                            1.200,00          3.000,00C
18/04/24 Valor Ref. Prod. CB Lourenço 04 BF - Monteplan         4009  125610                              800,00          3.800,00C
21/04/24 Valor Ref. Pagto produção (CB Lourenço)                 187  125890          2.800,00                            1.000,00C
22/04/24 Valor  Ref.  Prod.  CB  Lourenço  -  Escavação  02 -
         Monteplan                                              4009  126365                              400,00          1.400,00C
24/04/24 Valor Ref. Prod. Lourenço 07 BF Montelan               4009  127566                            1.400,00          2.800,00C
                                                                  TOTAIS =            9.400,00          4.600,00          2.800,00C
WK Sistemas - Demonstração                                         RAZÄO N.    3              DE 01/04/24 ATÉ 26/04/24    PAG.    4
                                                                                                         Data de Emissão : 26/04/24
  DATA   HISTÓRICO                                     CONTRAPARTIDA   CHAVE            DÉBITO           CRÉDITO             SALDO


         5316  2.1.02.01.01           CAÇAMBAS DIVERSAS                       
CONTA:   1130  2.1.02.01.01.01        CB HVC-1036 Jean                                            
         SALDO ANTERIOR                                                                                                   2.438,00C
03/04/24 Valor Ref. Despesas c/ Uber                                  120260             40,00                            2.398,00C
05/04/24 Valor Ref. Prod. CB Nem 01 Breno Palacio B;Vista       2312  123188                              200,00          2.598,00C
06/04/24 Valor Ref. Pagto produção (CB Jean)                     187  121070          2.218,00                              380,00C
         Valor Ref. Prod. CB Nem 01 BF Urbaninho                5470  123366                              200,00            580,00C
         Valor Ref. Prod. CB Lourenço 02 BF Breno B.Rio         2387  123447                              400,00            980,00C
07/04/24 Valor Ref. Prod. CB Nem 01 AGR, 02 BF - 7 Setembro     6333  123391                              620,00          1.600,00C
08/04/24 Valor Ref. Prod. CB Nem 03 AGR, Breno Varzea           2418  123242                              660,00          2.260,00C
09/04/24 Valor Ref. Prod. CB Nem 02 AGR, 03 BF Breno Varzea     2418  123234                            1.040,00          3.300,00C
         Valor   Ref.   Pagto   da   Taxa   do  Instituto  de
         Criminalista                                            187  125083            302,70                            2.997,30C
10/04/24 Valor Ref. Prod. CB Nem 04 BF Recibom                  4989  123463                            1.000,00          3.997,30C
         Valor Ref. Prod. CB Nem AGR Atacarejo                  6474  123498                              220,00          4.217,30C
11/04/24 Valor Ref. Prod. CB Nem 01 BF Breno B.Vista            2312  123196                              200,00          4.417,30C
         Valor Ref. Prod. CB Nem 03 AGR Leo Tecla               6356  123293                              660,00          5.077,30C
12/04/24 Valor Ref. Prod. CB Nem 06 Sto Antonio                 5552  123421                            1.500,00          6.577,30C
13/04/24 Valor Ref. Pagto produção (CB Jean)                     187  123960            380,00                            6.197,30C
15/04/24 Valor  Ref.  Prod.  CB  Nem/Bco  05  BF  -  Sto Ant.
         Jequitinhoha                                           5552  125768                            1.250,00          7.447,30C
16/04/24 Valor  Ref.  Prod.  CB  Nem/Bco  05  BF  -  Sto Ant.
         Jequitinhoha                                           5552  125750                            1.250,00          8.697,30C
17/04/24 Valor Ref. Prod. CB Nem BCo 5 Santo Antonio            5552  127795                            1.250,00          9.947,30C
18/04/24 Valor  Ref.  Prod.  CB  Nem/Bco  06  BF  -  Sto Ant.
         Jequitinhoha                                           5552  125741                            1.500,00         11.447,30C
19/04/24 Valor  Ref.  Desconto  (Jean)  Rastreamento  EMLURB.
         venc. 19/04/24                                         3241  121754            434,00                           11.013,30C
         Valor  Ref.  Prod.  CB  Nem/Bco  07  BF  -  Sto Ant.
         Jequitinhoha                                           5552  125776                            1.750,00         12.763,30C
20/04/24 Valor Ref. Prod. CB Nem Bco 03 BF - Monteplan          4009  125806                              600,00         13.363,30C
22/04/24 Valor Ref. Pagto produção (CB Jean)                     187  126381          6.197,30                            7.166,00C
23/04/24 Valor Ref. Prod. cb Nem Azul 06 - Sto Antonio Jequi.   5552  126829                            1.500,00          8.666,00C
24/04/24 Valor Ref. Prod. CB Nem Bco 04 - Sto Ant. Jequi        5552  127329                            1.000,00          9.666,00C
25/04/24 Valor Ref. Prod. CB Nem Bco 06  Sto Ant. Jeq.          5552  127582                            1.500,00         11.166,00C
                                                                  TOTAIS =            9.572,00         18.300,00         11.166,00C
WK Sistemas - Demonstração                                         RAZÄO N.    3              DE 01/04/24 ATÉ 26/04/24    PAG.    5
                                                                                                         Data de Emissão : 26/04/24
  DATA   HISTÓRICO                                     CONTRAPARTIDA   CHAVE            DÉBITO           CRÉDITO             SALDO


         5316  2.1.02.01.01           CAÇAMBAS DIVERSAS                       
CONTA:   5322  2.1.02.01.01.01        CB JQR-2H64 Nem                                             
         SALDO ANTERIOR                                                                                                   5.245,81C
02/04/24 Valor Ref. Prod. CB Nem 01 AGR Leo Tecla               6356  123102                              220,00          5.465,81C
         Valor Ref. Prod. CB Nem 02 Recibom Cons. Aguiar        4989  123137                              500,00          5.965,81C
03/04/24 Valor Ref. Prod. CB Nem 01 AGR Leo Tecla               6356  123111                              220,00          6.185,81C
         Valor Ref. Prod. CB Nem 03 AGR Leo Hipodromo           6468  123129                              660,00          6.845,81C
         Valor Ref. Prod. CB Nem 01 Breno Auroras               2364  123170                              200,00          7.045,81C
04/04/24 Valor Ref. Prod. CB Nem 06 Recibom Cons. Aguiar        4989  123145                            1.500,00          8.545,81C
05/04/24 Valor Ref. Prod. CB Nem 04 Recibom Cons. Aguiar        4989  123153                            1.000,00          9.545,81C
         Valor Ref. Prod. CB Nem 01 DallaNora Flor cde Sant     2476  123161                              200,00          9.745,81C
06/04/24 Valor Ref. Pagto produção (CB Nem)                      187  121088          3.705,81                            6.040,00C
         Valor Ref. Prod. CB Nem 02 BF Breno B.Rio              2387  123455                              400,00          6.440,00C
07/04/24 Valor Ref. Prod. CB Nem 03 AGR, 01 BF - 7 Setembro     6333  123404                              860,00          7.300,00C
08/04/24 Valor Ref. Prod. CB Nem 04 AGR, Breno Varzea           2418  123251                              880,00          8.180,00C
09/04/24 Valor Ref. Prod. CB Nem 04 BF, 02 AGR Breno Varzea     2418  123218                            1.240,00          9.420,00C
         Valor Ref. Prod. CB Nem 01 Areia P. Rousarinho         6280  123382                              200,00          9.620,00C
10/04/24 Valor Ref. Prod. CB Nem 01 Calçada P. Rousarinho       6280  123374                              200,00          9.820,00C
         Valor Ref. Prod. CB Nem 05 AGR Atacarejo               6474  123501                            1.100,00         10.920,00C
11/04/24 Valor Ref. Prod. CB Nem 01 BF Breno P.Boa Vista        2364  123200                              200,00         11.120,00C
         Valor Ref. Prod. CB Nem 02 AGR Leo Tecla               6356  123315                              440,00         11.560,00C
12/04/24 Valor Ref. Prod. CB Nem 06 Sto Antonio                 5552  123412                            1.500,00         13.060,00C
13/04/24 Valor Ref. Pagto produção (CB Nem)                      187  123978          6.040,00                            7.020,00C
15/04/24 Valor  Ref.  Prod.  CB  Nem/Azul  05  BF  - Sto Ant.
         Jequitinhoha                                           5552  125717                            1.250,00          8.270,00C
16/04/24 Valor  Ref.  Prod.  CB  Nem/Azul  05  BF  - Sto Ant.
         Jequitinhoha                                           5552  125725                            1.250,00          9.520,00C
17/04/24 Valor Ref. Prod. CB Nem Azul 7 Santo Antonio           5552  127809                            1.750,00         11.270,00C
18/04/24 Valor  Ref.  Prod.  CB  Nem/Azul  05  BF  - Sto Ant.
         Jequitinhoha                                           5552  125733                            1.250,00         12.520,00C
19/04/24 Valor   Ref.  Desconto  (Nem)  Rastreamento  EMLURB.
         venc. 19/04/24                                         3241  121762            434,00                           12.086,00C
         Valor  Ref.  Prod.  CB  Nem/Azul  07  BF  - Sto Ant.
         Jequitinhoha                                           5552  125709                            1.750,00         13.836,00C
20/04/24 Valor Ref. Prod. CB Nem Azul 02 BF - Monteplan         4009  125792                              400,00         14.236,00C
22/04/24 Valor Ref. Prod. Nem Azul - 05 Terreno                 5552  126331                            1.250,00         15.486,00C
         Valor Ref. Prod. CB Nem Azul  - Metralha - Monteplan   4009  126373                              200,00         15.686,00C
         Valor Ref. Pagto produção (CB Nem)                      187  126390          7.020,00                            8.666,00C
23/04/24 Valor Ref. Prod. cb Nem Azul 04 - Sto Antonio Jequi.   5552  126811                            1.000,00          9.666,00C
24/04/24 Valor Ref. Prod. CB Nem Azul 04 - Sto Ant. Jequi       5552  127311                            1.000,00         10.666,00C
25/04/24 Valor Ref. Prod. CB Nem Azul 05  Sto Ant. Jeq.         5552  127574                            1.250,00         11.916,00C
                                                                  TOTAIS =           17.199,81         23.870,00         11.916,00C
************************
                        **
                          **
                            **
                              **
                                **
                                  **
                                    **
                                      **
                                        **
                                          **
                                            **
                                              **
                                                **
                                                  **
                                                    **
                                                      **
                                                        **
                                                          **
                                                            **
                                                              **
                                                                **
                                                                  **
                                                                    **
                                                                      **
                                                                        **
                                                                          **
                                                                            **
                                                                              **
                                                                                **
                                                                                  **
                                                                                    **
                                                                                      **
                                                                                        **
                                                                                          **
                                                                                            **
                                                                                              **
                                                                                                **
                                                                                                  **
                                                                                                    **
                                                                                                      **
                                                                                                        **
                                                                                                          **
                                                                                                            ************************
