WK Sistemas - Demonstração                                              BALANCETE     PERÍODO DE 11/04/23 ATÉ 11/04/23   FOLHA    1
                                                                                                         Data de Emissão : 11/04/23
        NOME                                                    SALDO ANTERIOR          DÉBITOS         CRÉDITOS       SALDO ATUAL


PASSIVO                                                      

  CIRCULANTE                                                 

    FORNECEDORES                                             
      BR Peças e Serviços                                             1.995,00             0,00             0,00          1.995,00 
      CELPE                                                             677,80             0,00             0,00            677,80 
      Casa do Ar p/ Autos                                             2.015,00             0,00             0,00          2.015,00 
      Drive Auto                                                      1.073,33             0,00             0,00          1.073,33 
      Escritório Contabil                                               900,00             0,00             0,00            900,00 
      Falcon Vigilância                                                 403,92             0,00             0,00            403,92 
      Gráfica Valdemir                                                1.140,00             0,00             0,00          1.140,00 
      HS da Silva Com. e Serv. ME                                       433,33             0,00             0,00            433,33 
      M&J Peças                                                       1.250,00             0,00           845,00          2.095,00 
      MC Gases                                                          130,00             0,00             0,00            130,00 
      Mercado Eletronico                                                350,00             0,00             0,00            350,00 
      Oi Fibra                                                           99,76             0,00             0,00             99,76 
      Palacio dos Radiadores                                          2.750,00             0,00             0,00          2.750,00 
      Rastreamento EMLURB                                             3.472,00             0,00             0,00          3.472,00 
      VHL Comércio                                                      500,00             0,00             0,00            500,00 
      Vertical Peças                                                    315,01             0,00           300,00            615,01 

    ** Total de FORNECEDORES                                         17.505,15             0,00         1.145,00         18.650,15 

    SERVIÇOS TERCEIRIZADOS                                   

      CAÇAMBEIROS                                            
        CB Ailton                                                     4.046,00             0,00             0,00          4.046,00 
        CB Lourenço                                                     600,00             0,00             0,00            600,00 
        CB Nem                                                        3.486,00             0,00             0,00          3.486,00 

      ** Total de CAÇAMBEIROS                                         8.132,00             0,00             0,00          8.132,00 

      OUTROS SERVIÇOS                                        
        Jeremias Soldador                                            (1.862,40)            0,00             0,00         (1.862,40)
        Pedro Arvore                                                  6.000,00             0,00             0,00          6.000,00 

      ** Total de OUTROS SERVIÇOS                                     4.137,60             0,00             0,00          4.137,60 

    ** Total de SERVIÇOS TERCEIRIZADOS                               12.269,60             0,00             0,00         12.269,60 

    EMPRESTIMENTOS E FINANCIAMENTOS                          

      TERCEIROS                                              
        Antonio Jr                                                   40.600,00             0,00             0,00         40.600,00 
        WR Construções                                                3.198,00             0,00             0,00          3.198,00 

      ** Total de TERCEIROS                                          43.798,00             0,00             0,00         43.798,00 

      CARTOES DE CREDITO                                     
        Cartão Inter - Transp                                           743,98             0,00             0,00            743,98 
        HiperCard Elza                                                2.100,00             0,00             0,00          2.100,00 
        Hipercard                                                     4.386,85             0,00             0,00          4.386,85 

      ** Total de CARTOES DE CREDITO                                  7.230,83             0,00             0,00          7.230,83 

    ** Total de EMPRESTIMENTOS E FINANCIAMENTOS                      51.028,83             0,00             0,00         51.028,83 

    ADIANT. RECEBIDOS                                        

      CLIENTES                                               
        BCEI Brasil China                                             9.770,05             0,00             0,00          9.770,05 

      ** Total de CLIENTES                                            9.770,05             0,00             0,00          9.770,05 

    ** Total de ADIANT. RECEBIDOS                                     9.770,05             0,00             0,00          9.770,05 

    IMPOSTOS E TRIBUTOS                                      

      MUNICIPAIS                                             
        CIM - Programação                                            14.018,59             0,00             0,00         14.018,59 
        Foro Olinda - Programação                                       121,30             0,00             0,00            121,30 
        IPTU - Programação                                            1.015,36             0,00             0,00          1.015,36 

      ** Total de MUNICIPAIS                                         15.155,25             0,00             0,00         15.155,25 

      FEDERAIS                                               
        INSS - Programação                                           78.500,83             0,00             0,00         78.500,83 

      ** Total de FEDERAIS                                           78.500,83             0,00             0,00         78.500,83 

      ESTADUAIS                                              
        Bombeiros                                                       932,52             0,00             0,00            932,52 
        DETRAN - PE                                                   5.912,52             0,00           358,69          6.271,21 
WK Sistemas - Demonstração                                              BALANCETE     PERÍODO DE 11/04/23 ATÉ 11/04/23   FOLHA    2
                                                                                                         Data de Emissão : 11/04/23
        NOME                                                    SALDO ANTERIOR          DÉBITOS         CRÉDITOS       SALDO ATUAL

        SEFAZ                                                        24.970,18             0,00             0,00         24.970,18 

      ** Total de ESTADUAIS                                          31.815,22             0,00           358,69         32.173,91 

    ** Total de IMPOSTOS E TRIBUTOS                                 125.471,30             0,00           358,69        125.829,99 

    SALARIOS/ PROVENTOS                                      
      Férias                                                          2.455,61             0,00             0,00          2.455,61 

    ** Total de SALARIOS/ PROVENTOS                                   2.455,61             0,00             0,00          2.455,61 

  ** Total de CIRCULANTE                                            218.500,54             0,00         1.503,69        220.004,23 

** Total de PASSIVO                                                 218.500,54             0,00         1.503,69        220.004,23 
