WK Sistemas - Demonstração                                         RAZÄO N.    3              DE 01/01/25 ATÉ 18/07/25    PAG.    1
                                                                                                         Data de Emissão : 18/07/25
  DATA   HISTÓRICO                                     CONTRAPARTIDA   CHAVE            DÉBITO           CRÉDITO             SALDO


         2789  2.1.05.01              MUNICIPAIS                              
CONTA:   3754  2.1.05.01.01           Foro Olinda - Programação                                   
30/05/25 Valor Ref. FORO OLINDA 2020,2021,2022, E 2025          2721  251992                              874,33            874,33C
                                                                  TOTAIS =                0,00            874,33            874,33C

**
**
**
**
 **
   **
     **
       **
         **
           **
             **
               **
                 **
                   **
                     **
                       **
                         **
                           **
                             **
                               **
                                 **
                                   **
                                     **
                                       **
                                         **
                                           **
                                             **
                                               **
                                                 **
                                                   **
                                                     **
                                                       **
                                                         **
                                                           **
                                                             **
                                                               **
                                                                 **
                                                                   **
                                                                     **
                                                                       **
                                                                         **
                                                                           **
                                                                             **
                                                                               **
                                                                                 **
                                                                                   **
                                                                                     **
                                                                                       **
                                                                                         **
                                                                                           **
                                                                                             **
                                                                                               **
                                                                                                 **
                                                                                                   **
                                                                                                     **
                                                                                                       **
                                                                                                         **
                                                                                                           **
                                                                                                             **
                                                                                                               **
                                                                                                                 **
                                                                                                                   **
                                                                                                                     **
                                                                                                                       **
                                                                                                                         **
                                                                                                                           **
                                                                                                                             **
                                                                                                                               **
                                                                                                                                 **
                                                                                                                                   **
                                                                                                                                     **
                                                                                                                                       **
                                                                                                                                         **
                                                                                                                                           
