WK Sistemas - Demonstração                                         RAZÄO N.    3              DE 01/08/25 ATÉ 11/09/25    PAG.    1
                                                                                                         Data de Emissão : 11/09/25
  DATA   HISTÓRICO                                     CONTRAPARTIDA   CHAVE            DÉBITO           CRÉDITO             SALDO


         3151  2.1.02.01              CAÇAMBEIROS                             
CONTA:    974  2.1.02.01.01           CB Ailton                                                   
         SALDO ANTERIOR                                                                                                  12.330,00C
01/08/25 Valor Ref. prod cb ailton 05bf poupec candeias         8007  276774                            1.250,00         13.580,00C
02/08/25 Valor Ref. prod cb ailton 07bf poupec candeias         8007  276821                            1.750,00         15.330,00C
04/08/25 Valor Ref. prod cb ailton 02bf poupec candeias         8007  277606                              500,00         15.830,00C
05/08/25 Valor Ref. Pagto produção (CB Ailton)                   187  277495          5.000,00                           10.830,00C
         Valor Ref. prod cb ailton 01bf poupec candeias         8007  277631                              250,00         11.080,00C
         Valor Ref. prod cb ailton 02bf santo antonio condado   7752  277738                              400,00         11.480,00C
06/08/25 Valor Ref. prod cb ailton 04bf jma camaragibe          8912  277975                              800,00         12.280,00C
07/08/25 Valor  Ref.  prod  cb  ailton 03bf santo antonio boa
         viagem                                                 8295  278424                              750,00         13.030,00C
12/08/25 Valor Ref. Pagto produção (CB Ailton)                   187  279935         10.330,00                            2.700,00C
18/08/25 Valor Ref. prod cb ailton 05bf santo antonio condado   7752  282375                            1.000,00          3.700,00C
21/08/25 Valor Ref. prod cb ailton 05bf dalla nora ior          4311  282880                            1.000,00          4.700,00C
22/08/25 Valor Ref. prod cb ailton 07bf dalla nora ior          4311  282961                            1.400,00          6.100,00C
23/08/25 Valor Ref. prod cb ailton 08bf dalla nora ior          4311  283665                            1.600,00          7.700,00C
26/08/25 Valor Ref. prod cb ailton 07bf dalla nora ior          4311  284246                            1.400,00          9.100,00C
27/08/25 Valor Ref. prod cb ailton 06bf dalla nora ior          4311  284441                            1.200,00         10.300,00C
28/08/25 Valor Ref. prod cb ailton 05bf dalla nora ior          4311  285081                            1.000,00         11.300,00C
29/08/25 Valor  Ref.  prod  cb  ailton  04rcc  01bf breno boa
         viagem                                                 9202  285269                            1.250,00         12.550,00C
30/08/25 Valor Ref. prod cb ailton 06bf poupec candeias         8007  286818                            1.500,00         14.050,00C
01/09/25 Valor Ref. Pagto produção (CB Ailton)                   187  286095          1.000,00                           13.050,00C
         Valor Ref. prod cb nem bco 04rcc 01bf breno campos     9202  287059                            1.250,00         14.300,00C
02/09/25 Valor Ref. prod cb ailton 01rcc breno boa viagem       9202  287075                              250,00         14.550,00C
         Valor  Ref.  prod  cb  ailton  03rcc 01bf prisma boa
         viagem                                                 8935  287148                            1.000,00         15.550,00C
03/09/25 Valor  Ref.  prod  cb  ailton  04rcc 01bf prisma boa
         viagem                                                 8935  288306                            1.250,00         16.800,00C
04/09/25 Valor  Ref.  prod  cb nem azul 04rcc 01bf prisma boa
         viagem                                                 8935  288357                            1.250,00         18.050,00C
05/09/25 Valor Ref. Pagto da produção (CB Ailton)                187  288501          1.000,00                           17.050,00C
         Valor  Ref.  prod  cb  ailton  02rcc 03bf prisma boa
         viagem                                                 8935  288586                            1.250,00         18.300,00C
10/09/25 Valor Ref. Pagto da taxa de renovação da EMLURB              289639            110,24                           18.189,76C
                                                                  TOTAIS =           17.440,24         23.300,00         18.189,76C
WK Sistemas - Demonstração                                         RAZÄO N.    3              DE 01/08/25 ATÉ 11/09/25    PAG.    2
                                                                                                         Data de Emissão : 11/09/25
  DATA   HISTÓRICO                                     CONTRAPARTIDA   CHAVE            DÉBITO           CRÉDITO             SALDO


         5316  2.1.02.01.01           CAÇAMBAS DIVERSAS                       
CONTA:   1130  2.1.02.01.01.01        CB HVC-1036 Nem bco                                         
         SALDO ANTERIOR                                                                                                  12.760,80C
01/08/25 Valor Ref. prod cb nem bco 04bf poupec candeias        8007  276782                            1.000,00         13.760,80C
02/08/25 Valor Ref. prod cb nem bco 07bf poupec candeias        8007  276804                            1.750,00         15.510,80C
04/08/25 Valor Ref. prod cb nem bco 02bf poupec candeias        8007  277592                              500,00         16.010,80C
05/08/25 Valor  Ref. compra de 4 pneus dir 275/80R22.5 c/a NF
         214097 - 2/4                                           3725  257184          1.820,00                           14.190,80C
         Valor Ref. prod cb nem bco 01bf poupec candeias        8007  277614                              250,00         14.440,80C
         Valor  Ref.  prod  cb  nem  bco  03bf  santo antonio
         condado                                                7752  277754                              600,00         15.040,80C
06/08/25 Valor Ref. prod cb nem bco 05bf jma camaragibe         8912  277959                            1.000,00         16.040,80C
         Valor Ref. prod cb nem bco 01bf malus derby            3241  277983                              200,00         16.240,80C
07/08/25 Abast. 153,191 R$ 5,59 - C.CustoNem Branco             7315  277941            856,34                           15.384,46C
         Valor  Ref.  prod  cb nem bco 04bf santo antonio boa
         viagem                                                 8295  278408                            1.000,00         16.384,46C
08/08/25 Valor  Ref.  prod  cb  nem  bco  04bf  santo antonio
         condado                                                7752  278696                              800,00         17.184,46C
11/08/25 Valor  Ref.  prod  cb  nem  bco  04bf  santo antonio
         condado                                                7752  279986                              800,00         17.984,46C
12/08/25 Valor Ref. Pagto produção (CB Nem branco)               187  279960         10.000,00                            7.984,46C
         Valor Ref. prod cb nem bco 05bf marcelo olinda         3241  280003                            1.000,00          8.984,46C
14/08/25 Abast. 148,084 R$ 5,54 - C.CustoHVC1036                7315  280631            820,38                            8.164,08C
         Valor Ref. prod cb nem 04bf santo antonio boa viagem   8295  281859                            1.000,00          9.164,08C
15/08/25 Valor  Ref.  prod  cb  nen  bco  02bf  santo antonio
         condado                                                7752  281875                              400,00          9.564,08C
         Valor  Ref.  prod  cb nen bco 01bf santo antonio boa
         viagem                                                 8295  281891                              250,00          9.814,08C
18/08/25 Valor  Ref.  prod  cb  nem  bco  04bf  santo antonio
         condado                                                7752  282359                              800,00         10.614,08C
19/08/25 Valor  Ref.  prod  cb  nem  bco  02bf  santo antonio
         setubal                                                8295  282405                              500,00         11.114,08C
20/08/25 Abast. 191,516 R$ 5,54 - C.CustoHVC1036                7315  282430          1.061,00                           10.053,08C
         Valor Ref. prod cb nem bco 01bf breno boa viagem       9202  282839                              250,00         10.303,08C
         Valor Ref. prod cb nem bco 02bf bci boa viagem         3241  282863                              500,00         10.803,08C
21/08/25 Valor Ref. Pagto de produção (CB Nem branco)            187  282642         10.000,00                              803,08C
         Valor Ref. prod cb nem bco 01rcc poupec candeias       8007  282901                              250,00          1.053,08C
         Valor  Ref.  prod  cb  nem  bco 02rcc 02bf breno boa
         viagem                                                 9202  282944                            1.000,00          2.053,08C
22/08/25 Valor  Ref.  prod  cb  nem  bco 01rcc 01bf breno boa
         viagem                                                 9202  282995                              500,00          2.553,08C
23/08/25 Valor Ref. prod cb nem bco 02bf marsau felix           3241  283673                              400,00          2.953,08C
         Valor  Ref.  prod  cb  nem  bco  05bf  santo antonio
         condado                                                7752  287016                            1.000,00          3.953,08C
25/08/25 Valor Ref. prod cb nem bco 04bf breno boa viagem       9202  283703                            1.000,00          4.953,08C
         Valor Ref. prod cb nem bco 02bf bci vagas boa viagem   3241  283720                              500,00          5.453,08C
26/08/25 Abast. 199,582 R$ 5,54 - C.Custohvc1036                7315  283771          1.105,68                            4.347,40C
         Valor  Ref.  prod  cb  nem  bco 02rcc 02bf breno boa
         viagem                                                 9202  284238                            1.000,00          5.347,40C
         Valor Ref. prod cb nem bco 03rcc poupec candeias       8007  284271                              750,00          6.097,40C
27/08/25 Valor  Ref.  prod  cb  nem  bco 02rcc 01bf breno boa
         viagem                                                 9202  284424                              750,00          6.847,40C
         Valor Ref. prod cb nem bco 02rcc poupec candeias       8007  284467                              500,00          7.347,40C
28/08/25 Abast. 109,507 R$ 5,54 - C.CustoHVC12036               7315  284556            606,66                            6.740,74C
         Valor  Ref.  prod  cb  nem  bco 02rcc 01bf breno boa
         viagem                                                 9202  285030                              750,00          7.490,74C
         Valor Ref. prod cb nem bco 02rcc poupec candeias       8007  285056                              500,00          7.990,74C
30/08/25 Valor Ref. prod cb nem bco 05bf poupec candeias        8007  286834                            1.250,00          9.240,74C
01/09/25 Valor Ref. prod cb nem bco 01rcc 01bf breno campos     9202  287041                              500,00          9.740,74C
02/09/25 Valor  Ref.  Compra  de  compressor  de  ar, palheta
         limpador  de  parabrisa,  motor  limpador,  manivela
         motor e cano injetor c/ a NF 1263040 - 2/4                   264539            694,76                            9.045,98C
         Abast. 137,164 R$ 5,54 - C.CustoHVC1036                7315  286907            759,88                            8.286,10C
         Valor Ref. prod cb nem bco 01rcc breno boa viagem      9202  287091                              250,00          8.536,10C
         Valor  Ref.  prod  cb  nem bco 03rcc 01bf prisma boa
         viagem                                                 8935  287113                            1.000,00          9.536,10C
03/09/25 Valor  Ref.  prod  cb  nem bco 04rcc 01bf prisma boa
         viagem                                                 8935  288292                            1.250,00         10.786,10C
04/09/25 Valor  Ref. compra de 4 pneus dir 275/80R22.5 c/a NF
         214097 - 3/4                                           3725  257192          1.820,00                            8.966,10C
         Abast. 140,705 R$ 5,54 - C.CustoHVC1036                7315  287407            779,50                            8.186,60C
         Valor  Ref.  prod  cb nem azul 03rcc 01bf prisma boa
         viagem                                                 8935  288349                            1.000,00          9.186,60C
                                                                  TOTAIS =           30.324,20         26.750,00          9.186,60C
WK Sistemas - Demonstração                                         RAZÄO N.    3              DE 01/08/25 ATÉ 11/09/25    PAG.    3
                                                                                                         Data de Emissão : 11/09/25
  DATA   HISTÓRICO                                     CONTRAPARTIDA   CHAVE            DÉBITO           CRÉDITO             SALDO


         5316  2.1.02.01.01           CAÇAMBAS DIVERSAS                       
CONTA:   5322  2.1.02.01.01.01        CB JQR-2H64 Nem azul                                        
         SALDO ANTERIOR                                                                                                   4.522,12C
01/08/25 Valor Ref. prod cb nem azul 04bf poupec candeias       8007  276791                            1.000,00          5.522,12C
02/08/25 Valor Ref. prod cb nem azul 07bf poupec candeias       8007  276812                            1.750,00          7.272,12C
04/08/25 Valor Ref. prod cb nem azul 02bf poupec candeias       8007  277584                              500,00          7.772,12C
05/08/25 Valor Ref. prod cb nem azul 01bf poupec candeias       8007  277622                              250,00          8.022,12C
         Valor  Ref.  prod  cb  nem  azul  04bf santo antonio
         condado                                                7752  277746                              800,00          8.822,12C
06/08/25 Valor Ref. prod cb nem azul 04bf jma camaragibe        8912  277967                              800,00          9.622,12C
07/08/25 Abast. 141,912 R$ 5,59 - C.CustoNem Azul               7315  277932            793,29                            8.828,83C
         Valor  Ref.  prod cb nem azul 02bf santo antonio boa
         viagem                                                 8295  278416                              500,00          9.328,83C
08/08/25 Valor  Ref.  prod  cb  nem  azul  04bf santo antonio
         condado                                                7752  278700                              800,00         10.128,83C
12/08/25 Valor Ref. prod cb nem azul 04bf marcelo olinda        3241  280011                              800,00         10.928,83C
14/08/25 Valor Ref. Pagto produção (CB Nem Azul)                      280810          5.276,40                            5.652,43C
         Valor  Ref.  prod  cb nem azul 01bf carrada de areia
         antonio ajr                                            3241  281841                              500,00          6.152,43C
         Valor  Ref.  prod  cb  nem azul 01bf aclf estrada de
         belem                                                  7261  281867                              250,00          6.402,43C
15/08/25 Abast. 132,029 R$ 5,54 - C.CustoJQR2H64                7315  281140            731,44                            5.670,99C
         Valor  Ref.  prod  cb  nen  azul  01bf santo antonio
         condado                                                7752  281883                              200,00          5.870,99C
         Valor  Ref.  prod cb nen azul 02bf santo antonio boa
         viagem                                                 8295  281905                              500,00          6.370,99C
18/08/25 Valor  Ref.  prod  cb  nem  azul  05bf santo antonio
         condado                                                7752  282341                            1.000,00          7.370,99C
19/08/25 Valor  Ref.  prod  cb  nem  azul  03bf santo antonio
         setubal                                                8295  282391                              750,00          8.120,99C
20/08/25 Abast. 135,558 R$ 5,54 - C.CustoJQR2H64                7315  282413            750,99                            7.370,00C
         Valor  Ref.  prod  cb  nem azul 01rcc 01bf breno boa
         viagem                                                 9202  282821                              500,00          7.870,00C
         Valor Ref. prod cb nem azul 02bf bci boa viagem        3241  282855                              500,00          8.370,00C
21/08/25 Valor Ref. prod cb nem azul 02rcc poupec candeias      8007  282910                              500,00          8.870,00C
         Valor  Ref.  prod  cb  nem azul 01rcc 03bf breno boa
         viagem                                                 9202  282936                            1.000,00          9.870,00C
22/08/25 Valor Ref. prod cb nem azul 04rcc poupec candeias      8007  282987                            1.000,00         10.870,00C
         Valor Ref. prod cb nem azul 03bf breno boa viagem      9202  283002                              750,00         11.620,00C
23/08/25 Valor Ref. prod cb nem azul 10bf poupec candeias       8007  283649                            2.500,00         14.120,00C
25/08/25 Valor  Ref.  prod  cb  nem azul 01rcc 04bf breno boa
         viagem                                                 9202  283690                            1.250,00         15.370,00C
26/08/25 Abast. 160,19 R$ 5,54 - C.CustoJQR2H64                 7315  283452            886,50                           14.483,50C
         Valor Ref. Conserto de pneu - JQR2H64                  4251  284203             35,00                           14.448,50C
         Valor Ref. prod cb nem azul 01bf bci boa viagem        3241  284211                              250,00         14.698,50C
         Valor Ref. prod cb nem azul 02bf dalla nora ior        4311  284254                              400,00         15.098,50C
         Valor Ref. prod cb nem azul 03rcc poupec candeias      8007  284289                              750,00         15.848,50C
27/08/25 Valor Ref. prod cb nem azul 03bf dalla nora ior        4311  284432                              600,00         16.448,50C
         Valor Ref. prod cb nem azul 02rcc poupec candeias      8007  284459                              500,00         16.948,50C
28/08/25 Abast. 140,072 R$ 5,54 - C.CustoJQR2H64                7315  284955            776,00                           16.172,50C
         Valor  Ref.  prod  cb  nem azul 02rcc 01bf breno boa
         viagem                                                 9202  285048                              750,00         16.922,50C
         Valor Ref. prod cb nem azul 03rcc poupec candeias      8007  285064                              750,00         17.672,50C
29/08/25 Valor Ref. prod cb nem azul 01rcc breno boa viagem     9202  285277                              250,00         17.922,50C
         Valor Ref. prod cb nem azul 03bf dalla nora ior        4311  285285                              600,00         18.522,50C
30/08/25 Valor Ref. Pagto produção (CB Nem azul)                 187  286117          5.000,00                           13.522,50C
         Valor Ref. prod cb nem azul 05bf poupec candeias       8007  286826                            1.250,00         14.772,50C
01/09/25 Valor Ref. Conserto + vulcanização                     4251  286168             40,00                           14.732,50C
         Valor Ref. prod cb nem azul 01rcc 01bf breno campos    9202  287032                              500,00         15.232,50C
02/09/25 Abast. 141,347 R$ 5,54 - C.CustoJQR2H64                7315  286893            783,06                           14.449,44C
         Valor Ref. prod cb nem azul 01rcc breno boa viagem     9202  287083                              250,00         14.699,44C
         Valor  Ref.  prod  cb nem azul 04rcc 01bf prisma boa
         viagem                                                 8935  287121                            1.250,00         15.949,44C
03/09/25 Valor Ref. prod cb nem azul 06bf poupec candeias       8007  288276                            1.500,00         17.449,44C
         Valor  Ref.  prod  cb nem azul 01rcc 02bf prisma boa
         viagem                                                 8935  288314                              750,00         18.199,44C
04/09/25 Abast. 182,106 R$ 5,54 - C.CustoJQR2H64                7315  288241          1.008,86                           17.190,58C
         Valor  Ref.  prod  cb nem azul 03rcc 03bf prisma boa
         viagem                                                 8935  288331                            1.500,00         18.690,58C
05/09/25 Valor  Ref.  prod  cb nem azul 03rcc 02bf prisma boa
         viagem                                                 8935  288594                            1.250,00         19.940,58C
06/09/25 Valor Ref. prod cb nem azul 04bf prisma boa viagem     8935  289094                            1.000,00         20.940,58C
08/09/25 Valor  Ref. Compra de bomba d'água, tubo de ligação,
         barra, filtro e outros c/ a NF 1284292 - 1/4           5842  279013            711,65                           20.228,93C
         Valor Ref. Pagto produção (CB Nem Azul)                 187  289175         15.000,00                            5.228,93C
                                                                  TOTAIS =           31.793,19         32.500,00          5.228,93C
*****************************************************************
                                                                 **
                                                                   *****************************************************************
