WK Sistemas - Demonstração                                              BALANCETE     PERÍODO DE 28/03/23 ATÉ 28/03/23   FOLHA    1
                                                                                                         Data de Emissão : 28/03/23
        NOME                                                    SALDO ANTERIOR          DÉBITOS         CRÉDITOS       SALDO ATUAL


PASSIVO                                                      

  CIRCULANTE                                                 

    FORNECEDORES                                             
      AGR Ambiental                                                     575,64             0,00             0,00            575,64 
      BR Peças e Serviços                                             1.995,00             0,00             0,00          1.995,00 
      Casa do Ar p/ Autos                                                 0,00             0,00         2.015,00          2.015,00 
      Falcon Vigilância                                                 201,96             0,00             0,00            201,96 
      Gráfica Valdemir                                                  690,00             0,00             0,00            690,00 
      MC Gases                                                          130,00             0,00             0,00            130,00 
      Mercado Eletronico                                                350,00             0,00             0,00            350,00 
      Oi Fibra                                                           99,76             0,00             0,00             99,76 
      Rastreamento EMLURB                                             3.472,00             0,00             0,00          3.472,00 
      TIM Celular                                                       239,96             0,00             0,00            239,96 
      Vertical Peças                                                      0,00             0,00           300,00            300,00 

    ** Total de FORNECEDORES                                          7.754,32             0,00         2.315,00         10.069,32 

    SERVIÇOS TERCEIRIZADOS                                   

      CAÇAMBEIROS                                            
        CB Ailton                                                     1.926,00             0,00             0,00          1.926,00 
        CB Lourenço                                                     600,00             0,00             0,00            600,00 
        CB Nem                                                        1.666,00             0,00             0,00          1.666,00 

      ** Total de CAÇAMBEIROS                                         4.192,00             0,00             0,00          4.192,00 

      OUTROS SERVIÇOS                                        
        Jeremias Soldador                                            (1.862,40)            0,00             0,00         (1.862,40)
        Pedro Arvore                                                  6.000,00             0,00             0,00          6.000,00 
        Samuel Mecânico                                               1.300,00             0,00             0,00          1.300,00 

      ** Total de OUTROS SERVIÇOS                                     5.437,60             0,00             0,00          5.437,60 

    ** Total de SERVIÇOS TERCEIRIZADOS                                9.629,60             0,00             0,00          9.629,60 

    EMPRESTIMENTOS E FINANCIAMENTOS                          

      BANCOS                                                 
        Bradesco - Caçamba MGS                                            2,27             0,00             0,00              2,27 

      ** Total de BANCOS                                                  2,27             0,00             0,00              2,27 

      TERCEIROS                                              
        Antonio Jr                                                   29.600,00             0,00         2.000,00         31.600,00 
        WR Construções                                                3.198,00             0,00             0,00          3.198,00 

      ** Total de TERCEIROS                                          32.798,00             0,00         2.000,00         34.798,00 

      CARTOES DE CREDITO                                     
        Hipercard                                                       226,35             0,00             0,00            226,35 

      ** Total de CARTOES DE CREDITO                                    226,35             0,00             0,00            226,35 

    ** Total de EMPRESTIMENTOS E FINANCIAMENTOS                      33.026,62             0,00         2.000,00         35.026,62 

    IMPOSTOS E TRIBUTOS                                      

      MUNICIPAIS                                             
        CIM - Programação                                            14.018,59             0,00             0,00         14.018,59 
        Foro Olinda - Programação                                       121,30             0,00             0,00            121,30 
        IPTU - Programação                                              786,36             0,00             0,00            786,36 

      ** Total de MUNICIPAIS                                         14.926,25             0,00             0,00         14.926,25 

      FEDERAIS                                               
        INSS - Programação                                           78.500,83             0,00             0,00         78.500,83 

      ** Total de FEDERAIS                                           78.500,83             0,00             0,00         78.500,83 

      ESTADUAIS                                              
        Bombeiros                                                       932,52             0,00             0,00            932,52 
        DETRAN - PE                                                   5.367,39             0,00             0,00          5.367,39 
        SEFAZ                                                        24.970,18             0,00             0,00         24.970,18 

      ** Total de ESTADUAIS                                          31.270,09             0,00             0,00         31.270,09 

    ** Total de IMPOSTOS E TRIBUTOS                                 124.697,17             0,00             0,00        124.697,17 

  ** Total de CIRCULANTE                                            175.107,71             0,00         4.315,00        179.422,71 

** Total de PASSIVO                                                 175.107,71             0,00         4.315,00        179.422,71 
