WK Sistemas - Demonstração                                         RAZÄO N.    3              DE 15/03/24 ATÉ 19/04/24    PAG.    1
                                                                                                         Data de Emissão : 19/04/24
  DATA   HISTÓRICO                                     CONTRAPARTIDA   CHAVE            DÉBITO           CRÉDITO             SALDO


         3151  2.1.02.01              CAÇAMBEIROS                             
CONTA:    974  2.1.02.01.01           CB Ailton                                                   
         SALDO ANTERIOR                                                                                                   7.620,00C
15/03/24 Valor  Ref. 3 V x R$ 220 (CB Ailton) - Breno (Nestor
         Moreira)                                               6311  115410                              660,00          8.280,00C
16/03/24 Valor  Ref.  1  V  x  R$  220  (CB Ailton) - Padaria
         (Rosarinho)                                            6280  115487                              220,00          8.500,00C
19/03/24 Valor  Ref.  Desconto  (Ailton) Rastreamento EMLURB.
         venc. 19/02/24                                         3241  117340            369,50                            8.130,50C
25/03/24 Valor Ref. Pagto produção (CB Ailton)                   187  117374          8.130,50                                0,00 
         Valor  Ref.  4  V  X  R$ 220 AGR (CB Ailton) - Reloc
         (Tecla)                                                6356  117871                              880,00            880,00C
26/03/24 Valor Ref. Prod. CB AQilton 02x220 Breno Varzea        2418  120804                              440,00          1.320,00C
27/03/24 Valor Ref. Prod. CB Ailtpon 04x220 Breno Varzea        2418  120766                              880,00          2.200,00C
28/03/24 Valor Ref. Prod. CB Ailton 05x220 Leo Tecla            6356  120740                            1.100,00          3.300,00C
30/03/24 Valor Ref. Prod. CB Ailton 01x220 Contrel              6333  120715                              220,00          3.520,00C
02/04/24 Valor Ref. Prod. CB Ailton 04 AGR Leo Tecla            6356  123331                              880,00          4.400,00C
03/04/24 Valor Ref. Prod. CB Ailton 02 Leo Hipodromo            6468  123285                              440,00          4.840,00C
         Valor Ref. Prod. CB Ailton 02 AGR Leo Tecla            6356  123323                              440,00          5.280,00C
04/04/24 Valor Ref. Prod. CB Ailton 01 Leo Hipodromo            6468  123277                              220,00          5.500,00C
05/04/24 Valor Ref. Prod. CB Ailton 03 LÇeo Hipodromo           6468  123269                              660,00          6.160,00C
06/04/24 Valor Ref. Prod. CB Ailton 01 BF Urbaninho             5470  123340                              200,00          6.360,00C
10/04/24 Valor Ref. Prod. CB Ailton AGR Atacarejo               6474  123480                            1.540,00          7.900,00C
11/04/24 Valor Ref. Prod. CB Ailton 03 AGR Leo Tecla            6356  123307                              660,00          8.560,00C
15/04/24 Valor Ref. Pagto produção (CB Ailton)                   187  123986          6.160,00                            2.400,00C
         Valor  Ref.  Prod.  CB  Ailton  05  BF  -  Sto  Ant.
         Jequitinhoha                                           5552  125695                            1.250,00          3.650,00C
16/04/24 Valor  Ref.  Prod.  CB  Ailton  05  BF  -  Sto  Ant.
         Jequitinhoha                                           5552  125687                            1.250,00          4.900,00C
18/04/24 Valor  Ref.  Prod.  CB  Ailton  06  BF  -  Sto  Ant.
         Jequitinhoha                                           5552  125679                            1.500,00          6.400,00C
19/04/24 Valor  Ref.  Desconto  (Ailton) Rastreamento EMLURB.
         vencto. 19/04/24                                       3241  121746            434,00                            5.966,00C
         Valor  Ref.  Prod.  CB  Ailton  06  BF  -  Sto  Ant.
         Jequitinhoha                                           5552  125661                            1.500,00          7.466,00C
                                                                  TOTAIS =           15.094,00         14.940,00          7.466,00C
WK Sistemas - Demonstração                                         RAZÄO N.    3              DE 15/03/24 ATÉ 19/04/24    PAG.    2
                                                                                                         Data de Emissão : 19/04/24
  DATA   HISTÓRICO                                     CONTRAPARTIDA   CHAVE            DÉBITO           CRÉDITO             SALDO


         5316  2.1.02.01.01           CAÇAMBAS DIVERSAS                       
CONTA:   1130  2.1.02.01.01.01        CB HVC-1036 Jean                                            
         SALDO ANTERIOR                                                                                                   8.019,84C
15/03/24 Valor  Ref.  4  V x R$ 220 (CB Jean) - Breno (Nestor
         Moreira)                                               6311  115436                              880,00          8.899,84C
16/03/24 Valor  Ref.  2 V x R$ 220 e 1 V x R$ 200 (CB Jean) -
         Padaria (Rosarinho)                                    6280  115495                              640,00          9.539,84C
         Valor Ref. 3 V x R$ 200 (CB Jean) - Monteplan          6126  115517                              600,00         10.139,84C
17/03/24 Valor Ref. 2 V x R$ 200 (CB Jean) - Monteplan          6126  115541                              400,00         10.539,84C
18/03/24 Valor  Ref.  3  V  X  R$  220  AGR (CB Jean) - Breno
         (Nestor)                                               6311  117692                              660,00         11.199,84C
19/03/24 Valor  Ref.  Desconto  (Jean)  Rastreamento  EMLURB.
         venc. 19/02/24                                         3241  117358            369,50                           10.830,34C
         Valor  Ref.  5  V  X  R$  220  AGR (CB Jean) - Breno
         (Nestor)                                               6311  117731                            1.100,00         11.930,34C
20/03/24 Valor  Ref.  4  V  X  R$  220  AGR (CB Jean) - Breno
         (Nestor)                                               6311  117765                              880,00         12.810,34C
21/03/24 Valor  Ref.  Abastec.  JQR2H64, HVC1036, RE03, RE01,
         RE04,  Moto  na  APR  Combust  c/  as  NFCs  123603,
         123600,   123490,   123983,206676,,123606   -  16  e
         17/03/24                                                     116581            960,00                           11.850,34C
         Valor  Ref.  3  V  X  R$  220  AGR (CB Jean) - Reloc
         (Tecla)                                                6356  117676                              660,00         12.510,34C
22/03/24 Valor  Ref.  Serviço de recapagem e conserto de pneu
         na Dafonte Pneus c/ a NFSe 121942 - 4/4                       79707            207,50                           12.302,84C
         Valor  Ref.  5  V  X  R$  220  AGR (CB Jean) - Reloc
         (Tecla)                                                6356  117650                            1.100,00         13.402,84C
23/03/24 Valor  Ref.  3  V X R$ 200 BF (CB Jean) - Contrel (7
         de setembro)                                           6333  117846                              600,00         14.002,84C
24/03/24 Valor  Ref.  5  V X R$ 200 BF (CB Jean) - Contrel (7
         de setembro)                                           6333  117862                            1.000,00         15.002,84C
25/03/24 Valor  Ref.  4  V  X  R$  220  AGR (CB Jean) - Reloc
         (Tecla)                                                6356  117897                              880,00         15.882,84C
26/03/24 Valor   Ref.  Abastec.  Nivus,  RE01,  Iveco,  RE03,
         HVC1036,  JQR2h64  e RE04 na APR Combust c/ as NFCs:
         126228,  126302,  126257,  126238, 126233 e 126240 -
         22/03/24                                                     118117            922,00                           14.960,84C
         Valor Ref. Pagto produção (CB Jean)                     187  118150         13.402,84                            1.558,00C
         Valor Ref. Prod. CB Nem 02x220 Breno Varzea            2418  120791                              440,00          1.998,00C
27/03/24 Valor Ref. Prod. CB Nem 01x220 Breno Varzea            2418  120774                              220,00          2.218,00C
30/03/24 Valor Ref. Prod. CB Nem 01x220 Contrel                 6333  120731                              220,00          2.438,00C
03/04/24 Valor Ref. Despesas c/ Uber                                  120260             40,00                            2.398,00C
05/04/24 Valor Ref. Prod. CB Nem 01 Breno Palacio B;Vista       2312  123188                              200,00          2.598,00C
06/04/24 Valor Ref. Pagto produção (CB Jean)                     187  121070          2.218,00                              380,00C
         Valor Ref. Prod. CB Nem 01 BF Urbaninho                5470  123366                              200,00            580,00C
         Valor Ref. Prod. CB Lourenço 02 BF Breno B.Rio         2387  123447                              400,00            980,00C
07/04/24 Valor Ref. Prod. CB Nem 01 AGR, 02 BF - 7 Setembro     6333  123391                              620,00          1.600,00C
08/04/24 Valor Ref. Prod. CB Nem 03 AGR, Breno Varzea           2418  123242                              660,00          2.260,00C
09/04/24 Valor Ref. Prod. CB Nem 02 AGR, 03 BF Breno Varzea     2418  123234                            1.040,00          3.300,00C
         Valor   Ref.   Pagto   da   Taxa   do  Instituto  de
         Criminalista                                            187  125083            302,70                            2.997,30C
10/04/24 Valor Ref. Prod. CB Nem 04 BF Recibom                  4989  123463                            1.000,00          3.997,30C
         Valor Ref. Prod. CB Nem AGR Atacarejo                  6474  123498                              220,00          4.217,30C
11/04/24 Valor Ref. Prod. CB Nem 01 BF Breno B.Vista            2312  123196                              200,00          4.417,30C
         Valor Ref. Prod. CB Nem 03 AGR Leo Tecla               6356  123293                              660,00          5.077,30C
12/04/24 Valor Ref. Prod. CB Nem 06 Sto Antonio                 5552  123421                            1.500,00          6.577,30C
13/04/24 Valor Ref. Pagto produção (CB Jean)                     187  123960            380,00                            6.197,30C
         Valor Ref. Pagto produção (CB Nem)                      187  123978          6.040,00                              157,30C
15/04/24 Valor  Ref.  Prod.  CB  Nem/Bco  05  BF  -  Sto Ant.
         Jequitinhoha                                           5552  125768                            1.250,00          1.407,30C
16/04/24 Valor  Ref.  Prod.  CB  Nem/Bco  05  BF  -  Sto Ant.
         Jequitinhoha                                           5552  125750                            1.250,00          2.657,30C
18/04/24 Valor  Ref.  Prod.  CB  Nem/Bco  06  BF  -  Sto Ant.
         Jequitinhoha                                           5552  125741                            1.500,00          4.157,30C
19/04/24 Valor  Ref.  Desconto  (Jean)  Rastreamento  EMLURB.
         venc. 19/04/24                                         3241  121754            434,00                            3.723,30C
         Valor  Ref.  Prod.  CB  Nem/Bco  07  BF  -  Sto Ant.
         Jequitinhoha                                           5552  125776                            1.750,00          5.473,30C
                                                                  TOTAIS =           25.276,54         22.730,00          5.473,30C
WK Sistemas - Demonstração                                         RAZÄO N.    3              DE 15/03/24 ATÉ 19/04/24    PAG.    3
                                                                                                         Data de Emissão : 19/04/24
  DATA   HISTÓRICO                                     CONTRAPARTIDA   CHAVE            DÉBITO           CRÉDITO             SALDO


         5316  2.1.02.01.01           CAÇAMBAS DIVERSAS                       
CONTA:   5322  2.1.02.01.01.01        CB JQR-2H64 Nem                                             
         SALDO ANTERIOR                                                                                                   5.146,59C
15/03/24 Valor  Ref.  4  V  x R$ 220 (CB Nem) - Breno (Nestor
         Moreira)                                               6311  115428                              880,00          6.026,59C
16/03/24 Valor  Ref.  2  V x R$ 220 e 1 V x R$ 200 (CB Nem) -
         Padaria (Rosarinho)                                    6280  115479                              640,00          6.666,59C
         Valor Ref. 1 V x R$ 200 (CB Nem) - Monteplan           6126  115509                              200,00          6.866,59C
17/03/24 Valor Ref. 1 V x R$ 200 (CB Nem) - Monteplan           6126  115533                              200,00          7.066,59C
18/03/24 Valor  Ref.  3  V  X  R$  220  AGR  (CB Nem) - Breno
         (Nestor)                                               6311  117684                              660,00          7.726,59C
19/03/24 Valor   Ref.  Desconto  (Nem)  Rastreamento  EMLURB.
         venc. 19/02/24                                         3241  107921            369,50                            7.357,09C
         Valor  Ref.  5  V  X  R$  220  AGR  (CB Nem) - Breno
         (Nestor)                                               6311  117722                            1.100,00          8.457,09C
20/03/24 Valor  Ref.  5  V  X  R$  220  AGR  (CB Nem) - Breno
         (Nestor)                                               6311  117773                            1.100,00          9.557,09C
21/03/24 Valor  Ref.  Abastec.  JQR2H64, HVC1036, RE03, RE01,
         RE04,  Moto  na  APR  Combust  c/  as  NFCs  123603,
         123600,   123490,   123983,206676,,123606   -  16  e
         17/03/24                                                     116572          1.020,00                            8.537,09C
         Valor Ref. 5 V X R$ 220 AGR (CB Nem) - Reloc (Tecla)   6356  117668                            1.100,00          9.637,09C
22/03/24 Valor Ref. 4 V X R$ 220 AGR (CB Nem) - Reloc (Tecla)   6356  117641                              880,00         10.517,09C
23/03/24 Valor  Ref. 2 V X R$ 200 BF (CB Nem) - Contrel (7 de
         setembro)                                              6333  117838                              400,00         10.917,09C
24/03/24 Valor  Ref. 5 V X R$ 200 BF (CB Nem) - Contrel (7 de
         setembro)                                              6333  117854                            1.000,00         11.917,09C
25/03/24 Valor Ref. 4 V X R$ 220 AGR (CB Nem) - Reloc (Tecla)   6356  117889                              880,00         12.797,09C
26/03/24 Valor   Ref.  Abastec.  Nivus,  RE01,  Iveco,  RE03,
         HVC1036,  JQR2h64  e RE04 na APR Combust c/ as NFCs:
         126228,  126302,  126257,  126238, 126233 e 126240 -
         22/03/24                                                     118125            994,19                           11.802,90C
         Valor Ref. Prod. CB Nem 03x220 Breno Varzea            2418  120812                              660,00         12.462,90C
27/03/24 Valor Ref. Prod. CB Nem 03x220 Breno Varzea            2418  120782                              660,00         13.122,90C
28/03/24 Valor Ref. Pagto produção (CB Nem)                      187  118702         10.517,09                            2.605,81C
         Valor Ref. Prod. CB Nem 05x220 Leo Tecla               6356  120758                            1.100,00          3.705,81C
30/03/24 Valor Ref. Prod. CB Nem 02x220 Contrel                 6333  120723                              440,00          4.145,81C
31/03/24 Valor Ref. Prod. CB Nem. 05x220 Contrel                6333  120707                            1.100,00          5.245,81C
02/04/24 Valor Ref. Prod. CB Nem 01 AGR Leo Tecla               6356  123102                              220,00          5.465,81C
         Valor Ref. Prod. CB Nem 02 Recibom Cons. Aguiar        4989  123137                              500,00          5.965,81C
03/04/24 Valor Ref. Prod. CB Nem 01 AGR Leo Tecla               6356  123111                              220,00          6.185,81C
         Valor Ref. Prod. CB Nem 03 AGR Leo Hipodromo           6468  123129                              660,00          6.845,81C
         Valor Ref. Prod. CB Nem 01 Breno Auroras               2364  123170                              200,00          7.045,81C
04/04/24 Valor Ref. Prod. CB Nem 06 Recibom Cons. Aguiar        4989  123145                            1.500,00          8.545,81C
05/04/24 Valor Ref. Prod. CB Nem 04 Recibom Cons. Aguiar        4989  123153                            1.000,00          9.545,81C
         Valor Ref. Prod. CB Nem 01 DallaNora Flor cde Sant     2476  123161                              200,00          9.745,81C
06/04/24 Valor Ref. Pagto produção (CB Nem)                      187  121088          3.705,81                            6.040,00C
         Valor Ref. Prod. CB Nem 02 BF Breno B.Rio              2387  123455                              400,00          6.440,00C
07/04/24 Valor Ref. Prod. CB Nem 03 AGR, 01 BF - 7 Setembro     6333  123404                              860,00          7.300,00C
08/04/24 Valor Ref. Prod. CB Nem 04 AGR, Breno Varzea           2418  123251                              880,00          8.180,00C
09/04/24 Valor Ref. Prod. CB Nem 04 BF, 02 AGR Breno Varzea     2418  123218                            1.240,00          9.420,00C
         Valor Ref. Prod. CB Nem 01 Areia P. Rousarinho         6280  123382                              200,00          9.620,00C
10/04/24 Valor Ref. Prod. CB Nem 01 Calçada P. Rousarinho       6280  123374                              200,00          9.820,00C
         Valor Ref. Prod. CB Nem 05 AGR Atacarejo               6474  123501                            1.100,00         10.920,00C
11/04/24 Valor Ref. Prod. CB Nem 01 BF Breno P.Boa Vista        2364  123200                              200,00         11.120,00C
         Valor Ref. Prod. CB Nem 02 AGR Leo Tecla               6356  123315                              440,00         11.560,00C
12/04/24 Valor Ref. Prod. CB Nem 06 Sto Antonio                 5552  123412                            1.500,00         13.060,00C
15/04/24 Valor  Ref.  Prod.  CB  Nem/Azul  05  BF  - Sto Ant.
         Jequitinhoha                                           5552  125717                            1.250,00         14.310,00C
16/04/24 Valor  Ref.  Prod.  CB  Nem/Azul  05  BF  - Sto Ant.
         Jequitinhoha                                           5552  125725                            1.250,00         15.560,00C
18/04/24 Valor  Ref.  Prod.  CB  Nem/Azul  05  BF  - Sto Ant.
         Jequitinhoha                                           5552  125733                            1.250,00         16.810,00C
19/04/24 Valor   Ref.  Desconto  (Nem)  Rastreamento  EMLURB.
         venc. 19/04/24                                         3241  121762            434,00                           16.376,00C
         Valor  Ref.  Prod.  CB  Nem/Azul  07  BF  - Sto Ant.
         Jequitinhoha                                           5552  125709                            1.750,00         18.126,00C
                                                                  TOTAIS =           17.040,59         30.020,00         18.126,00C
**************************************************
                                                  **
                                                    **
                                                      **
                                                        **
                                                          **
                                                            **
                                                              **
                                                                **
                                                                  **
                                                                    **
                                                                      **
                                                                        **
                                                                          **
                                                                            **
                                                                              **
                                                                                **
                                                                                  **************************************************
