WK Sistemas - Demonstração                                              BALANCETE     PERÍODO DE 17/08/24 ATÉ 19/08/24   FOLHA    1
                                                                                                         Data de Emissão : 20/08/24
        NOME                                                    SALDO ANTERIOR          DÉBITOS         CRÉDITOS       SALDO ATUAL


PASSIVO                                                      

  CIRCULANTE                                                 

    FORNECEDORES                                             
      AGR Ambiental                                                  16.435,50             0,00         4.821,48         21.256,98 
      AJ Manutenção/ Adriano Sotreq                                   5.062,50             0,00             0,00          5.062,50 
      APR Combustiveis                                               18.638,59             0,00         5.703,44         24.342,03 
      Armazém Laje Central                                            2.844,04             0,00            14,70          2.858,74 
      BR Peças e Serviços                                             1.995,00             0,00             0,00          1.995,00 
      Bartô Hidráulica                                                4.000,00             0,00             0,00          4.000,00 
      Casa do Ar p/ Autos                                             2.015,00             0,00             0,00          2.015,00 
      Falcon Vigilância                                                 403,92             0,00             0,00            403,92 
      Locape                                                              0,00           450,00           450,00              0,00 
      MC Gases                                                          800,00             0,00             0,00            800,00 
      Oficina Estrela Diesel                                            645,00             0,00             0,00            645,00 
      Oficina de Molas Bom Jesus                                      1.174,36             0,00             0,00          1.174,36 
      Pneubom                                                           200,00             0,00             0,00            200,00 
      RCC Recicladora                                                 9.685,78             0,00             0,00          9.685,78 
      Rastreamento EMLURB                                             1.330,93             0,00             0,00          1.330,93 
      Vertical Peças                                                      0,00           205,35           205,35              0,00 

    ** Total de FORNECEDORES                                         65.230,62           655,35        11.194,97         75.770,24 

    SERVIÇOS TERCEIRIZADOS                                   

      CAÇAMBEIROS                                            

        CAÇAMBAS DIVERSAS                                    
          CB Ailton                                                   6.950,00             0,00         1.880,00          8.830,00 
          CB Lourenço                                                 2.490,00             0,00             0,00          2.490,00 

          FLORIANO                                           
            CB HVC-1036 Jean                                          6.056,17             0,00         2.700,00          8.756,17 
            CB JQR-2H64 Nem                                           7.556,53             0,00         2.280,00          9.836,53 

          ** Total de FLORIANO                                       13.612,70             0,00         4.980,00         18.592,70 

          CB Santos & Lins                                   
            CB Santos Lins JJZ-2H88                                  10.010,00             0,00         2.250,00         12.260,00 

          ** Total de CB Santos & Lins                               10.010,00             0,00         2.250,00         12.260,00 

        ** Total de CAÇAMBAS DIVERSAS                                33.062,70             0,00         9.110,00         42.172,70 

      ** Total de CAÇAMBEIROS                                        33.062,70             0,00         9.110,00         42.172,70 

      OUTROS SERVIÇOS                                        
        Julione                                                       3.000,00             0,00             0,00          3.000,00 

      ** Total de OUTROS SERVIÇOS                                     3.000,00             0,00             0,00          3.000,00 

    ** Total de SERVIÇOS TERCEIRIZADOS                               36.062,70             0,00         9.110,00         45.172,70 

    EMPRESTIMENTOS E FINANCIAMENTOS                          

      BANCOS                                                 
        Bradesco - Capital de Giro                                      170,34             0,00             0,00            170,34 
        Bradesco - Caçamba MGS                                          291,95             0,00             0,00            291,95 
        Bradesco - EH 01                                              1.611,29             0,00             0,00          1.611,29 
        Bradesco - Iveco                                              1.159,65             0,00             0,00          1.159,65 

      ** Total de BANCOS                                              3.233,23             0,00             0,00          3.233,23 

      TERCEIROS                                              
        Antonio Jr                                                  121.438,14             0,00             0,00        121.438,14 

      ** Total de TERCEIROS                                         121.438,14             0,00             0,00        121.438,14 

      CARTOES DE CREDITO                                     
        Cartão Inter Jr                                                  82,00             0,00             0,00             82,00 
        Cartão Magalu                                                (1.114,58)            0,00             0,00         (1.114,58)
        Cartão Nem                                                    2.095,88         5.975,30             0,00         (3.879,42)
        Hipercard                                                   (21.024,63)            0,00             0,00        (21.024,63)

      ** Total de CARTOES DE CREDITO                                (19.961,33)        5.975,30             0,00        (25.936,63)

    ** Total de EMPRESTIMENTOS E FINANCIAMENTOS                     104.710,04         5.975,30             0,00         98.734,74 
WK Sistemas - Demonstração                                              BALANCETE     PERÍODO DE 17/08/24 ATÉ 19/08/24   FOLHA    2
                                                                                                         Data de Emissão : 20/08/24
        NOME                                                    SALDO ANTERIOR          DÉBITOS         CRÉDITOS       SALDO ATUAL


    ADIANT. RECEBIDOS                                        

      CLIENTES                                               
        Açomais                                                         650,00             0,00             0,00            650,00 
        BLG Negócios                                                  3.700,00             0,00             0,00          3.700,00 
        CJ Engenharia                                                18.000,00             0,00             0,00         18.000,00 
        Const Santo Antonio                                         120.000,00             0,00             0,00        120.000,00 
        Diogo Sítio                                                  17.000,00             0,00             0,00         17.000,00 
        Domi Construtora                                            110.000,00             0,00             0,00        110.000,00 
        Eletron Watts                                                 8.000,00             0,00             0,00          8.000,00 
        JMA                                                           1.000,00             0,00             0,00          1.000,00 
        Max Aurora - Veiga                                           28.930,97             0,00             0,00         28.930,97 
        Nova Mobi                                                     1.500,00             0,00             0,00          1.500,00 
        Padaria Rosarinho                                            28.000,00             0,00             0,00         28.000,00 
        Parvi segur. Plus Imoveis                                   128.442,42             0,00             0,00        128.442,42 
        Recibom                                                      66.666,66             0,00             0,00         66.666,66 
        Supermix                                                     70.420,36             0,00             0,00         70.420,36 
        São Mateus  - passivo                                        27.628,65             0,00             0,00         27.628,65 
        Vaga Engenharia                                              15.000,00             0,00             0,00         15.000,00 

      ** Total de CLIENTES                                          644.939,06             0,00             0,00        644.939,06 

    ** Total de ADIANT. RECEBIDOS                                   644.939,06             0,00             0,00        644.939,06 

    IMPOSTOS E TRIBUTOS                                      

      MUNICIPAIS                                             
        Foro Olinda - Programação                                       367,17             0,00             0,00            367,17 
        ISS - Programação                                               973,04             0,00             0,00            973,04 

      ** Total de MUNICIPAIS                                          1.340,21             0,00             0,00          1.340,21 

      FEDERAIS                                               
        CSLL - Programação                                            6.947,63             0,00             0,00          6.947,63 
        INSS - Programação                                           96.046,00             0,00             0,00         96.046,00 
        IRPJ - Programação                                            1.527,90             0,00             0,00          1.527,90 

      ** Total de FEDERAIS                                          104.521,53             0,00             0,00        104.521,53 

      ESTADUAIS                                              
        DETRAN - PE                                                  (2.719,01)            0,00             0,00         (2.719,01)
        SEFAZ                                                        24.970,18             0,00             0,00         24.970,18 

      ** Total de ESTADUAIS                                          22.251,17             0,00             0,00         22.251,17 

    ** Total de IMPOSTOS E TRIBUTOS                                 128.112,91             0,00             0,00        128.112,91 

    SALARIOS/ PROVENTOS                                      
      Pró-labore - programação                                     (141.904,99)            0,00             0,00       (141.904,99)

    ** Total de SALARIOS/ PROVENTOS                                (141.904,99)            0,00             0,00       (141.904,99)

  ** Total de CIRCULANTE                                            837.150,34         6.630,65        20.304,97        850.824,66 

** Total de PASSIVO                                                 837.150,34         6.630,65        20.304,97        850.824,66 
