WK Sistemas - Demonstração                                              BALANCETE     PERÍODO DE 09/05/24 ATÉ 09/05/24   FOLHA    1
                                                                                                         Data de Emissão : 07/05/24
        NOME                                                    SALDO ANTERIOR          DÉBITOS         CRÉDITOS       SALDO ATUAL


PASSIVO                                                      

  CIRCULANTE                                                 

    FORNECEDORES                                             
      AGR Ambiental                                                   2.414,42             0,00             0,00          2.414,42 
      BR Peças e Serviços                                             1.995,00             0,00             0,00          1.995,00 
      Bartô Hidráulica                                                4.000,00             0,00             0,00          4.000,00 
      Casa do Ar p/ Autos                                             2.015,00             0,00             0,00          2.015,00 
      Falcon Vigilância                                                 403,92             0,00             0,00            403,92 
      Gráfica Valdemir                                                  750,00             0,00             0,00            750,00 
      JBM Auto Car                                                      725,00             0,00             0,00            725,00 
      L&G Contabil                                                    1.500,00             0,00             0,00          1.500,00 
      Locape                                                              0,00             0,00           735,00            735,00 
      MC Gases                                                          220,00             0,00             0,00            220,00 
      Oficina de Molas Bom Jesus                                      1.606,00             0,00             0,00          1.606,00 
      Oi Fibra                                                          399,22             0,00             0,00            399,22 
      Pneubom                                                           130,00             0,00             0,00            130,00 
      RCC Recicladora                                                 7.000,00             0,00             0,00          7.000,00 
      Silvia Fardamentos                                              1.000,00             0,00             0,00          1.000,00 
      Vertical Peças                                                    617,90             0,00             0,00            617,90 

    ** Total de FORNECEDORES                                         24.776,46             0,00           735,00         25.511,46 

    SERVIÇOS TERCEIRIZADOS                                   

      CAÇAMBEIROS                                            

        CAÇAMBAS DIVERSAS                                    
          CB Ailton                                                  12.410,00             0,00             0,00         12.410,00 
          CB Giliard                                                  2.000,00             0,00             0,00          2.000,00 
          CB Lourenço                                                 2.800,00             0,00             0,00          2.800,00 

          FLORIANO                                           
            CB HVC-1036 Jean                                          9.857,34             0,00             0,00          9.857,34 
            CB JQR-2H64 Nem                                          11.341,00             0,00             0,00         11.341,00 

          ** Total de FLORIANO                                       21.198,34             0,00             0,00         21.198,34 

        ** Total de CAÇAMBAS DIVERSAS                                38.408,34             0,00             0,00         38.408,34 

      ** Total de CAÇAMBEIROS                                        38.408,34             0,00             0,00         38.408,34 

      OUTROS SERVIÇOS                                        
        Diogo Alves                                                   1.000,00             0,00             0,00          1.000,00 
        João Aprigio                                                 12.500,00             0,00             0,00         12.500,00 
        Regi Demolição                                              (14.374,00)            0,00             0,00        (14.374,00)
        Roberto Pedreiro                                               (680,00)            0,00             0,00           (680,00)
        Samuel Mecânico                                               1.500,00             0,00             0,00          1.500,00 

      ** Total de OUTROS SERVIÇOS                                       (54,00)            0,00             0,00            (54,00)

    ** Total de SERVIÇOS TERCEIRIZADOS                               38.354,34             0,00             0,00         38.354,34 

    EMPRESTIMENTOS E FINANCIAMENTOS                          

      BANCOS                                                 
        Bradesco - Capital de Giro                                      170,34             0,00             0,00            170,34 
        Bradesco - Caçamba MGS                                          253,23             0,00             0,00            253,23 
        Bradesco - EH 01                                              1.611,29             0,00             0,00          1.611,29 
        Bradesco - Iveco                                              1.159,65             0,00             0,00          1.159,65 

      ** Total de BANCOS                                              3.194,51             0,00             0,00          3.194,51 

      TERCEIROS                                              
        Antonio Jr                                                  120.438,14             0,00             0,00        120.438,14 

      ** Total de TERCEIROS                                         120.438,14             0,00             0,00        120.438,14 

      CARTOES DE CREDITO                                     
        Cartão Inter Jr                                                  82,00             0,00             0,00             82,00 
        Cartão Magalu                                                (1.114,58)            0,00             0,00         (1.114,58)
        Cartão Nem                                                      155,80             0,00             0,00            155,80 
        Hipercard                                                   (12.028,74)            0,00             0,00        (12.028,74)

      ** Total de CARTOES DE CREDITO                                (12.905,52)            0,00             0,00        (12.905,52)

    ** Total de EMPRESTIMENTOS E FINANCIAMENTOS                     110.727,13             0,00             0,00        110.727,13 

    ADIANT. RECEBIDOS                                        

      CLIENTES                                               
        Açomais                                                         650,00             0,00             0,00            650,00 
        BLG Negócios                                                  3.700,00             0,00             0,00          3.700,00 
WK Sistemas - Demonstração                                              BALANCETE     PERÍODO DE 09/05/24 ATÉ 09/05/24   FOLHA    2
                                                                                                         Data de Emissão : 07/05/24
        NOME                                                    SALDO ANTERIOR          DÉBITOS         CRÉDITOS       SALDO ATUAL

        CJ Engenharia                                                18.000,00             0,00             0,00         18.000,00 
        Const Santo Antonio                                         120.000,00             0,00             0,00        120.000,00 
        Diogo Sítio                                                  17.000,00             0,00             0,00         17.000,00 
        Domi Construtora                                            110.000,00             0,00             0,00        110.000,00 
        Eletron Watts                                                 8.000,00             0,00             0,00          8.000,00 
        JMA                                                           1.000,00             0,00             0,00          1.000,00 
        Max Aurora - Veiga                                           28.930,97             0,00             0,00         28.930,97 
        Nova Mobi                                                     1.500,00             0,00             0,00          1.500,00 
        Padaria Rosarinho                                            28.000,00             0,00             0,00         28.000,00 
        Parvi segur. Plus Imoveis                                    38.532,88             0,00             0,00         38.532,88 
        Recibom                                                      66.666,66             0,00             0,00         66.666,66 
        Vaga Engenharia                                              15.000,00             0,00             0,00         15.000,00 

      ** Total de CLIENTES                                          456.980,51             0,00             0,00        456.980,51 

    ** Total de ADIANT. RECEBIDOS                                   456.980,51             0,00             0,00        456.980,51 

    IMPOSTOS E TRIBUTOS                                      

      MUNICIPAIS                                             
        CIM - Programação                                            13.021,83             0,00             0,00         13.021,83 
        Foro Olinda - Programação                                       367,17             0,00             0,00            367,17 
        ISS - Programação                                               973,04             0,00             0,00            973,04 

      ** Total de MUNICIPAIS                                         14.362,04             0,00             0,00         14.362,04 

      FEDERAIS                                               
        CSLL - Programação                                            6.947,63             0,00             0,00          6.947,63 
        FGTS - Programação                                            1.775,16             0,00             0,00          1.775,16 
        INSS - Programação                                           96.046,00             0,00             0,00         96.046,00 
        IRPJ - Programação                                            1.327,90             0,00             0,00          1.327,90 

      ** Total de FEDERAIS                                          106.096,69             0,00             0,00        106.096,69 

      ESTADUAIS                                              
        DETRAN - PE                                                   4.904,67             0,00             0,00          4.904,67 
        SEFAZ                                                        24.970,18             0,00             0,00         24.970,18 

      ** Total de ESTADUAIS                                          29.874,85             0,00             0,00         29.874,85 

    ** Total de IMPOSTOS E TRIBUTOS                                 150.333,58             0,00             0,00        150.333,58 

    SALARIOS/ PROVENTOS                                      
      Pró-labore - programação                                     (113.077,27)            0,00             0,00       (113.077,27)

    ** Total de SALARIOS/ PROVENTOS                                (113.077,27)            0,00             0,00       (113.077,27)

  ** Total de CIRCULANTE                                            668.094,75             0,00           735,00        668.829,75 

** Total de PASSIVO                                                 668.094,75             0,00           735,00        668.829,75 
