WK Sistemas - Demonstração                                         RAZÄO N.    3              DE 01/01/23 ATÉ 23/05/24    PAG.    1
                                                                                                         Data de Emissão : 23/05/24
  DATA   HISTÓRICO                                     CONTRAPARTIDA   CHAVE            DÉBITO           CRÉDITO             SALDO


          572  1.3.01                 MAQUINAS, EQUIP. E VEICULOS             
CONTA:   5233  1.3.01.01              RE - JCB - 04                                               
29/09/23 Valor Ref. Pagto do Financiamento da JCB - Parc 1/57          66737          7.543,86                            7.543,86D
16/10/23 Valor  Ref.  Pagto  do  Financiamento  da JCB - Parc
         2/57 (Coqueiral Park)                                         70670          7.543,86                           15.087,72D
30/10/23 Valor  Ref.  Pagto  do  Financiamento  da JCB - Parc
         3/57 (Coqueiral Park)                                         74381          7.543,86                           22.631,58D
28/11/23 Valor  Ref.  Pagto  do  Financiamento  da JCB - Parc
         4/57 (Coqueiral Park)                                         82023          7.543,86                           30.175,44D
09/01/24 Valor  Ref.  Pagto  do  Financiamento  da JCB - Parc
         5/57 (Coqueiral Park)                                         97306          7.543,86                           37.719,30D
02/02/24 Valor  Ref.  Pagto  do  Financiamento  da JCB - Parc
         6/57 (Coqueiral Park)                                        104141          7.543,86                           45.263,16D
04/03/24 Valor  Ref.  Pagto  do  Financiamento  da JCB - Parc
         7/57 (Coqueiral Park)                                        113735          7.543,86                           52.807,02D
28/03/24 Valor Ref. Pagto do Financiamento da JCB - Parc 8/57         118486          7.543,86                           60.350,88D
26/04/24 Valor Ref. Pagto do Financiamento da JCB - Parc 9/57         128180          7.543,86                           67.894,74D
                                                                  TOTAIS =           67.894,74              0,00         67.894,74D
*******
       **
         **
           **
             **
               **
                 **
                   **
                     **
                       **
                         **
                           **
                             **
                               **
                                 **
                                   **
                                     **
                                       **
                                         **
                                           **
                                             **
                                               **
                                                 **
                                                   **
                                                     **
                                                       **
                                                         **
                                                           **
                                                             **
                                                               **
                                                                 **
                                                                   **
                                                                     **
                                                                       **
                                                                         **
                                                                           **
                                                                             **
                                                                               **
                                                                                 **
                                                                                   **
                                                                                     **
                                                                                       **
                                                                                         **
                                                                                           **
                                                                                             **
                                                                                               **
                                                                                                 **
                                                                                                   **
                                                                                                     **
                                                                                                       **
                                                                                                         **
                                                                                                           **
                                                                                                             **
                                                                                                               **
                                                                                                                 **
                                                                                                                   **
                                                                                                                     **
                                                                                                                       **
                                                                                                                         **
                                                                                                                           **
                                                                                                                             *******
