WK Sistemas - Demonstração                                              BALANCETE     PERÍODO DE 05/04/24 ATÉ 05/04/24   FOLHA    1
                                                                                                         Data de Emissão : 04/04/24
        NOME                                                    SALDO ANTERIOR          DÉBITOS         CRÉDITOS       SALDO ATUAL


PASSIVO                                                      

  CIRCULANTE                                                 

    FORNECEDORES                                             
      BR Peças e Serviços                                             1.995,00             0,00             0,00          1.995,00 
      Bartô Hidráulica                                                4.000,00             0,00             0,00          4.000,00 
      CELPE                                                           1.140,35             0,00             0,00          1.140,35 
      Casa do Ar p/ Autos                                             2.015,00             0,00             0,00          2.015,00 
      Falcon Vigilância                                                 403,92             0,00           201,96            605,88 
      Gráfica Valdemir                                                  280,00             0,00             0,00            280,00 
      Kropneus                                                            0,00             0,00         1.915,00          1.915,00 
      L&G Contabil                                                    1.500,00             0,00             0,00          1.500,00 
      M&J Peças                                                           0,00             0,00         2.005,00          2.005,00 
      MC Gases                                                        1.500,00             0,00             0,00          1.500,00 
      Oficina de Molas Bom Jesus                                       (199,00)            0,00             0,00           (199,00)
      Oi Fibra                                                          328,64             0,00             0,00            328,64 
      Pneubom                                                           285,00             0,00             0,00            285,00 
      RCC Recicladora                                                 7.000,00             0,00             0,00          7.000,00 
      Silvia Fardamentos                                              1.000,00             0,00             0,00          1.000,00 

    ** Total de FORNECEDORES                                         21.248,91             0,00         4.121,96         25.370,87 

    SERVIÇOS TERCEIRIZADOS                                   

      CAÇAMBEIROS                                            

        CAÇAMBAS DIVERSAS                                    
          CB Ailton                                                     880,00             0,00             0,00            880,00 
          CB Cleber "Jogador"                                         2.400,00             0,00             0,00          2.400,00 
          CB Giliard                                                  1.800,00             0,00             0,00          1.800,00 
          CB Lourenço                                                 7.600,00             0,00             0,00          7.600,00 

          FLORIANO                                           
            CB HVC-1036 Jean                                          1.518,00             0,00             0,00          1.518,00 
            CB JQR-2H64 Nem                                           1.285,81             0,00             0,00          1.285,81 

          ** Total de FLORIANO                                        2.803,81             0,00             0,00          2.803,81 

        ** Total de CAÇAMBAS DIVERSAS                                15.483,81             0,00             0,00         15.483,81 

      ** Total de CAÇAMBEIROS                                        15.483,81             0,00             0,00         15.483,81 

      OUTROS SERVIÇOS                                        
        Diogo Alves                                                   1.000,00             0,00             0,00          1.000,00 
        João Aprigio                                                 14.500,00             0,00             0,00         14.500,00 
        Regi Demolição                                              (14.155,50)            0,00             0,00        (14.155,50)
        Roberto Pedreiro                                               (680,00)            0,00             0,00           (680,00)
        Samuel Mecânico                                               1.500,00             0,00             0,00          1.500,00 

      ** Total de OUTROS SERVIÇOS                                     2.164,50             0,00             0,00          2.164,50 

    ** Total de SERVIÇOS TERCEIRIZADOS                               17.648,31             0,00             0,00         17.648,31 

    EMPRESTIMENTOS E FINANCIAMENTOS                          

      BANCOS                                                 
        Bradesco - Capital de Giro                                      340,68             0,00             0,00            340,68 
        Bradesco - Caçamba MGS                                          253,23             0,00             0,00            253,23 
        Bradesco - EH 01                                              3.222,58             0,00             0,00          3.222,58 
        Bradesco - Iveco                                              2.552,27             0,00             0,00          2.552,27 

      ** Total de BANCOS                                              6.368,76             0,00             0,00          6.368,76 

      TERCEIROS                                              
        Antonio Jr                                                  122.438,14             0,00             0,00        122.438,14 

      ** Total de TERCEIROS                                         122.438,14             0,00             0,00        122.438,14 

      CARTOES DE CREDITO                                     
        Cartão Inter - Transp                                         1.645,21             0,00             0,00          1.645,21 
        Cartão Inter Jr                                                  82,00             0,00             0,00             82,00 
        Cartão Nem                                                     (183,32)            0,00             0,00           (183,32)
        Hipercard                                                   (11.128,71)            0,00           569,83        (10.558,88)

      ** Total de CARTOES DE CREDITO                                 (9.584,82)            0,00           569,83         (9.014,99)

    ** Total de EMPRESTIMENTOS E FINANCIAMENTOS                     119.222,08             0,00           569,83        119.791,91 

    ADIANT. RECEBIDOS                                        

      CLIENTES                                               
        Açomais                                                         650,00             0,00             0,00            650,00 
        BLG Negócios                                                  3.700,00             0,00             0,00          3.700,00 
WK Sistemas - Demonstração                                              BALANCETE     PERÍODO DE 05/04/24 ATÉ 05/04/24   FOLHA    2
                                                                                                         Data de Emissão : 04/04/24
        NOME                                                    SALDO ANTERIOR          DÉBITOS         CRÉDITOS       SALDO ATUAL

        Const Santo Antonio                                         120.000,00             0,00             0,00        120.000,00 
        Diogo Sítio                                                  17.000,00             0,00             0,00         17.000,00 
        Eletron Watts                                                 8.000,00             0,00             0,00          8.000,00 
        JMA                                                           1.000,00             0,00             0,00          1.000,00 
        Nova Mobi                                                     1.500,00             0,00             0,00          1.500,00 
        Recibom                                                      66.666,66             0,00             0,00         66.666,66 
        Vaga Engenharia                                              15.000,00             0,00             0,00         15.000,00 

      ** Total de CLIENTES                                          233.516,66             0,00             0,00        233.516,66 

    ** Total de ADIANT. RECEBIDOS                                   233.516,66             0,00             0,00        233.516,66 

    IMPOSTOS E TRIBUTOS                                      

      MUNICIPAIS                                             
        CIM - Programação                                            13.021,83             0,00             0,00         13.021,83 
        Foro Olinda - Programação                                       367,17             0,00             0,00            367,17 
        ISS - Programação                                               973,04             0,00             0,00            973,04 

      ** Total de MUNICIPAIS                                         14.362,04             0,00             0,00         14.362,04 

      FEDERAIS                                               
        COFINS - Programação                                            604,12             0,00             0,00            604,12 
        CSLL - Programação                                            2.829,69             0,00             0,00          2.829,69 
        FGTS - Programação                                                0,00             0,00         1.650,06          1.650,06 
        INSS - Programação                                           96.046,00             0,00             0,00         96.046,00 
        IRPJ - Programação                                              927,90             0,00             0,00            927,90 
        PIS - Programação                                               130,89             0,00             0,00            130,89 

      ** Total de FEDERAIS                                          100.538,60             0,00         1.650,06        102.188,66 

      ESTADUAIS                                              
        DETRAN - PE                                                   4.904,67             0,00           159,99          5.064,66 
        SEFAZ                                                        24.970,18             0,00             0,00         24.970,18 

      ** Total de ESTADUAIS                                          29.874,85             0,00           159,99         30.034,84 

    ** Total de IMPOSTOS E TRIBUTOS                                 144.775,49             0,00         1.810,05        146.585,54 

    SALARIOS/ PROVENTOS                                      
      Pró-labore - programação                                      (94.730,44)            0,00             0,00        (94.730,44)

    ** Total de SALARIOS/ PROVENTOS                                 (94.730,44)            0,00             0,00        (94.730,44)

  ** Total de CIRCULANTE                                            441.681,01             0,00         6.501,84        448.182,85 

** Total de PASSIVO                                                 441.681,01             0,00         6.501,84        448.182,85 
